[rank 0] -> n0
[rank 1] -> n1
[rank 2] -> n2
[rank 3] -> n3
[rank 4] -> n4
[rank 5] -> n5
[rank 6] -> n6
[rank 7] -> n7
[rank 8] -> n8
[rank 9] -> n9
[rank 10] -> n10
[rank 11] -> n11
[rank 12] -> n12
[rank 13] -> n13
[rank 14] -> n14
[rank 15] -> n15
[0.000000] [xbt_cfg/INFO] Configuration change: Set 'smpi/privatization' to '1'
[0.000000] [xbt_cfg/INFO] Configuration change: Set 'surf/precision' to '1e-9'
[0.000000] [xbt_cfg/INFO] Configuration change: Set 'network/model' to 'SMPI'
[0.000000] [xbt_cfg/INFO] Configuration change: Set 'exception/cutpath' to '1'
[0.000000] [xbt_cfg/INFO] Configuration change: Set 'smpi/display-timing' to '1'
[0.000000] [xbt_cfg/INFO] Configuration change: Set 'smpi/process_of_node' to '4'
[0.000000] [xbt_cfg/INFO] Configuration change: Set 'smpi/pipeline_segment_number' to '2'
[0.000000] [xbt_cfg/INFO] Configuration change: Set 'smpi/allreduce' to 'ntt_lr_lr_pipeline'
[0.000000] [xbt_cfg/INFO] Configuration change: Set 'contexts/nthreads' to '1'
[0.000000] [xbt_cfg/INFO] Configuration change: Set 'cpu/optim' to 'Lazy'
[0.000000] [xbt_cfg/INFO] Configuration change: Set 'maxmin/precision' to '1e-4'
[0.000000] [surf_parse/INFO] The custom configuration 'network/model' is already defined by user!
[0.000000] [xbt_cfg/INFO] Configuration change: Set 'network/optim' to 'Lazy'
[0.000000] [xbt_cfg/INFO] Configuration change: Set 'smpi/cpu-threshold' to '0.00000000001'
[0.000000] [surf_parse/INFO] The custom configuration 'smpi/display-timing' is already defined by user!
[0.000000] [xbt_cfg/INFO] Configuration change: Set 'smpi/host-speed' to '50000000000.0'
n0: 0/16,weight size: 134217728, iteration: 1
[n15:15:(16) 0.000570] /home/nguyen/ai/allreduce_simulate/SimGrid-3.19/src/smpi/colls/allreduce/allreduce-ntt-lr-lr-pipeline.cpp:37: [smpi_colls/WARNING] [NNNN] [15] Start function
[n15:15:(16) 0.000570] /home/nguyen/ai/allreduce_simulate/SimGrid-3.19/src/smpi/colls/allreduce/allreduce-ntt-lr-lr-pipeline.cpp:100: [smpi_colls/WARNING] [NNNN] [15] segment_count 16777216, segment_size 32, 
[n15:15:(16) 0.000570] /home/nguyen/ai/allreduce_simulate/SimGrid-3.19/src/smpi/colls/allreduce/allreduce-ntt-lr-lr-pipeline.cpp:127: [smpi_colls/WARNING] [NNNN] [15] intra_segment_count 4194304, inter_segment_count 1048576,intra_count 8388608, inter_count 2097152
[n15:15:(16) 0.000570] /home/nguyen/ai/allreduce_simulate/SimGrid-3.19/src/smpi/colls/allreduce/allreduce-ntt-lr-lr-pipeline.cpp:130: [smpi_colls/WARNING] [NNNN] [15] number_segments 2, rcount 33554432
[n15:15:(16) 0.000570] /home/nguyen/ai/allreduce_simulate/SimGrid-3.19/src/smpi/colls/allreduce/allreduce-ntt-lr-lr-pipeline.cpp:134: [smpi_colls/WARNING] [NNNN] [15] Step 0
[n15:15:(16) 0.000570] /home/nguyen/ai/allreduce_simulate/SimGrid-3.19/src/smpi/colls/allreduce/allreduce-ntt-lr-lr-pipeline.cpp:165: [smpi_colls/WARNING] [NNNN] [15] intra lr reduce-scatter for step 0
[n14:14:(15) 0.000572] /home/nguyen/ai/allreduce_simulate/SimGrid-3.19/src/smpi/colls/allreduce/allreduce-ntt-lr-lr-pipeline.cpp:37: [smpi_colls/WARNING] [NNNN] [14] Start function
[n14:14:(15) 0.000572] /home/nguyen/ai/allreduce_simulate/SimGrid-3.19/src/smpi/colls/allreduce/allreduce-ntt-lr-lr-pipeline.cpp:100: [smpi_colls/WARNING] [NNNN] [14] segment_count 16777216, segment_size 32, 
[n14:14:(15) 0.000572] /home/nguyen/ai/allreduce_simulate/SimGrid-3.19/src/smpi/colls/allreduce/allreduce-ntt-lr-lr-pipeline.cpp:127: [smpi_colls/WARNING] [NNNN] [14] intra_segment_count 4194304, inter_segment_count 1048576,intra_count 8388608, inter_count 2097152
[n14:14:(15) 0.000572] /home/nguyen/ai/allreduce_simulate/SimGrid-3.19/src/smpi/colls/allreduce/allreduce-ntt-lr-lr-pipeline.cpp:130: [smpi_colls/WARNING] [NNNN] [14] number_segments 2, rcount 33554432
[n14:14:(15) 0.000572] /home/nguyen/ai/allreduce_simulate/SimGrid-3.19/src/smpi/colls/allreduce/allreduce-ntt-lr-lr-pipeline.cpp:134: [smpi_colls/WARNING] [NNNN] [14] Step 0
[n14:14:(15) 0.000572] /home/nguyen/ai/allreduce_simulate/SimGrid-3.19/src/smpi/colls/allreduce/allreduce-ntt-lr-lr-pipeline.cpp:165: [smpi_colls/WARNING] [NNNN] [14] intra lr reduce-scatter for step 0
[n13:13:(14) 0.000572] /home/nguyen/ai/allreduce_simulate/SimGrid-3.19/src/smpi/colls/allreduce/allreduce-ntt-lr-lr-pipeline.cpp:37: [smpi_colls/WARNING] [NNNN] [13] Start function
[n13:13:(14) 0.000572] /home/nguyen/ai/allreduce_simulate/SimGrid-3.19/src/smpi/colls/allreduce/allreduce-ntt-lr-lr-pipeline.cpp:100: [smpi_colls/WARNING] [NNNN] [13] segment_count 16777216, segment_size 32, 
[n13:13:(14) 0.000572] /home/nguyen/ai/allreduce_simulate/SimGrid-3.19/src/smpi/colls/allreduce/allreduce-ntt-lr-lr-pipeline.cpp:127: [smpi_colls/WARNING] [NNNN] [13] intra_segment_count 4194304, inter_segment_count 1048576,intra_count 8388608, inter_count 2097152
[n13:13:(14) 0.000572] /home/nguyen/ai/allreduce_simulate/SimGrid-3.19/src/smpi/colls/allreduce/allreduce-ntt-lr-lr-pipeline.cpp:130: [smpi_colls/WARNING] [NNNN] [13] number_segments 2, rcount 33554432
[n13:13:(14) 0.000572] /home/nguyen/ai/allreduce_simulate/SimGrid-3.19/src/smpi/colls/allreduce/allreduce-ntt-lr-lr-pipeline.cpp:134: [smpi_colls/WARNING] [NNNN] [13] Step 0
[n13:13:(14) 0.000572] /home/nguyen/ai/allreduce_simulate/SimGrid-3.19/src/smpi/colls/allreduce/allreduce-ntt-lr-lr-pipeline.cpp:165: [smpi_colls/WARNING] [NNNN] [13] intra lr reduce-scatter for step 0
[n9:9:(10) 0.000572] /home/nguyen/ai/allreduce_simulate/SimGrid-3.19/src/smpi/colls/allreduce/allreduce-ntt-lr-lr-pipeline.cpp:37: [smpi_colls/WARNING] [NNNN] [9] Start function
[n9:9:(10) 0.000572] /home/nguyen/ai/allreduce_simulate/SimGrid-3.19/src/smpi/colls/allreduce/allreduce-ntt-lr-lr-pipeline.cpp:100: [smpi_colls/WARNING] [NNNN] [9] segment_count 16777216, segment_size 32, 
[n9:9:(10) 0.000572] /home/nguyen/ai/allreduce_simulate/SimGrid-3.19/src/smpi/colls/allreduce/allreduce-ntt-lr-lr-pipeline.cpp:127: [smpi_colls/WARNING] [NNNN] [9] intra_segment_count 4194304, inter_segment_count 1048576,intra_count 8388608, inter_count 2097152
[n9:9:(10) 0.000572] /home/nguyen/ai/allreduce_simulate/SimGrid-3.19/src/smpi/colls/allreduce/allreduce-ntt-lr-lr-pipeline.cpp:130: [smpi_colls/WARNING] [NNNN] [9] number_segments 2, rcount 33554432
[n9:9:(10) 0.000572] /home/nguyen/ai/allreduce_simulate/SimGrid-3.19/src/smpi/colls/allreduce/allreduce-ntt-lr-lr-pipeline.cpp:134: [smpi_colls/WARNING] [NNNN] [9] Step 0
[n9:9:(10) 0.000572] /home/nguyen/ai/allreduce_simulate/SimGrid-3.19/src/smpi/colls/allreduce/allreduce-ntt-lr-lr-pipeline.cpp:165: [smpi_colls/WARNING] [NNNN] [9] intra lr reduce-scatter for step 0
[n10:10:(11) 0.000572] /home/nguyen/ai/allreduce_simulate/SimGrid-3.19/src/smpi/colls/allreduce/allreduce-ntt-lr-lr-pipeline.cpp:37: [smpi_colls/WARNING] [NNNN] [10] Start function
[n10:10:(11) 0.000572] /home/nguyen/ai/allreduce_simulate/SimGrid-3.19/src/smpi/colls/allreduce/allreduce-ntt-lr-lr-pipeline.cpp:100: [smpi_colls/WARNING] [NNNN] [10] segment_count 16777216, segment_size 32, 
[n10:10:(11) 0.000572] /home/nguyen/ai/allreduce_simulate/SimGrid-3.19/src/smpi/colls/allreduce/allreduce-ntt-lr-lr-pipeline.cpp:127: [smpi_colls/WARNING] [NNNN] [10] intra_segment_count 4194304, inter_segment_count 1048576,intra_count 8388608, inter_count 2097152
[n10:10:(11) 0.000572] /home/nguyen/ai/allreduce_simulate/SimGrid-3.19/src/smpi/colls/allreduce/allreduce-ntt-lr-lr-pipeline.cpp:130: [smpi_colls/WARNING] [NNNN] [10] number_segments 2, rcount 33554432
[n10:10:(11) 0.000572] /home/nguyen/ai/allreduce_simulate/SimGrid-3.19/src/smpi/colls/allreduce/allreduce-ntt-lr-lr-pipeline.cpp:134: [smpi_colls/WARNING] [NNNN] [10] Step 0
[n10:10:(11) 0.000572] /home/nguyen/ai/allreduce_simulate/SimGrid-3.19/src/smpi/colls/allreduce/allreduce-ntt-lr-lr-pipeline.cpp:165: [smpi_colls/WARNING] [NNNN] [10] intra lr reduce-scatter for step 0
[n12:12:(13) 0.000572] /home/nguyen/ai/allreduce_simulate/SimGrid-3.19/src/smpi/colls/allreduce/allreduce-ntt-lr-lr-pipeline.cpp:37: [smpi_colls/WARNING] [NNNN] [12] Start function
[n12:12:(13) 0.000572] /home/nguyen/ai/allreduce_simulate/SimGrid-3.19/src/smpi/colls/allreduce/allreduce-ntt-lr-lr-pipeline.cpp:100: [smpi_colls/WARNING] [NNNN] [12] segment_count 16777216, segment_size 32, 
[n12:12:(13) 0.000572] /home/nguyen/ai/allreduce_simulate/SimGrid-3.19/src/smpi/colls/allreduce/allreduce-ntt-lr-lr-pipeline.cpp:127: [smpi_colls/WARNING] [NNNN] [12] intra_segment_count 4194304, inter_segment_count 1048576,intra_count 8388608, inter_count 2097152
[n12:12:(13) 0.000572] /home/nguyen/ai/allreduce_simulate/SimGrid-3.19/src/smpi/colls/allreduce/allreduce-ntt-lr-lr-pipeline.cpp:130: [smpi_colls/WARNING] [NNNN] [12] number_segments 2, rcount 33554432
[n12:12:(13) 0.000572] /home/nguyen/ai/allreduce_simulate/SimGrid-3.19/src/smpi/colls/allreduce/allreduce-ntt-lr-lr-pipeline.cpp:134: [smpi_colls/WARNING] [NNNN] [12] Step 0
[n12:12:(13) 0.000572] /home/nguyen/ai/allreduce_simulate/SimGrid-3.19/src/smpi/colls/allreduce/allreduce-ntt-lr-lr-pipeline.cpp:165: [smpi_colls/WARNING] [NNNN] [12] intra lr reduce-scatter for step 0
[n8:8:(9) 0.000572] /home/nguyen/ai/allreduce_simulate/SimGrid-3.19/src/smpi/colls/allreduce/allreduce-ntt-lr-lr-pipeline.cpp:37: [smpi_colls/WARNING] [NNNN] [8] Start function
[n8:8:(9) 0.000572] /home/nguyen/ai/allreduce_simulate/SimGrid-3.19/src/smpi/colls/allreduce/allreduce-ntt-lr-lr-pipeline.cpp:100: [smpi_colls/WARNING] [NNNN] [8] segment_count 16777216, segment_size 32, 
[n8:8:(9) 0.000572] /home/nguyen/ai/allreduce_simulate/SimGrid-3.19/src/smpi/colls/allreduce/allreduce-ntt-lr-lr-pipeline.cpp:127: [smpi_colls/WARNING] [NNNN] [8] intra_segment_count 4194304, inter_segment_count 1048576,intra_count 8388608, inter_count 2097152
[n8:8:(9) 0.000572] /home/nguyen/ai/allreduce_simulate/SimGrid-3.19/src/smpi/colls/allreduce/allreduce-ntt-lr-lr-pipeline.cpp:130: [smpi_colls/WARNING] [NNNN] [8] number_segments 2, rcount 33554432
[n8:8:(9) 0.000572] /home/nguyen/ai/allreduce_simulate/SimGrid-3.19/src/smpi/colls/allreduce/allreduce-ntt-lr-lr-pipeline.cpp:134: [smpi_colls/WARNING] [NNNN] [8] Step 0
[n8:8:(9) 0.000572] /home/nguyen/ai/allreduce_simulate/SimGrid-3.19/src/smpi/colls/allreduce/allreduce-ntt-lr-lr-pipeline.cpp:165: [smpi_colls/WARNING] [NNNN] [8] intra lr reduce-scatter for step 0
[n6:6:(7) 0.000572] /home/nguyen/ai/allreduce_simulate/SimGrid-3.19/src/smpi/colls/allreduce/allreduce-ntt-lr-lr-pipeline.cpp:37: [smpi_colls/WARNING] [NNNN] [6] Start function
[n6:6:(7) 0.000572] /home/nguyen/ai/allreduce_simulate/SimGrid-3.19/src/smpi/colls/allreduce/allreduce-ntt-lr-lr-pipeline.cpp:100: [smpi_colls/WARNING] [NNNN] [6] segment_count 16777216, segment_size 32, 
[n6:6:(7) 0.000572] /home/nguyen/ai/allreduce_simulate/SimGrid-3.19/src/smpi/colls/allreduce/allreduce-ntt-lr-lr-pipeline.cpp:127: [smpi_colls/WARNING] [NNNN] [6] intra_segment_count 4194304, inter_segment_count 1048576,intra_count 8388608, inter_count 2097152
[n6:6:(7) 0.000572] /home/nguyen/ai/allreduce_simulate/SimGrid-3.19/src/smpi/colls/allreduce/allreduce-ntt-lr-lr-pipeline.cpp:130: [smpi_colls/WARNING] [NNNN] [6] number_segments 2, rcount 33554432
[n6:6:(7) 0.000572] /home/nguyen/ai/allreduce_simulate/SimGrid-3.19/src/smpi/colls/allreduce/allreduce-ntt-lr-lr-pipeline.cpp:134: [smpi_colls/WARNING] [NNNN] [6] Step 0
[n6:6:(7) 0.000572] /home/nguyen/ai/allreduce_simulate/SimGrid-3.19/src/smpi/colls/allreduce/allreduce-ntt-lr-lr-pipeline.cpp:165: [smpi_colls/WARNING] [NNNN] [6] intra lr reduce-scatter for step 0
[n11:11:(12) 0.000572] /home/nguyen/ai/allreduce_simulate/SimGrid-3.19/src/smpi/colls/allreduce/allreduce-ntt-lr-lr-pipeline.cpp:37: [smpi_colls/WARNING] [NNNN] [11] Start function
[n11:11:(12) 0.000572] /home/nguyen/ai/allreduce_simulate/SimGrid-3.19/src/smpi/colls/allreduce/allreduce-ntt-lr-lr-pipeline.cpp:100: [smpi_colls/WARNING] [NNNN] [11] segment_count 16777216, segment_size 32, 
[n11:11:(12) 0.000572] /home/nguyen/ai/allreduce_simulate/SimGrid-3.19/src/smpi/colls/allreduce/allreduce-ntt-lr-lr-pipeline.cpp:127: [smpi_colls/WARNING] [NNNN] [11] intra_segment_count 4194304, inter_segment_count 1048576,intra_count 8388608, inter_count 2097152
[n11:11:(12) 0.000572] /home/nguyen/ai/allreduce_simulate/SimGrid-3.19/src/smpi/colls/allreduce/allreduce-ntt-lr-lr-pipeline.cpp:130: [smpi_colls/WARNING] [NNNN] [11] number_segments 2, rcount 33554432
[n11:11:(12) 0.000572] /home/nguyen/ai/allreduce_simulate/SimGrid-3.19/src/smpi/colls/allreduce/allreduce-ntt-lr-lr-pipeline.cpp:134: [smpi_colls/WARNING] [NNNN] [11] Step 0
[n11:11:(12) 0.000572] /home/nguyen/ai/allreduce_simulate/SimGrid-3.19/src/smpi/colls/allreduce/allreduce-ntt-lr-lr-pipeline.cpp:165: [smpi_colls/WARNING] [NNNN] [11] intra lr reduce-scatter for step 0
[n7:7:(8) 0.000572] /home/nguyen/ai/allreduce_simulate/SimGrid-3.19/src/smpi/colls/allreduce/allreduce-ntt-lr-lr-pipeline.cpp:37: [smpi_colls/WARNING] [NNNN] [7] Start function
[n7:7:(8) 0.000572] /home/nguyen/ai/allreduce_simulate/SimGrid-3.19/src/smpi/colls/allreduce/allreduce-ntt-lr-lr-pipeline.cpp:100: [smpi_colls/WARNING] [NNNN] [7] segment_count 16777216, segment_size 32, 
[n7:7:(8) 0.000572] /home/nguyen/ai/allreduce_simulate/SimGrid-3.19/src/smpi/colls/allreduce/allreduce-ntt-lr-lr-pipeline.cpp:127: [smpi_colls/WARNING] [NNNN] [7] intra_segment_count 4194304, inter_segment_count 1048576,intra_count 8388608, inter_count 2097152
[n7:7:(8) 0.000572] /home/nguyen/ai/allreduce_simulate/SimGrid-3.19/src/smpi/colls/allreduce/allreduce-ntt-lr-lr-pipeline.cpp:130: [smpi_colls/WARNING] [NNNN] [7] number_segments 2, rcount 33554432
[n7:7:(8) 0.000572] /home/nguyen/ai/allreduce_simulate/SimGrid-3.19/src/smpi/colls/allreduce/allreduce-ntt-lr-lr-pipeline.cpp:134: [smpi_colls/WARNING] [NNNN] [7] Step 0
[n7:7:(8) 0.000572] /home/nguyen/ai/allreduce_simulate/SimGrid-3.19/src/smpi/colls/allreduce/allreduce-ntt-lr-lr-pipeline.cpp:165: [smpi_colls/WARNING] [NNNN] [7] intra lr reduce-scatter for step 0
[n5:5:(6) 0.000572] /home/nguyen/ai/allreduce_simulate/SimGrid-3.19/src/smpi/colls/allreduce/allreduce-ntt-lr-lr-pipeline.cpp:37: [smpi_colls/WARNING] [NNNN] [5] Start function
[n5:5:(6) 0.000572] /home/nguyen/ai/allreduce_simulate/SimGrid-3.19/src/smpi/colls/allreduce/allreduce-ntt-lr-lr-pipeline.cpp:100: [smpi_colls/WARNING] [NNNN] [5] segment_count 16777216, segment_size 32, 
[n5:5:(6) 0.000572] /home/nguyen/ai/allreduce_simulate/SimGrid-3.19/src/smpi/colls/allreduce/allreduce-ntt-lr-lr-pipeline.cpp:127: [smpi_colls/WARNING] [NNNN] [5] intra_segment_count 4194304, inter_segment_count 1048576,intra_count 8388608, inter_count 2097152
[n5:5:(6) 0.000572] /home/nguyen/ai/allreduce_simulate/SimGrid-3.19/src/smpi/colls/allreduce/allreduce-ntt-lr-lr-pipeline.cpp:130: [smpi_colls/WARNING] [NNNN] [5] number_segments 2, rcount 33554432
[n5:5:(6) 0.000572] /home/nguyen/ai/allreduce_simulate/SimGrid-3.19/src/smpi/colls/allreduce/allreduce-ntt-lr-lr-pipeline.cpp:134: [smpi_colls/WARNING] [NNNN] [5] Step 0
[n5:5:(6) 0.000572] /home/nguyen/ai/allreduce_simulate/SimGrid-3.19/src/smpi/colls/allreduce/allreduce-ntt-lr-lr-pipeline.cpp:165: [smpi_colls/WARNING] [NNNN] [5] intra lr reduce-scatter for step 0
[n4:4:(5) 0.000573] /home/nguyen/ai/allreduce_simulate/SimGrid-3.19/src/smpi/colls/allreduce/allreduce-ntt-lr-lr-pipeline.cpp:37: [smpi_colls/WARNING] [NNNN] [4] Start function
[n4:4:(5) 0.000573] /home/nguyen/ai/allreduce_simulate/SimGrid-3.19/src/smpi/colls/allreduce/allreduce-ntt-lr-lr-pipeline.cpp:100: [smpi_colls/WARNING] [NNNN] [4] segment_count 16777216, segment_size 32, 
[n4:4:(5) 0.000573] /home/nguyen/ai/allreduce_simulate/SimGrid-3.19/src/smpi/colls/allreduce/allreduce-ntt-lr-lr-pipeline.cpp:127: [smpi_colls/WARNING] [NNNN] [4] intra_segment_count 4194304, inter_segment_count 1048576,intra_count 8388608, inter_count 2097152
[n4:4:(5) 0.000573] /home/nguyen/ai/allreduce_simulate/SimGrid-3.19/src/smpi/colls/allreduce/allreduce-ntt-lr-lr-pipeline.cpp:130: [smpi_colls/WARNING] [NNNN] [4] number_segments 2, rcount 33554432
[n4:4:(5) 0.000573] /home/nguyen/ai/allreduce_simulate/SimGrid-3.19/src/smpi/colls/allreduce/allreduce-ntt-lr-lr-pipeline.cpp:134: [smpi_colls/WARNING] [NNNN] [4] Step 0
[n4:4:(5) 0.000573] /home/nguyen/ai/allreduce_simulate/SimGrid-3.19/src/smpi/colls/allreduce/allreduce-ntt-lr-lr-pipeline.cpp:165: [smpi_colls/WARNING] [NNNN] [4] intra lr reduce-scatter for step 0
[n3:3:(4) 0.000574] /home/nguyen/ai/allreduce_simulate/SimGrid-3.19/src/smpi/colls/allreduce/allreduce-ntt-lr-lr-pipeline.cpp:37: [smpi_colls/WARNING] [NNNN] [3] Start function
[n3:3:(4) 0.000574] /home/nguyen/ai/allreduce_simulate/SimGrid-3.19/src/smpi/colls/allreduce/allreduce-ntt-lr-lr-pipeline.cpp:100: [smpi_colls/WARNING] [NNNN] [3] segment_count 16777216, segment_size 32, 
[n3:3:(4) 0.000574] /home/nguyen/ai/allreduce_simulate/SimGrid-3.19/src/smpi/colls/allreduce/allreduce-ntt-lr-lr-pipeline.cpp:127: [smpi_colls/WARNING] [NNNN] [3] intra_segment_count 4194304, inter_segment_count 1048576,intra_count 8388608, inter_count 2097152
[n3:3:(4) 0.000574] /home/nguyen/ai/allreduce_simulate/SimGrid-3.19/src/smpi/colls/allreduce/allreduce-ntt-lr-lr-pipeline.cpp:130: [smpi_colls/WARNING] [NNNN] [3] number_segments 2, rcount 33554432
[n3:3:(4) 0.000574] /home/nguyen/ai/allreduce_simulate/SimGrid-3.19/src/smpi/colls/allreduce/allreduce-ntt-lr-lr-pipeline.cpp:134: [smpi_colls/WARNING] [NNNN] [3] Step 0
[n3:3:(4) 0.000574] /home/nguyen/ai/allreduce_simulate/SimGrid-3.19/src/smpi/colls/allreduce/allreduce-ntt-lr-lr-pipeline.cpp:165: [smpi_colls/WARNING] [NNNN] [3] intra lr reduce-scatter for step 0
[n2:2:(3) 0.000574] /home/nguyen/ai/allreduce_simulate/SimGrid-3.19/src/smpi/colls/allreduce/allreduce-ntt-lr-lr-pipeline.cpp:37: [smpi_colls/WARNING] [NNNN] [2] Start function
[n2:2:(3) 0.000574] /home/nguyen/ai/allreduce_simulate/SimGrid-3.19/src/smpi/colls/allreduce/allreduce-ntt-lr-lr-pipeline.cpp:100: [smpi_colls/WARNING] [NNNN] [2] segment_count 16777216, segment_size 32, 
[n2:2:(3) 0.000574] /home/nguyen/ai/allreduce_simulate/SimGrid-3.19/src/smpi/colls/allreduce/allreduce-ntt-lr-lr-pipeline.cpp:127: [smpi_colls/WARNING] [NNNN] [2] intra_segment_count 4194304, inter_segment_count 1048576,intra_count 8388608, inter_count 2097152
[n2:2:(3) 0.000574] /home/nguyen/ai/allreduce_simulate/SimGrid-3.19/src/smpi/colls/allreduce/allreduce-ntt-lr-lr-pipeline.cpp:130: [smpi_colls/WARNING] [NNNN] [2] number_segments 2, rcount 33554432
[n2:2:(3) 0.000574] /home/nguyen/ai/allreduce_simulate/SimGrid-3.19/src/smpi/colls/allreduce/allreduce-ntt-lr-lr-pipeline.cpp:134: [smpi_colls/WARNING] [NNNN] [2] Step 0
[n2:2:(3) 0.000574] /home/nguyen/ai/allreduce_simulate/SimGrid-3.19/src/smpi/colls/allreduce/allreduce-ntt-lr-lr-pipeline.cpp:165: [smpi_colls/WARNING] [NNNN] [2] intra lr reduce-scatter for step 0
[n1:1:(2) 0.000581] /home/nguyen/ai/allreduce_simulate/SimGrid-3.19/src/smpi/colls/allreduce/allreduce-ntt-lr-lr-pipeline.cpp:37: [smpi_colls/WARNING] [NNNN] [1] Start function
[n1:1:(2) 0.000581] /home/nguyen/ai/allreduce_simulate/SimGrid-3.19/src/smpi/colls/allreduce/allreduce-ntt-lr-lr-pipeline.cpp:100: [smpi_colls/WARNING] [NNNN] [1] segment_count 16777216, segment_size 32, 
[n1:1:(2) 0.000581] /home/nguyen/ai/allreduce_simulate/SimGrid-3.19/src/smpi/colls/allreduce/allreduce-ntt-lr-lr-pipeline.cpp:127: [smpi_colls/WARNING] [NNNN] [1] intra_segment_count 4194304, inter_segment_count 1048576,intra_count 8388608, inter_count 2097152
[n1:1:(2) 0.000581] /home/nguyen/ai/allreduce_simulate/SimGrid-3.19/src/smpi/colls/allreduce/allreduce-ntt-lr-lr-pipeline.cpp:130: [smpi_colls/WARNING] [NNNN] [1] number_segments 2, rcount 33554432
[n1:1:(2) 0.000581] /home/nguyen/ai/allreduce_simulate/SimGrid-3.19/src/smpi/colls/allreduce/allreduce-ntt-lr-lr-pipeline.cpp:134: [smpi_colls/WARNING] [NNNN] [1] Step 0
[n1:1:(2) 0.000581] /home/nguyen/ai/allreduce_simulate/SimGrid-3.19/src/smpi/colls/allreduce/allreduce-ntt-lr-lr-pipeline.cpp:165: [smpi_colls/WARNING] [NNNN] [1] intra lr reduce-scatter for step 0
[n0:0:(1) 0.001050] /home/nguyen/ai/allreduce_simulate/SimGrid-3.19/src/smpi/colls/allreduce/allreduce-ntt-lr-lr-pipeline.cpp:37: [smpi_colls/WARNING] [NNNN] [0] Start function
[n0:0:(1) 0.001050] /home/nguyen/ai/allreduce_simulate/SimGrid-3.19/src/smpi/colls/allreduce/allreduce-ntt-lr-lr-pipeline.cpp:100: [smpi_colls/WARNING] [NNNN] [0] segment_count 16777216, segment_size 32, 
[n0:0:(1) 0.001050] /home/nguyen/ai/allreduce_simulate/SimGrid-3.19/src/smpi/colls/allreduce/allreduce-ntt-lr-lr-pipeline.cpp:127: [smpi_colls/WARNING] [NNNN] [0] intra_segment_count 4194304, inter_segment_count 1048576,intra_count 8388608, inter_count 2097152
[n0:0:(1) 0.001050] /home/nguyen/ai/allreduce_simulate/SimGrid-3.19/src/smpi/colls/allreduce/allreduce-ntt-lr-lr-pipeline.cpp:130: [smpi_colls/WARNING] [NNNN] [0] number_segments 2, rcount 33554432
[n0:0:(1) 0.001050] /home/nguyen/ai/allreduce_simulate/SimGrid-3.19/src/smpi/colls/allreduce/allreduce-ntt-lr-lr-pipeline.cpp:134: [smpi_colls/WARNING] [NNNN] [0] Step 0
[n0:0:(1) 0.001050] /home/nguyen/ai/allreduce_simulate/SimGrid-3.19/src/smpi/colls/allreduce/allreduce-ntt-lr-lr-pipeline.cpp:165: [smpi_colls/WARNING] [NNNN] [0] intra lr reduce-scatter for step 0
[n14:14:(15) 0.001662] /home/nguyen/ai/allreduce_simulate/SimGrid-3.19/src/smpi/colls/allreduce/allreduce-ntt-lr-lr-pipeline.cpp:188: [smpi_colls/WARNING] [NNNN] [14] inter lr reduce-scatter
[n14:14:(15) 0.001662] /home/nguyen/ai/allreduce_simulate/SimGrid-3.19/src/smpi/colls/allreduce/allreduce-ntt-lr-lr-pipeline.cpp:214: [smpi_colls/WARNING] [NNNN] [14] Phase 2-Communication: 0, 0
[n13:13:(14) 0.001662] /home/nguyen/ai/allreduce_simulate/SimGrid-3.19/src/smpi/colls/allreduce/allreduce-ntt-lr-lr-pipeline.cpp:188: [smpi_colls/WARNING] [NNNN] [13] inter lr reduce-scatter
[n13:13:(14) 0.001662] /home/nguyen/ai/allreduce_simulate/SimGrid-3.19/src/smpi/colls/allreduce/allreduce-ntt-lr-lr-pipeline.cpp:214: [smpi_colls/WARNING] [NNNN] [13] Phase 2-Communication: 0, 0
[n12:12:(13) 0.001662] /home/nguyen/ai/allreduce_simulate/SimGrid-3.19/src/smpi/colls/allreduce/allreduce-ntt-lr-lr-pipeline.cpp:188: [smpi_colls/WARNING] [NNNN] [12] inter lr reduce-scatter
[n12:12:(13) 0.001662] /home/nguyen/ai/allreduce_simulate/SimGrid-3.19/src/smpi/colls/allreduce/allreduce-ntt-lr-lr-pipeline.cpp:214: [smpi_colls/WARNING] [NNNN] [12] Phase 2-Communication: 0, 0
[n15:15:(16) 0.001662] /home/nguyen/ai/allreduce_simulate/SimGrid-3.19/src/smpi/colls/allreduce/allreduce-ntt-lr-lr-pipeline.cpp:188: [smpi_colls/WARNING] [NNNN] [15] inter lr reduce-scatter
[n15:15:(16) 0.001662] /home/nguyen/ai/allreduce_simulate/SimGrid-3.19/src/smpi/colls/allreduce/allreduce-ntt-lr-lr-pipeline.cpp:214: [smpi_colls/WARNING] [NNNN] [15] Phase 2-Communication: 0, 0
[n9:9:(10) 0.001662] /home/nguyen/ai/allreduce_simulate/SimGrid-3.19/src/smpi/colls/allreduce/allreduce-ntt-lr-lr-pipeline.cpp:188: [smpi_colls/WARNING] [NNNN] [9] inter lr reduce-scatter
[n9:9:(10) 0.001662] /home/nguyen/ai/allreduce_simulate/SimGrid-3.19/src/smpi/colls/allreduce/allreduce-ntt-lr-lr-pipeline.cpp:214: [smpi_colls/WARNING] [NNNN] [9] Phase 2-Communication: 0, 0
[n8:8:(9) 0.001662] /home/nguyen/ai/allreduce_simulate/SimGrid-3.19/src/smpi/colls/allreduce/allreduce-ntt-lr-lr-pipeline.cpp:188: [smpi_colls/WARNING] [NNNN] [8] inter lr reduce-scatter
[n8:8:(9) 0.001662] /home/nguyen/ai/allreduce_simulate/SimGrid-3.19/src/smpi/colls/allreduce/allreduce-ntt-lr-lr-pipeline.cpp:214: [smpi_colls/WARNING] [NNNN] [8] Phase 2-Communication: 0, 0
[n11:11:(12) 0.001662] /home/nguyen/ai/allreduce_simulate/SimGrid-3.19/src/smpi/colls/allreduce/allreduce-ntt-lr-lr-pipeline.cpp:188: [smpi_colls/WARNING] [NNNN] [11] inter lr reduce-scatter
[n11:11:(12) 0.001662] /home/nguyen/ai/allreduce_simulate/SimGrid-3.19/src/smpi/colls/allreduce/allreduce-ntt-lr-lr-pipeline.cpp:214: [smpi_colls/WARNING] [NNNN] [11] Phase 2-Communication: 0, 0
[n10:10:(11) 0.001662] /home/nguyen/ai/allreduce_simulate/SimGrid-3.19/src/smpi/colls/allreduce/allreduce-ntt-lr-lr-pipeline.cpp:188: [smpi_colls/WARNING] [NNNN] [10] inter lr reduce-scatter
[n10:10:(11) 0.001662] /home/nguyen/ai/allreduce_simulate/SimGrid-3.19/src/smpi/colls/allreduce/allreduce-ntt-lr-lr-pipeline.cpp:214: [smpi_colls/WARNING] [NNNN] [10] Phase 2-Communication: 0, 0
[n6:6:(7) 0.001663] /home/nguyen/ai/allreduce_simulate/SimGrid-3.19/src/smpi/colls/allreduce/allreduce-ntt-lr-lr-pipeline.cpp:188: [smpi_colls/WARNING] [NNNN] [6] inter lr reduce-scatter
[n6:6:(7) 0.001663] /home/nguyen/ai/allreduce_simulate/SimGrid-3.19/src/smpi/colls/allreduce/allreduce-ntt-lr-lr-pipeline.cpp:214: [smpi_colls/WARNING] [NNNN] [6] Phase 2-Communication: 0, 0
[n5:5:(6) 0.001663] /home/nguyen/ai/allreduce_simulate/SimGrid-3.19/src/smpi/colls/allreduce/allreduce-ntt-lr-lr-pipeline.cpp:188: [smpi_colls/WARNING] [NNNN] [5] inter lr reduce-scatter
[n5:5:(6) 0.001663] /home/nguyen/ai/allreduce_simulate/SimGrid-3.19/src/smpi/colls/allreduce/allreduce-ntt-lr-lr-pipeline.cpp:214: [smpi_colls/WARNING] [NNNN] [5] Phase 2-Communication: 0, 0
[n4:4:(5) 0.001663] /home/nguyen/ai/allreduce_simulate/SimGrid-3.19/src/smpi/colls/allreduce/allreduce-ntt-lr-lr-pipeline.cpp:188: [smpi_colls/WARNING] [NNNN] [4] inter lr reduce-scatter
[n4:4:(5) 0.001663] /home/nguyen/ai/allreduce_simulate/SimGrid-3.19/src/smpi/colls/allreduce/allreduce-ntt-lr-lr-pipeline.cpp:214: [smpi_colls/WARNING] [NNNN] [4] Phase 2-Communication: 0, 0
[n7:7:(8) 0.001663] /home/nguyen/ai/allreduce_simulate/SimGrid-3.19/src/smpi/colls/allreduce/allreduce-ntt-lr-lr-pipeline.cpp:188: [smpi_colls/WARNING] [NNNN] [7] inter lr reduce-scatter
[n7:7:(8) 0.001663] /home/nguyen/ai/allreduce_simulate/SimGrid-3.19/src/smpi/colls/allreduce/allreduce-ntt-lr-lr-pipeline.cpp:214: [smpi_colls/WARNING] [NNNN] [7] Phase 2-Communication: 0, 0
[n2:2:(3) 0.002139] /home/nguyen/ai/allreduce_simulate/SimGrid-3.19/src/smpi/colls/allreduce/allreduce-ntt-lr-lr-pipeline.cpp:188: [smpi_colls/WARNING] [NNNN] [2] inter lr reduce-scatter
[n2:2:(3) 0.002139] /home/nguyen/ai/allreduce_simulate/SimGrid-3.19/src/smpi/colls/allreduce/allreduce-ntt-lr-lr-pipeline.cpp:214: [smpi_colls/WARNING] [NNNN] [2] Phase 2-Communication: 0, 0
[n1:1:(2) 0.002139] /home/nguyen/ai/allreduce_simulate/SimGrid-3.19/src/smpi/colls/allreduce/allreduce-ntt-lr-lr-pipeline.cpp:188: [smpi_colls/WARNING] [NNNN] [1] inter lr reduce-scatter
[n1:1:(2) 0.002139] /home/nguyen/ai/allreduce_simulate/SimGrid-3.19/src/smpi/colls/allreduce/allreduce-ntt-lr-lr-pipeline.cpp:214: [smpi_colls/WARNING] [NNNN] [1] Phase 2-Communication: 0, 0
[n0:0:(1) 0.002139] /home/nguyen/ai/allreduce_simulate/SimGrid-3.19/src/smpi/colls/allreduce/allreduce-ntt-lr-lr-pipeline.cpp:188: [smpi_colls/WARNING] [NNNN] [0] inter lr reduce-scatter
[n0:0:(1) 0.002139] /home/nguyen/ai/allreduce_simulate/SimGrid-3.19/src/smpi/colls/allreduce/allreduce-ntt-lr-lr-pipeline.cpp:214: [smpi_colls/WARNING] [NNNN] [0] Phase 2-Communication: 0, 0
[n3:3:(4) 0.002139] /home/nguyen/ai/allreduce_simulate/SimGrid-3.19/src/smpi/colls/allreduce/allreduce-ntt-lr-lr-pipeline.cpp:188: [smpi_colls/WARNING] [NNNN] [3] inter lr reduce-scatter
[n3:3:(4) 0.002139] /home/nguyen/ai/allreduce_simulate/SimGrid-3.19/src/smpi/colls/allreduce/allreduce-ntt-lr-lr-pipeline.cpp:214: [smpi_colls/WARNING] [NNNN] [3] Phase 2-Communication: 0, 0
[n10:10:(11) 0.003121] /home/nguyen/ai/allreduce_simulate/SimGrid-3.19/src/smpi/colls/allreduce/allreduce-ntt-lr-lr-pipeline.cpp:221: [smpi_colls/WARNING] [NNNN] [10] Phase 2-Computation: 0, 0
[n10:10:(11) 0.003121] /home/nguyen/ai/allreduce_simulate/SimGrid-3.19/src/smpi/colls/allreduce/allreduce-ntt-lr-lr-pipeline.cpp:214: [smpi_colls/WARNING] [NNNN] [10] Phase 2-Communication: 0, 1
[n11:11:(12) 0.003121] /home/nguyen/ai/allreduce_simulate/SimGrid-3.19/src/smpi/colls/allreduce/allreduce-ntt-lr-lr-pipeline.cpp:221: [smpi_colls/WARNING] [NNNN] [11] Phase 2-Computation: 0, 0
[n11:11:(12) 0.003121] /home/nguyen/ai/allreduce_simulate/SimGrid-3.19/src/smpi/colls/allreduce/allreduce-ntt-lr-lr-pipeline.cpp:214: [smpi_colls/WARNING] [NNNN] [11] Phase 2-Communication: 0, 1
[n8:8:(9) 0.003121] /home/nguyen/ai/allreduce_simulate/SimGrid-3.19/src/smpi/colls/allreduce/allreduce-ntt-lr-lr-pipeline.cpp:221: [smpi_colls/WARNING] [NNNN] [8] Phase 2-Computation: 0, 0
[n8:8:(9) 0.003121] /home/nguyen/ai/allreduce_simulate/SimGrid-3.19/src/smpi/colls/allreduce/allreduce-ntt-lr-lr-pipeline.cpp:214: [smpi_colls/WARNING] [NNNN] [8] Phase 2-Communication: 0, 1
[n9:9:(10) 0.003121] /home/nguyen/ai/allreduce_simulate/SimGrid-3.19/src/smpi/colls/allreduce/allreduce-ntt-lr-lr-pipeline.cpp:221: [smpi_colls/WARNING] [NNNN] [9] Phase 2-Computation: 0, 0
[n9:9:(10) 0.003121] /home/nguyen/ai/allreduce_simulate/SimGrid-3.19/src/smpi/colls/allreduce/allreduce-ntt-lr-lr-pipeline.cpp:214: [smpi_colls/WARNING] [NNNN] [9] Phase 2-Communication: 0, 1
[n6:6:(7) 0.003597] /home/nguyen/ai/allreduce_simulate/SimGrid-3.19/src/smpi/colls/allreduce/allreduce-ntt-lr-lr-pipeline.cpp:221: [smpi_colls/WARNING] [NNNN] [6] Phase 2-Computation: 0, 0
[n6:6:(7) 0.003597] /home/nguyen/ai/allreduce_simulate/SimGrid-3.19/src/smpi/colls/allreduce/allreduce-ntt-lr-lr-pipeline.cpp:214: [smpi_colls/WARNING] [NNNN] [6] Phase 2-Communication: 0, 1
[n14:14:(15) 0.003597] /home/nguyen/ai/allreduce_simulate/SimGrid-3.19/src/smpi/colls/allreduce/allreduce-ntt-lr-lr-pipeline.cpp:221: [smpi_colls/WARNING] [NNNN] [14] Phase 2-Computation: 0, 0
[n14:14:(15) 0.003597] /home/nguyen/ai/allreduce_simulate/SimGrid-3.19/src/smpi/colls/allreduce/allreduce-ntt-lr-lr-pipeline.cpp:214: [smpi_colls/WARNING] [NNNN] [14] Phase 2-Communication: 0, 1
[n15:15:(16) 0.003597] /home/nguyen/ai/allreduce_simulate/SimGrid-3.19/src/smpi/colls/allreduce/allreduce-ntt-lr-lr-pipeline.cpp:221: [smpi_colls/WARNING] [NNNN] [15] Phase 2-Computation: 0, 0
[n15:15:(16) 0.003597] /home/nguyen/ai/allreduce_simulate/SimGrid-3.19/src/smpi/colls/allreduce/allreduce-ntt-lr-lr-pipeline.cpp:214: [smpi_colls/WARNING] [NNNN] [15] Phase 2-Communication: 0, 1
[n7:7:(8) 0.003597] /home/nguyen/ai/allreduce_simulate/SimGrid-3.19/src/smpi/colls/allreduce/allreduce-ntt-lr-lr-pipeline.cpp:221: [smpi_colls/WARNING] [NNNN] [7] Phase 2-Computation: 0, 0
[n7:7:(8) 0.003597] /home/nguyen/ai/allreduce_simulate/SimGrid-3.19/src/smpi/colls/allreduce/allreduce-ntt-lr-lr-pipeline.cpp:214: [smpi_colls/WARNING] [NNNN] [7] Phase 2-Communication: 0, 1
[n4:4:(5) 0.003597] /home/nguyen/ai/allreduce_simulate/SimGrid-3.19/src/smpi/colls/allreduce/allreduce-ntt-lr-lr-pipeline.cpp:221: [smpi_colls/WARNING] [NNNN] [4] Phase 2-Computation: 0, 0
[n4:4:(5) 0.003597] /home/nguyen/ai/allreduce_simulate/SimGrid-3.19/src/smpi/colls/allreduce/allreduce-ntt-lr-lr-pipeline.cpp:214: [smpi_colls/WARNING] [NNNN] [4] Phase 2-Communication: 0, 1
[n12:12:(13) 0.003597] /home/nguyen/ai/allreduce_simulate/SimGrid-3.19/src/smpi/colls/allreduce/allreduce-ntt-lr-lr-pipeline.cpp:221: [smpi_colls/WARNING] [NNNN] [12] Phase 2-Computation: 0, 0
[n12:12:(13) 0.003597] /home/nguyen/ai/allreduce_simulate/SimGrid-3.19/src/smpi/colls/allreduce/allreduce-ntt-lr-lr-pipeline.cpp:214: [smpi_colls/WARNING] [NNNN] [12] Phase 2-Communication: 0, 1
[n13:13:(14) 0.003597] /home/nguyen/ai/allreduce_simulate/SimGrid-3.19/src/smpi/colls/allreduce/allreduce-ntt-lr-lr-pipeline.cpp:221: [smpi_colls/WARNING] [NNNN] [13] Phase 2-Computation: 0, 0
[n13:13:(14) 0.003597] /home/nguyen/ai/allreduce_simulate/SimGrid-3.19/src/smpi/colls/allreduce/allreduce-ntt-lr-lr-pipeline.cpp:214: [smpi_colls/WARNING] [NNNN] [13] Phase 2-Communication: 0, 1
[n5:5:(6) 0.003597] /home/nguyen/ai/allreduce_simulate/SimGrid-3.19/src/smpi/colls/allreduce/allreduce-ntt-lr-lr-pipeline.cpp:221: [smpi_colls/WARNING] [NNNN] [5] Phase 2-Computation: 0, 0
[n5:5:(6) 0.003597] /home/nguyen/ai/allreduce_simulate/SimGrid-3.19/src/smpi/colls/allreduce/allreduce-ntt-lr-lr-pipeline.cpp:214: [smpi_colls/WARNING] [NNNN] [5] Phase 2-Communication: 0, 1
[n2:2:(3) 0.003597] /home/nguyen/ai/allreduce_simulate/SimGrid-3.19/src/smpi/colls/allreduce/allreduce-ntt-lr-lr-pipeline.cpp:221: [smpi_colls/WARNING] [NNNN] [2] Phase 2-Computation: 0, 0
[n2:2:(3) 0.003597] /home/nguyen/ai/allreduce_simulate/SimGrid-3.19/src/smpi/colls/allreduce/allreduce-ntt-lr-lr-pipeline.cpp:214: [smpi_colls/WARNING] [NNNN] [2] Phase 2-Communication: 0, 1
[n3:3:(4) 0.003597] /home/nguyen/ai/allreduce_simulate/SimGrid-3.19/src/smpi/colls/allreduce/allreduce-ntt-lr-lr-pipeline.cpp:221: [smpi_colls/WARNING] [NNNN] [3] Phase 2-Computation: 0, 0
[n3:3:(4) 0.003597] /home/nguyen/ai/allreduce_simulate/SimGrid-3.19/src/smpi/colls/allreduce/allreduce-ntt-lr-lr-pipeline.cpp:214: [smpi_colls/WARNING] [NNNN] [3] Phase 2-Communication: 0, 1
[n0:0:(1) 0.003597] /home/nguyen/ai/allreduce_simulate/SimGrid-3.19/src/smpi/colls/allreduce/allreduce-ntt-lr-lr-pipeline.cpp:221: [smpi_colls/WARNING] [NNNN] [0] Phase 2-Computation: 0, 0
[n0:0:(1) 0.003597] /home/nguyen/ai/allreduce_simulate/SimGrid-3.19/src/smpi/colls/allreduce/allreduce-ntt-lr-lr-pipeline.cpp:214: [smpi_colls/WARNING] [NNNN] [0] Phase 2-Communication: 0, 1
[n1:1:(2) 0.003597] /home/nguyen/ai/allreduce_simulate/SimGrid-3.19/src/smpi/colls/allreduce/allreduce-ntt-lr-lr-pipeline.cpp:221: [smpi_colls/WARNING] [NNNN] [1] Phase 2-Computation: 0, 0
[n1:1:(2) 0.003597] /home/nguyen/ai/allreduce_simulate/SimGrid-3.19/src/smpi/colls/allreduce/allreduce-ntt-lr-lr-pipeline.cpp:214: [smpi_colls/WARNING] [NNNN] [1] Phase 2-Communication: 0, 1
[n6:6:(7) 0.005055] /home/nguyen/ai/allreduce_simulate/SimGrid-3.19/src/smpi/colls/allreduce/allreduce-ntt-lr-lr-pipeline.cpp:221: [smpi_colls/WARNING] [NNNN] [6] Phase 2-Computation: 0, 1
[n6:6:(7) 0.005055] /home/nguyen/ai/allreduce_simulate/SimGrid-3.19/src/smpi/colls/allreduce/allreduce-ntt-lr-lr-pipeline.cpp:214: [smpi_colls/WARNING] [NNNN] [6] Phase 2-Communication: 0, 2
[n2:2:(3) 0.005055] /home/nguyen/ai/allreduce_simulate/SimGrid-3.19/src/smpi/colls/allreduce/allreduce-ntt-lr-lr-pipeline.cpp:221: [smpi_colls/WARNING] [NNNN] [2] Phase 2-Computation: 0, 1
[n2:2:(3) 0.005055] /home/nguyen/ai/allreduce_simulate/SimGrid-3.19/src/smpi/colls/allreduce/allreduce-ntt-lr-lr-pipeline.cpp:214: [smpi_colls/WARNING] [NNNN] [2] Phase 2-Communication: 0, 2
[n10:10:(11) 0.005055] /home/nguyen/ai/allreduce_simulate/SimGrid-3.19/src/smpi/colls/allreduce/allreduce-ntt-lr-lr-pipeline.cpp:221: [smpi_colls/WARNING] [NNNN] [10] Phase 2-Computation: 0, 1
[n10:10:(11) 0.005055] /home/nguyen/ai/allreduce_simulate/SimGrid-3.19/src/smpi/colls/allreduce/allreduce-ntt-lr-lr-pipeline.cpp:214: [smpi_colls/WARNING] [NNNN] [10] Phase 2-Communication: 0, 2
[n7:7:(8) 0.005055] /home/nguyen/ai/allreduce_simulate/SimGrid-3.19/src/smpi/colls/allreduce/allreduce-ntt-lr-lr-pipeline.cpp:221: [smpi_colls/WARNING] [NNNN] [7] Phase 2-Computation: 0, 1
[n7:7:(8) 0.005055] /home/nguyen/ai/allreduce_simulate/SimGrid-3.19/src/smpi/colls/allreduce/allreduce-ntt-lr-lr-pipeline.cpp:214: [smpi_colls/WARNING] [NNNN] [7] Phase 2-Communication: 0, 2
[n3:3:(4) 0.005055] /home/nguyen/ai/allreduce_simulate/SimGrid-3.19/src/smpi/colls/allreduce/allreduce-ntt-lr-lr-pipeline.cpp:221: [smpi_colls/WARNING] [NNNN] [3] Phase 2-Computation: 0, 1
[n3:3:(4) 0.005055] /home/nguyen/ai/allreduce_simulate/SimGrid-3.19/src/smpi/colls/allreduce/allreduce-ntt-lr-lr-pipeline.cpp:214: [smpi_colls/WARNING] [NNNN] [3] Phase 2-Communication: 0, 2
[n11:11:(12) 0.005055] /home/nguyen/ai/allreduce_simulate/SimGrid-3.19/src/smpi/colls/allreduce/allreduce-ntt-lr-lr-pipeline.cpp:221: [smpi_colls/WARNING] [NNNN] [11] Phase 2-Computation: 0, 1
[n11:11:(12) 0.005055] /home/nguyen/ai/allreduce_simulate/SimGrid-3.19/src/smpi/colls/allreduce/allreduce-ntt-lr-lr-pipeline.cpp:214: [smpi_colls/WARNING] [NNNN] [11] Phase 2-Communication: 0, 2
[n15:15:(16) 0.005055] /home/nguyen/ai/allreduce_simulate/SimGrid-3.19/src/smpi/colls/allreduce/allreduce-ntt-lr-lr-pipeline.cpp:221: [smpi_colls/WARNING] [NNNN] [15] Phase 2-Computation: 0, 1
[n15:15:(16) 0.005055] /home/nguyen/ai/allreduce_simulate/SimGrid-3.19/src/smpi/colls/allreduce/allreduce-ntt-lr-lr-pipeline.cpp:214: [smpi_colls/WARNING] [NNNN] [15] Phase 2-Communication: 0, 2
[n14:14:(15) 0.005055] /home/nguyen/ai/allreduce_simulate/SimGrid-3.19/src/smpi/colls/allreduce/allreduce-ntt-lr-lr-pipeline.cpp:221: [smpi_colls/WARNING] [NNNN] [14] Phase 2-Computation: 0, 1
[n14:14:(15) 0.005055] /home/nguyen/ai/allreduce_simulate/SimGrid-3.19/src/smpi/colls/allreduce/allreduce-ntt-lr-lr-pipeline.cpp:214: [smpi_colls/WARNING] [NNNN] [14] Phase 2-Communication: 0, 2
[n4:4:(5) 0.005055] /home/nguyen/ai/allreduce_simulate/SimGrid-3.19/src/smpi/colls/allreduce/allreduce-ntt-lr-lr-pipeline.cpp:221: [smpi_colls/WARNING] [NNNN] [4] Phase 2-Computation: 0, 1
[n4:4:(5) 0.005055] /home/nguyen/ai/allreduce_simulate/SimGrid-3.19/src/smpi/colls/allreduce/allreduce-ntt-lr-lr-pipeline.cpp:214: [smpi_colls/WARNING] [NNNN] [4] Phase 2-Communication: 0, 2
[n0:0:(1) 0.005055] /home/nguyen/ai/allreduce_simulate/SimGrid-3.19/src/smpi/colls/allreduce/allreduce-ntt-lr-lr-pipeline.cpp:221: [smpi_colls/WARNING] [NNNN] [0] Phase 2-Computation: 0, 1
[n0:0:(1) 0.005055] /home/nguyen/ai/allreduce_simulate/SimGrid-3.19/src/smpi/colls/allreduce/allreduce-ntt-lr-lr-pipeline.cpp:214: [smpi_colls/WARNING] [NNNN] [0] Phase 2-Communication: 0, 2
[n8:8:(9) 0.005055] /home/nguyen/ai/allreduce_simulate/SimGrid-3.19/src/smpi/colls/allreduce/allreduce-ntt-lr-lr-pipeline.cpp:221: [smpi_colls/WARNING] [NNNN] [8] Phase 2-Computation: 0, 1
[n8:8:(9) 0.005055] /home/nguyen/ai/allreduce_simulate/SimGrid-3.19/src/smpi/colls/allreduce/allreduce-ntt-lr-lr-pipeline.cpp:214: [smpi_colls/WARNING] [NNNN] [8] Phase 2-Communication: 0, 2
[n5:5:(6) 0.005055] /home/nguyen/ai/allreduce_simulate/SimGrid-3.19/src/smpi/colls/allreduce/allreduce-ntt-lr-lr-pipeline.cpp:221: [smpi_colls/WARNING] [NNNN] [5] Phase 2-Computation: 0, 1
[n5:5:(6) 0.005055] /home/nguyen/ai/allreduce_simulate/SimGrid-3.19/src/smpi/colls/allreduce/allreduce-ntt-lr-lr-pipeline.cpp:214: [smpi_colls/WARNING] [NNNN] [5] Phase 2-Communication: 0, 2
[n1:1:(2) 0.005055] /home/nguyen/ai/allreduce_simulate/SimGrid-3.19/src/smpi/colls/allreduce/allreduce-ntt-lr-lr-pipeline.cpp:221: [smpi_colls/WARNING] [NNNN] [1] Phase 2-Computation: 0, 1
[n1:1:(2) 0.005055] /home/nguyen/ai/allreduce_simulate/SimGrid-3.19/src/smpi/colls/allreduce/allreduce-ntt-lr-lr-pipeline.cpp:214: [smpi_colls/WARNING] [NNNN] [1] Phase 2-Communication: 0, 2
[n9:9:(10) 0.005055] /home/nguyen/ai/allreduce_simulate/SimGrid-3.19/src/smpi/colls/allreduce/allreduce-ntt-lr-lr-pipeline.cpp:221: [smpi_colls/WARNING] [NNNN] [9] Phase 2-Computation: 0, 1
[n9:9:(10) 0.005055] /home/nguyen/ai/allreduce_simulate/SimGrid-3.19/src/smpi/colls/allreduce/allreduce-ntt-lr-lr-pipeline.cpp:214: [smpi_colls/WARNING] [NNNN] [9] Phase 2-Communication: 0, 2
[n13:13:(14) 0.005055] /home/nguyen/ai/allreduce_simulate/SimGrid-3.19/src/smpi/colls/allreduce/allreduce-ntt-lr-lr-pipeline.cpp:221: [smpi_colls/WARNING] [NNNN] [13] Phase 2-Computation: 0, 1
[n13:13:(14) 0.005055] /home/nguyen/ai/allreduce_simulate/SimGrid-3.19/src/smpi/colls/allreduce/allreduce-ntt-lr-lr-pipeline.cpp:214: [smpi_colls/WARNING] [NNNN] [13] Phase 2-Communication: 0, 2
[n12:12:(13) 0.005055] /home/nguyen/ai/allreduce_simulate/SimGrid-3.19/src/smpi/colls/allreduce/allreduce-ntt-lr-lr-pipeline.cpp:221: [smpi_colls/WARNING] [NNNN] [12] Phase 2-Computation: 0, 1
[n12:12:(13) 0.005055] /home/nguyen/ai/allreduce_simulate/SimGrid-3.19/src/smpi/colls/allreduce/allreduce-ntt-lr-lr-pipeline.cpp:214: [smpi_colls/WARNING] [NNNN] [12] Phase 2-Communication: 0, 2
[n2:2:(3) 0.006514] /home/nguyen/ai/allreduce_simulate/SimGrid-3.19/src/smpi/colls/allreduce/allreduce-ntt-lr-lr-pipeline.cpp:221: [smpi_colls/WARNING] [NNNN] [2] Phase 2-Computation: 0, 2
[n2:2:(3) 0.006514] /home/nguyen/ai/allreduce_simulate/SimGrid-3.19/src/smpi/colls/allreduce/allreduce-ntt-lr-lr-pipeline.cpp:134: [smpi_colls/WARNING] [NNNN] [2] Step 1
[n2:2:(3) 0.006514] /home/nguyen/ai/allreduce_simulate/SimGrid-3.19/src/smpi/colls/allreduce/allreduce-ntt-lr-lr-pipeline.cpp:141: [smpi_colls/WARNING] [NNNN] [2] inter lr allgather for step 0
[n14:14:(15) 0.006514] /home/nguyen/ai/allreduce_simulate/SimGrid-3.19/src/smpi/colls/allreduce/allreduce-ntt-lr-lr-pipeline.cpp:221: [smpi_colls/WARNING] [NNNN] [14] Phase 2-Computation: 0, 2
[n14:14:(15) 0.006514] /home/nguyen/ai/allreduce_simulate/SimGrid-3.19/src/smpi/colls/allreduce/allreduce-ntt-lr-lr-pipeline.cpp:134: [smpi_colls/WARNING] [NNNN] [14] Step 1
[n14:14:(15) 0.006514] /home/nguyen/ai/allreduce_simulate/SimGrid-3.19/src/smpi/colls/allreduce/allreduce-ntt-lr-lr-pipeline.cpp:141: [smpi_colls/WARNING] [NNNN] [14] inter lr allgather for step 0
[n6:6:(7) 0.006514] /home/nguyen/ai/allreduce_simulate/SimGrid-3.19/src/smpi/colls/allreduce/allreduce-ntt-lr-lr-pipeline.cpp:221: [smpi_colls/WARNING] [NNNN] [6] Phase 2-Computation: 0, 2
[n6:6:(7) 0.006514] /home/nguyen/ai/allreduce_simulate/SimGrid-3.19/src/smpi/colls/allreduce/allreduce-ntt-lr-lr-pipeline.cpp:134: [smpi_colls/WARNING] [NNNN] [6] Step 1
[n6:6:(7) 0.006514] /home/nguyen/ai/allreduce_simulate/SimGrid-3.19/src/smpi/colls/allreduce/allreduce-ntt-lr-lr-pipeline.cpp:141: [smpi_colls/WARNING] [NNNN] [6] inter lr allgather for step 0
[n3:3:(4) 0.006514] /home/nguyen/ai/allreduce_simulate/SimGrid-3.19/src/smpi/colls/allreduce/allreduce-ntt-lr-lr-pipeline.cpp:221: [smpi_colls/WARNING] [NNNN] [3] Phase 2-Computation: 0, 2
[n3:3:(4) 0.006514] /home/nguyen/ai/allreduce_simulate/SimGrid-3.19/src/smpi/colls/allreduce/allreduce-ntt-lr-lr-pipeline.cpp:134: [smpi_colls/WARNING] [NNNN] [3] Step 1
[n3:3:(4) 0.006514] /home/nguyen/ai/allreduce_simulate/SimGrid-3.19/src/smpi/colls/allreduce/allreduce-ntt-lr-lr-pipeline.cpp:141: [smpi_colls/WARNING] [NNNN] [3] inter lr allgather for step 0
[n15:15:(16) 0.006514] /home/nguyen/ai/allreduce_simulate/SimGrid-3.19/src/smpi/colls/allreduce/allreduce-ntt-lr-lr-pipeline.cpp:221: [smpi_colls/WARNING] [NNNN] [15] Phase 2-Computation: 0, 2
[n15:15:(16) 0.006514] /home/nguyen/ai/allreduce_simulate/SimGrid-3.19/src/smpi/colls/allreduce/allreduce-ntt-lr-lr-pipeline.cpp:134: [smpi_colls/WARNING] [NNNN] [15] Step 1
[n15:15:(16) 0.006514] /home/nguyen/ai/allreduce_simulate/SimGrid-3.19/src/smpi/colls/allreduce/allreduce-ntt-lr-lr-pipeline.cpp:141: [smpi_colls/WARNING] [NNNN] [15] inter lr allgather for step 0
[n7:7:(8) 0.006514] /home/nguyen/ai/allreduce_simulate/SimGrid-3.19/src/smpi/colls/allreduce/allreduce-ntt-lr-lr-pipeline.cpp:221: [smpi_colls/WARNING] [NNNN] [7] Phase 2-Computation: 0, 2
[n7:7:(8) 0.006514] /home/nguyen/ai/allreduce_simulate/SimGrid-3.19/src/smpi/colls/allreduce/allreduce-ntt-lr-lr-pipeline.cpp:134: [smpi_colls/WARNING] [NNNN] [7] Step 1
[n7:7:(8) 0.006514] /home/nguyen/ai/allreduce_simulate/SimGrid-3.19/src/smpi/colls/allreduce/allreduce-ntt-lr-lr-pipeline.cpp:141: [smpi_colls/WARNING] [NNNN] [7] inter lr allgather for step 0
[n10:10:(11) 0.006514] /home/nguyen/ai/allreduce_simulate/SimGrid-3.19/src/smpi/colls/allreduce/allreduce-ntt-lr-lr-pipeline.cpp:221: [smpi_colls/WARNING] [NNNN] [10] Phase 2-Computation: 0, 2
[n10:10:(11) 0.006514] /home/nguyen/ai/allreduce_simulate/SimGrid-3.19/src/smpi/colls/allreduce/allreduce-ntt-lr-lr-pipeline.cpp:134: [smpi_colls/WARNING] [NNNN] [10] Step 1
[n10:10:(11) 0.006514] /home/nguyen/ai/allreduce_simulate/SimGrid-3.19/src/smpi/colls/allreduce/allreduce-ntt-lr-lr-pipeline.cpp:141: [smpi_colls/WARNING] [NNNN] [10] inter lr allgather for step 0
[n11:11:(12) 0.006514] /home/nguyen/ai/allreduce_simulate/SimGrid-3.19/src/smpi/colls/allreduce/allreduce-ntt-lr-lr-pipeline.cpp:221: [smpi_colls/WARNING] [NNNN] [11] Phase 2-Computation: 0, 2
[n11:11:(12) 0.006514] /home/nguyen/ai/allreduce_simulate/SimGrid-3.19/src/smpi/colls/allreduce/allreduce-ntt-lr-lr-pipeline.cpp:134: [smpi_colls/WARNING] [NNNN] [11] Step 1
[n11:11:(12) 0.006514] /home/nguyen/ai/allreduce_simulate/SimGrid-3.19/src/smpi/colls/allreduce/allreduce-ntt-lr-lr-pipeline.cpp:141: [smpi_colls/WARNING] [NNNN] [11] inter lr allgather for step 0
[n0:0:(1) 0.006514] /home/nguyen/ai/allreduce_simulate/SimGrid-3.19/src/smpi/colls/allreduce/allreduce-ntt-lr-lr-pipeline.cpp:221: [smpi_colls/WARNING] [NNNN] [0] Phase 2-Computation: 0, 2
[n0:0:(1) 0.006514] /home/nguyen/ai/allreduce_simulate/SimGrid-3.19/src/smpi/colls/allreduce/allreduce-ntt-lr-lr-pipeline.cpp:134: [smpi_colls/WARNING] [NNNN] [0] Step 1
[n0:0:(1) 0.006514] /home/nguyen/ai/allreduce_simulate/SimGrid-3.19/src/smpi/colls/allreduce/allreduce-ntt-lr-lr-pipeline.cpp:141: [smpi_colls/WARNING] [NNNN] [0] inter lr allgather for step 0
[n12:12:(13) 0.006514] /home/nguyen/ai/allreduce_simulate/SimGrid-3.19/src/smpi/colls/allreduce/allreduce-ntt-lr-lr-pipeline.cpp:221: [smpi_colls/WARNING] [NNNN] [12] Phase 2-Computation: 0, 2
[n12:12:(13) 0.006514] /home/nguyen/ai/allreduce_simulate/SimGrid-3.19/src/smpi/colls/allreduce/allreduce-ntt-lr-lr-pipeline.cpp:134: [smpi_colls/WARNING] [NNNN] [12] Step 1
[n12:12:(13) 0.006514] /home/nguyen/ai/allreduce_simulate/SimGrid-3.19/src/smpi/colls/allreduce/allreduce-ntt-lr-lr-pipeline.cpp:141: [smpi_colls/WARNING] [NNNN] [12] inter lr allgather for step 0
[n4:4:(5) 0.006514] /home/nguyen/ai/allreduce_simulate/SimGrid-3.19/src/smpi/colls/allreduce/allreduce-ntt-lr-lr-pipeline.cpp:221: [smpi_colls/WARNING] [NNNN] [4] Phase 2-Computation: 0, 2
[n4:4:(5) 0.006514] /home/nguyen/ai/allreduce_simulate/SimGrid-3.19/src/smpi/colls/allreduce/allreduce-ntt-lr-lr-pipeline.cpp:134: [smpi_colls/WARNING] [NNNN] [4] Step 1
[n4:4:(5) 0.006514] /home/nguyen/ai/allreduce_simulate/SimGrid-3.19/src/smpi/colls/allreduce/allreduce-ntt-lr-lr-pipeline.cpp:141: [smpi_colls/WARNING] [NNNN] [4] inter lr allgather for step 0
[n1:1:(2) 0.006514] /home/nguyen/ai/allreduce_simulate/SimGrid-3.19/src/smpi/colls/allreduce/allreduce-ntt-lr-lr-pipeline.cpp:221: [smpi_colls/WARNING] [NNNN] [1] Phase 2-Computation: 0, 2
[n1:1:(2) 0.006514] /home/nguyen/ai/allreduce_simulate/SimGrid-3.19/src/smpi/colls/allreduce/allreduce-ntt-lr-lr-pipeline.cpp:134: [smpi_colls/WARNING] [NNNN] [1] Step 1
[n1:1:(2) 0.006514] /home/nguyen/ai/allreduce_simulate/SimGrid-3.19/src/smpi/colls/allreduce/allreduce-ntt-lr-lr-pipeline.cpp:141: [smpi_colls/WARNING] [NNNN] [1] inter lr allgather for step 0
[n13:13:(14) 0.006514] /home/nguyen/ai/allreduce_simulate/SimGrid-3.19/src/smpi/colls/allreduce/allreduce-ntt-lr-lr-pipeline.cpp:221: [smpi_colls/WARNING] [NNNN] [13] Phase 2-Computation: 0, 2
[n13:13:(14) 0.006514] /home/nguyen/ai/allreduce_simulate/SimGrid-3.19/src/smpi/colls/allreduce/allreduce-ntt-lr-lr-pipeline.cpp:134: [smpi_colls/WARNING] [NNNN] [13] Step 1
[n13:13:(14) 0.006514] /home/nguyen/ai/allreduce_simulate/SimGrid-3.19/src/smpi/colls/allreduce/allreduce-ntt-lr-lr-pipeline.cpp:141: [smpi_colls/WARNING] [NNNN] [13] inter lr allgather for step 0
[n5:5:(6) 0.006514] /home/nguyen/ai/allreduce_simulate/SimGrid-3.19/src/smpi/colls/allreduce/allreduce-ntt-lr-lr-pipeline.cpp:221: [smpi_colls/WARNING] [NNNN] [5] Phase 2-Computation: 0, 2
[n5:5:(6) 0.006514] /home/nguyen/ai/allreduce_simulate/SimGrid-3.19/src/smpi/colls/allreduce/allreduce-ntt-lr-lr-pipeline.cpp:134: [smpi_colls/WARNING] [NNNN] [5] Step 1
[n5:5:(6) 0.006514] /home/nguyen/ai/allreduce_simulate/SimGrid-3.19/src/smpi/colls/allreduce/allreduce-ntt-lr-lr-pipeline.cpp:141: [smpi_colls/WARNING] [NNNN] [5] inter lr allgather for step 0
[n8:8:(9) 0.006514] /home/nguyen/ai/allreduce_simulate/SimGrid-3.19/src/smpi/colls/allreduce/allreduce-ntt-lr-lr-pipeline.cpp:221: [smpi_colls/WARNING] [NNNN] [8] Phase 2-Computation: 0, 2
[n8:8:(9) 0.006514] /home/nguyen/ai/allreduce_simulate/SimGrid-3.19/src/smpi/colls/allreduce/allreduce-ntt-lr-lr-pipeline.cpp:134: [smpi_colls/WARNING] [NNNN] [8] Step 1
[n8:8:(9) 0.006514] /home/nguyen/ai/allreduce_simulate/SimGrid-3.19/src/smpi/colls/allreduce/allreduce-ntt-lr-lr-pipeline.cpp:141: [smpi_colls/WARNING] [NNNN] [8] inter lr allgather for step 0
[n9:9:(10) 0.006514] /home/nguyen/ai/allreduce_simulate/SimGrid-3.19/src/smpi/colls/allreduce/allreduce-ntt-lr-lr-pipeline.cpp:221: [smpi_colls/WARNING] [NNNN] [9] Phase 2-Computation: 0, 2
[n9:9:(10) 0.006514] /home/nguyen/ai/allreduce_simulate/SimGrid-3.19/src/smpi/colls/allreduce/allreduce-ntt-lr-lr-pipeline.cpp:134: [smpi_colls/WARNING] [NNNN] [9] Step 1
[n9:9:(10) 0.006514] /home/nguyen/ai/allreduce_simulate/SimGrid-3.19/src/smpi/colls/allreduce/allreduce-ntt-lr-lr-pipeline.cpp:141: [smpi_colls/WARNING] [NNNN] [9] inter lr allgather for step 0
[n2:2:(3) 0.006514] /home/nguyen/ai/allreduce_simulate/SimGrid-3.19/src/smpi/colls/allreduce/allreduce-ntt-lr-lr-pipeline.cpp:165: [smpi_colls/WARNING] [NNNN] [2] intra lr reduce-scatter for step 1
[n14:14:(15) 0.006514] /home/nguyen/ai/allreduce_simulate/SimGrid-3.19/src/smpi/colls/allreduce/allreduce-ntt-lr-lr-pipeline.cpp:165: [smpi_colls/WARNING] [NNNN] [14] intra lr reduce-scatter for step 1
[n6:6:(7) 0.006514] /home/nguyen/ai/allreduce_simulate/SimGrid-3.19/src/smpi/colls/allreduce/allreduce-ntt-lr-lr-pipeline.cpp:165: [smpi_colls/WARNING] [NNNN] [6] intra lr reduce-scatter for step 1
[n3:3:(4) 0.006514] /home/nguyen/ai/allreduce_simulate/SimGrid-3.19/src/smpi/colls/allreduce/allreduce-ntt-lr-lr-pipeline.cpp:165: [smpi_colls/WARNING] [NNNN] [3] intra lr reduce-scatter for step 1
[n15:15:(16) 0.006514] /home/nguyen/ai/allreduce_simulate/SimGrid-3.19/src/smpi/colls/allreduce/allreduce-ntt-lr-lr-pipeline.cpp:165: [smpi_colls/WARNING] [NNNN] [15] intra lr reduce-scatter for step 1
[n7:7:(8) 0.006514] /home/nguyen/ai/allreduce_simulate/SimGrid-3.19/src/smpi/colls/allreduce/allreduce-ntt-lr-lr-pipeline.cpp:165: [smpi_colls/WARNING] [NNNN] [7] intra lr reduce-scatter for step 1
[n10:10:(11) 0.006514] /home/nguyen/ai/allreduce_simulate/SimGrid-3.19/src/smpi/colls/allreduce/allreduce-ntt-lr-lr-pipeline.cpp:165: [smpi_colls/WARNING] [NNNN] [10] intra lr reduce-scatter for step 1
[n11:11:(12) 0.006514] /home/nguyen/ai/allreduce_simulate/SimGrid-3.19/src/smpi/colls/allreduce/allreduce-ntt-lr-lr-pipeline.cpp:165: [smpi_colls/WARNING] [NNNN] [11] intra lr reduce-scatter for step 1
[n0:0:(1) 0.006514] /home/nguyen/ai/allreduce_simulate/SimGrid-3.19/src/smpi/colls/allreduce/allreduce-ntt-lr-lr-pipeline.cpp:165: [smpi_colls/WARNING] [NNNN] [0] intra lr reduce-scatter for step 1
[n12:12:(13) 0.006514] /home/nguyen/ai/allreduce_simulate/SimGrid-3.19/src/smpi/colls/allreduce/allreduce-ntt-lr-lr-pipeline.cpp:165: [smpi_colls/WARNING] [NNNN] [12] intra lr reduce-scatter for step 1
[n4:4:(5) 0.006514] /home/nguyen/ai/allreduce_simulate/SimGrid-3.19/src/smpi/colls/allreduce/allreduce-ntt-lr-lr-pipeline.cpp:165: [smpi_colls/WARNING] [NNNN] [4] intra lr reduce-scatter for step 1
[n1:1:(2) 0.006514] /home/nguyen/ai/allreduce_simulate/SimGrid-3.19/src/smpi/colls/allreduce/allreduce-ntt-lr-lr-pipeline.cpp:165: [smpi_colls/WARNING] [NNNN] [1] intra lr reduce-scatter for step 1
[n13:13:(14) 0.006514] /home/nguyen/ai/allreduce_simulate/SimGrid-3.19/src/smpi/colls/allreduce/allreduce-ntt-lr-lr-pipeline.cpp:165: [smpi_colls/WARNING] [NNNN] [13] intra lr reduce-scatter for step 1
[n5:5:(6) 0.006514] /home/nguyen/ai/allreduce_simulate/SimGrid-3.19/src/smpi/colls/allreduce/allreduce-ntt-lr-lr-pipeline.cpp:165: [smpi_colls/WARNING] [NNNN] [5] intra lr reduce-scatter for step 1
[n8:8:(9) 0.006514] /home/nguyen/ai/allreduce_simulate/SimGrid-3.19/src/smpi/colls/allreduce/allreduce-ntt-lr-lr-pipeline.cpp:165: [smpi_colls/WARNING] [NNNN] [8] intra lr reduce-scatter for step 1
[n9:9:(10) 0.006514] /home/nguyen/ai/allreduce_simulate/SimGrid-3.19/src/smpi/colls/allreduce/allreduce-ntt-lr-lr-pipeline.cpp:165: [smpi_colls/WARNING] [NNNN] [9] intra lr reduce-scatter for step 1
[n2:2:(3) 0.007603] /home/nguyen/ai/allreduce_simulate/SimGrid-3.19/src/smpi/colls/allreduce/allreduce-ntt-lr-lr-pipeline.cpp:182: [smpi_colls/WARNING] [NNNN] [2] Wait phase 3 for step 0
[n1:1:(2) 0.007603] /home/nguyen/ai/allreduce_simulate/SimGrid-3.19/src/smpi/colls/allreduce/allreduce-ntt-lr-lr-pipeline.cpp:182: [smpi_colls/WARNING] [NNNN] [1] Wait phase 3 for step 0
[n0:0:(1) 0.007603] /home/nguyen/ai/allreduce_simulate/SimGrid-3.19/src/smpi/colls/allreduce/allreduce-ntt-lr-lr-pipeline.cpp:182: [smpi_colls/WARNING] [NNNN] [0] Wait phase 3 for step 0
[n3:3:(4) 0.007603] /home/nguyen/ai/allreduce_simulate/SimGrid-3.19/src/smpi/colls/allreduce/allreduce-ntt-lr-lr-pipeline.cpp:182: [smpi_colls/WARNING] [NNNN] [3] Wait phase 3 for step 0
[n14:14:(15) 0.007603] /home/nguyen/ai/allreduce_simulate/SimGrid-3.19/src/smpi/colls/allreduce/allreduce-ntt-lr-lr-pipeline.cpp:182: [smpi_colls/WARNING] [NNNN] [14] Wait phase 3 for step 0
[n13:13:(14) 0.007603] /home/nguyen/ai/allreduce_simulate/SimGrid-3.19/src/smpi/colls/allreduce/allreduce-ntt-lr-lr-pipeline.cpp:182: [smpi_colls/WARNING] [NNNN] [13] Wait phase 3 for step 0
[n12:12:(13) 0.007603] /home/nguyen/ai/allreduce_simulate/SimGrid-3.19/src/smpi/colls/allreduce/allreduce-ntt-lr-lr-pipeline.cpp:182: [smpi_colls/WARNING] [NNNN] [12] Wait phase 3 for step 0
[n15:15:(16) 0.007603] /home/nguyen/ai/allreduce_simulate/SimGrid-3.19/src/smpi/colls/allreduce/allreduce-ntt-lr-lr-pipeline.cpp:182: [smpi_colls/WARNING] [NNNN] [15] Wait phase 3 for step 0
[n6:6:(7) 0.007603] /home/nguyen/ai/allreduce_simulate/SimGrid-3.19/src/smpi/colls/allreduce/allreduce-ntt-lr-lr-pipeline.cpp:182: [smpi_colls/WARNING] [NNNN] [6] Wait phase 3 for step 0
[n5:5:(6) 0.007603] /home/nguyen/ai/allreduce_simulate/SimGrid-3.19/src/smpi/colls/allreduce/allreduce-ntt-lr-lr-pipeline.cpp:182: [smpi_colls/WARNING] [NNNN] [5] Wait phase 3 for step 0
[n4:4:(5) 0.007603] /home/nguyen/ai/allreduce_simulate/SimGrid-3.19/src/smpi/colls/allreduce/allreduce-ntt-lr-lr-pipeline.cpp:182: [smpi_colls/WARNING] [NNNN] [4] Wait phase 3 for step 0
[n7:7:(8) 0.007603] /home/nguyen/ai/allreduce_simulate/SimGrid-3.19/src/smpi/colls/allreduce/allreduce-ntt-lr-lr-pipeline.cpp:182: [smpi_colls/WARNING] [NNNN] [7] Wait phase 3 for step 0
[n10:10:(11) 0.007603] /home/nguyen/ai/allreduce_simulate/SimGrid-3.19/src/smpi/colls/allreduce/allreduce-ntt-lr-lr-pipeline.cpp:182: [smpi_colls/WARNING] [NNNN] [10] Wait phase 3 for step 0
[n9:9:(10) 0.007603] /home/nguyen/ai/allreduce_simulate/SimGrid-3.19/src/smpi/colls/allreduce/allreduce-ntt-lr-lr-pipeline.cpp:182: [smpi_colls/WARNING] [NNNN] [9] Wait phase 3 for step 0
[n8:8:(9) 0.007603] /home/nguyen/ai/allreduce_simulate/SimGrid-3.19/src/smpi/colls/allreduce/allreduce-ntt-lr-lr-pipeline.cpp:182: [smpi_colls/WARNING] [NNNN] [8] Wait phase 3 for step 0
[n11:11:(12) 0.007603] /home/nguyen/ai/allreduce_simulate/SimGrid-3.19/src/smpi/colls/allreduce/allreduce-ntt-lr-lr-pipeline.cpp:182: [smpi_colls/WARNING] [NNNN] [11] Wait phase 3 for step 0
[n2:2:(3) 0.010877] /home/nguyen/ai/allreduce_simulate/SimGrid-3.19/src/smpi/colls/allreduce/allreduce-ntt-lr-lr-pipeline.cpp:188: [smpi_colls/WARNING] [NNNN] [2] inter lr reduce-scatter
[n2:2:(3) 0.010877] /home/nguyen/ai/allreduce_simulate/SimGrid-3.19/src/smpi/colls/allreduce/allreduce-ntt-lr-lr-pipeline.cpp:199: [smpi_colls/WARNING] [NNNN] [2] intra lr allgather for step
[n6:6:(7) 0.010877] /home/nguyen/ai/allreduce_simulate/SimGrid-3.19/src/smpi/colls/allreduce/allreduce-ntt-lr-lr-pipeline.cpp:188: [smpi_colls/WARNING] [NNNN] [6] inter lr reduce-scatter
[n6:6:(7) 0.010877] /home/nguyen/ai/allreduce_simulate/SimGrid-3.19/src/smpi/colls/allreduce/allreduce-ntt-lr-lr-pipeline.cpp:199: [smpi_colls/WARNING] [NNNN] [6] intra lr allgather for step
[n3:3:(4) 0.010877] /home/nguyen/ai/allreduce_simulate/SimGrid-3.19/src/smpi/colls/allreduce/allreduce-ntt-lr-lr-pipeline.cpp:188: [smpi_colls/WARNING] [NNNN] [3] inter lr reduce-scatter
[n3:3:(4) 0.010877] /home/nguyen/ai/allreduce_simulate/SimGrid-3.19/src/smpi/colls/allreduce/allreduce-ntt-lr-lr-pipeline.cpp:199: [smpi_colls/WARNING] [NNNN] [3] intra lr allgather for step
[n7:7:(8) 0.010877] /home/nguyen/ai/allreduce_simulate/SimGrid-3.19/src/smpi/colls/allreduce/allreduce-ntt-lr-lr-pipeline.cpp:188: [smpi_colls/WARNING] [NNNN] [7] inter lr reduce-scatter
[n7:7:(8) 0.010877] /home/nguyen/ai/allreduce_simulate/SimGrid-3.19/src/smpi/colls/allreduce/allreduce-ntt-lr-lr-pipeline.cpp:199: [smpi_colls/WARNING] [NNNN] [7] intra lr allgather for step
[n15:15:(16) 0.010877] /home/nguyen/ai/allreduce_simulate/SimGrid-3.19/src/smpi/colls/allreduce/allreduce-ntt-lr-lr-pipeline.cpp:188: [smpi_colls/WARNING] [NNNN] [15] inter lr reduce-scatter
[n15:15:(16) 0.010877] /home/nguyen/ai/allreduce_simulate/SimGrid-3.19/src/smpi/colls/allreduce/allreduce-ntt-lr-lr-pipeline.cpp:199: [smpi_colls/WARNING] [NNNN] [15] intra lr allgather for step
[n14:14:(15) 0.010877] /home/nguyen/ai/allreduce_simulate/SimGrid-3.19/src/smpi/colls/allreduce/allreduce-ntt-lr-lr-pipeline.cpp:188: [smpi_colls/WARNING] [NNNN] [14] inter lr reduce-scatter
[n14:14:(15) 0.010877] /home/nguyen/ai/allreduce_simulate/SimGrid-3.19/src/smpi/colls/allreduce/allreduce-ntt-lr-lr-pipeline.cpp:199: [smpi_colls/WARNING] [NNNN] [14] intra lr allgather for step
[n11:11:(12) 0.010877] /home/nguyen/ai/allreduce_simulate/SimGrid-3.19/src/smpi/colls/allreduce/allreduce-ntt-lr-lr-pipeline.cpp:188: [smpi_colls/WARNING] [NNNN] [11] inter lr reduce-scatter
[n11:11:(12) 0.010877] /home/nguyen/ai/allreduce_simulate/SimGrid-3.19/src/smpi/colls/allreduce/allreduce-ntt-lr-lr-pipeline.cpp:199: [smpi_colls/WARNING] [NNNN] [11] intra lr allgather for step
[n10:10:(11) 0.010877] /home/nguyen/ai/allreduce_simulate/SimGrid-3.19/src/smpi/colls/allreduce/allreduce-ntt-lr-lr-pipeline.cpp:188: [smpi_colls/WARNING] [NNNN] [10] inter lr reduce-scatter
[n10:10:(11) 0.010877] /home/nguyen/ai/allreduce_simulate/SimGrid-3.19/src/smpi/colls/allreduce/allreduce-ntt-lr-lr-pipeline.cpp:199: [smpi_colls/WARNING] [NNNN] [10] intra lr allgather for step
[n0:0:(1) 0.010877] /home/nguyen/ai/allreduce_simulate/SimGrid-3.19/src/smpi/colls/allreduce/allreduce-ntt-lr-lr-pipeline.cpp:188: [smpi_colls/WARNING] [NNNN] [0] inter lr reduce-scatter
[n0:0:(1) 0.010877] /home/nguyen/ai/allreduce_simulate/SimGrid-3.19/src/smpi/colls/allreduce/allreduce-ntt-lr-lr-pipeline.cpp:199: [smpi_colls/WARNING] [NNNN] [0] intra lr allgather for step
[n4:4:(5) 0.010877] /home/nguyen/ai/allreduce_simulate/SimGrid-3.19/src/smpi/colls/allreduce/allreduce-ntt-lr-lr-pipeline.cpp:188: [smpi_colls/WARNING] [NNNN] [4] inter lr reduce-scatter
[n4:4:(5) 0.010877] /home/nguyen/ai/allreduce_simulate/SimGrid-3.19/src/smpi/colls/allreduce/allreduce-ntt-lr-lr-pipeline.cpp:199: [smpi_colls/WARNING] [NNNN] [4] intra lr allgather for step
[n1:1:(2) 0.010877] /home/nguyen/ai/allreduce_simulate/SimGrid-3.19/src/smpi/colls/allreduce/allreduce-ntt-lr-lr-pipeline.cpp:188: [smpi_colls/WARNING] [NNNN] [1] inter lr reduce-scatter
[n1:1:(2) 0.010877] /home/nguyen/ai/allreduce_simulate/SimGrid-3.19/src/smpi/colls/allreduce/allreduce-ntt-lr-lr-pipeline.cpp:199: [smpi_colls/WARNING] [NNNN] [1] intra lr allgather for step
[n5:5:(6) 0.010877] /home/nguyen/ai/allreduce_simulate/SimGrid-3.19/src/smpi/colls/allreduce/allreduce-ntt-lr-lr-pipeline.cpp:188: [smpi_colls/WARNING] [NNNN] [5] inter lr reduce-scatter
[n5:5:(6) 0.010877] /home/nguyen/ai/allreduce_simulate/SimGrid-3.19/src/smpi/colls/allreduce/allreduce-ntt-lr-lr-pipeline.cpp:199: [smpi_colls/WARNING] [NNNN] [5] intra lr allgather for step
[n13:13:(14) 0.010877] /home/nguyen/ai/allreduce_simulate/SimGrid-3.19/src/smpi/colls/allreduce/allreduce-ntt-lr-lr-pipeline.cpp:188: [smpi_colls/WARNING] [NNNN] [13] inter lr reduce-scatter
[n13:13:(14) 0.010877] /home/nguyen/ai/allreduce_simulate/SimGrid-3.19/src/smpi/colls/allreduce/allreduce-ntt-lr-lr-pipeline.cpp:199: [smpi_colls/WARNING] [NNNN] [13] intra lr allgather for step
[n12:12:(13) 0.010877] /home/nguyen/ai/allreduce_simulate/SimGrid-3.19/src/smpi/colls/allreduce/allreduce-ntt-lr-lr-pipeline.cpp:188: [smpi_colls/WARNING] [NNNN] [12] inter lr reduce-scatter
[n12:12:(13) 0.010877] /home/nguyen/ai/allreduce_simulate/SimGrid-3.19/src/smpi/colls/allreduce/allreduce-ntt-lr-lr-pipeline.cpp:199: [smpi_colls/WARNING] [NNNN] [12] intra lr allgather for step
[n9:9:(10) 0.010877] /home/nguyen/ai/allreduce_simulate/SimGrid-3.19/src/smpi/colls/allreduce/allreduce-ntt-lr-lr-pipeline.cpp:188: [smpi_colls/WARNING] [NNNN] [9] inter lr reduce-scatter
[n9:9:(10) 0.010877] /home/nguyen/ai/allreduce_simulate/SimGrid-3.19/src/smpi/colls/allreduce/allreduce-ntt-lr-lr-pipeline.cpp:199: [smpi_colls/WARNING] [NNNN] [9] intra lr allgather for step
[n8:8:(9) 0.010877] /home/nguyen/ai/allreduce_simulate/SimGrid-3.19/src/smpi/colls/allreduce/allreduce-ntt-lr-lr-pipeline.cpp:188: [smpi_colls/WARNING] [NNNN] [8] inter lr reduce-scatter
[n8:8:(9) 0.010877] /home/nguyen/ai/allreduce_simulate/SimGrid-3.19/src/smpi/colls/allreduce/allreduce-ntt-lr-lr-pipeline.cpp:199: [smpi_colls/WARNING] [NNNN] [8] intra lr allgather for step
[n2:2:(3) 0.010877] /home/nguyen/ai/allreduce_simulate/SimGrid-3.19/src/smpi/colls/allreduce/allreduce-ntt-lr-lr-pipeline.cpp:214: [smpi_colls/WARNING] [NNNN] [2] Phase 2-Communication: 1, 0
[n6:6:(7) 0.010877] /home/nguyen/ai/allreduce_simulate/SimGrid-3.19/src/smpi/colls/allreduce/allreduce-ntt-lr-lr-pipeline.cpp:214: [smpi_colls/WARNING] [NNNN] [6] Phase 2-Communication: 1, 0
[n3:3:(4) 0.010877] /home/nguyen/ai/allreduce_simulate/SimGrid-3.19/src/smpi/colls/allreduce/allreduce-ntt-lr-lr-pipeline.cpp:214: [smpi_colls/WARNING] [NNNN] [3] Phase 2-Communication: 1, 0
[n7:7:(8) 0.010877] /home/nguyen/ai/allreduce_simulate/SimGrid-3.19/src/smpi/colls/allreduce/allreduce-ntt-lr-lr-pipeline.cpp:214: [smpi_colls/WARNING] [NNNN] [7] Phase 2-Communication: 1, 0
[n15:15:(16) 0.010877] /home/nguyen/ai/allreduce_simulate/SimGrid-3.19/src/smpi/colls/allreduce/allreduce-ntt-lr-lr-pipeline.cpp:214: [smpi_colls/WARNING] [NNNN] [15] Phase 2-Communication: 1, 0
[n14:14:(15) 0.010877] /home/nguyen/ai/allreduce_simulate/SimGrid-3.19/src/smpi/colls/allreduce/allreduce-ntt-lr-lr-pipeline.cpp:214: [smpi_colls/WARNING] [NNNN] [14] Phase 2-Communication: 1, 0
[n11:11:(12) 0.010877] /home/nguyen/ai/allreduce_simulate/SimGrid-3.19/src/smpi/colls/allreduce/allreduce-ntt-lr-lr-pipeline.cpp:214: [smpi_colls/WARNING] [NNNN] [11] Phase 2-Communication: 1, 0
[n10:10:(11) 0.010877] /home/nguyen/ai/allreduce_simulate/SimGrid-3.19/src/smpi/colls/allreduce/allreduce-ntt-lr-lr-pipeline.cpp:214: [smpi_colls/WARNING] [NNNN] [10] Phase 2-Communication: 1, 0
[n0:0:(1) 0.010877] /home/nguyen/ai/allreduce_simulate/SimGrid-3.19/src/smpi/colls/allreduce/allreduce-ntt-lr-lr-pipeline.cpp:214: [smpi_colls/WARNING] [NNNN] [0] Phase 2-Communication: 1, 0
[n4:4:(5) 0.010877] /home/nguyen/ai/allreduce_simulate/SimGrid-3.19/src/smpi/colls/allreduce/allreduce-ntt-lr-lr-pipeline.cpp:214: [smpi_colls/WARNING] [NNNN] [4] Phase 2-Communication: 1, 0
[n1:1:(2) 0.010877] /home/nguyen/ai/allreduce_simulate/SimGrid-3.19/src/smpi/colls/allreduce/allreduce-ntt-lr-lr-pipeline.cpp:214: [smpi_colls/WARNING] [NNNN] [1] Phase 2-Communication: 1, 0
[n5:5:(6) 0.010877] /home/nguyen/ai/allreduce_simulate/SimGrid-3.19/src/smpi/colls/allreduce/allreduce-ntt-lr-lr-pipeline.cpp:214: [smpi_colls/WARNING] [NNNN] [5] Phase 2-Communication: 1, 0
[n13:13:(14) 0.010877] /home/nguyen/ai/allreduce_simulate/SimGrid-3.19/src/smpi/colls/allreduce/allreduce-ntt-lr-lr-pipeline.cpp:214: [smpi_colls/WARNING] [NNNN] [13] Phase 2-Communication: 1, 0
[n12:12:(13) 0.010877] /home/nguyen/ai/allreduce_simulate/SimGrid-3.19/src/smpi/colls/allreduce/allreduce-ntt-lr-lr-pipeline.cpp:214: [smpi_colls/WARNING] [NNNN] [12] Phase 2-Communication: 1, 0
[n9:9:(10) 0.010877] /home/nguyen/ai/allreduce_simulate/SimGrid-3.19/src/smpi/colls/allreduce/allreduce-ntt-lr-lr-pipeline.cpp:214: [smpi_colls/WARNING] [NNNN] [9] Phase 2-Communication: 1, 0
[n8:8:(9) 0.010877] /home/nguyen/ai/allreduce_simulate/SimGrid-3.19/src/smpi/colls/allreduce/allreduce-ntt-lr-lr-pipeline.cpp:214: [smpi_colls/WARNING] [NNNN] [8] Phase 2-Communication: 1, 0
[n14:14:(15) 0.012336] /home/nguyen/ai/allreduce_simulate/SimGrid-3.19/src/smpi/colls/allreduce/allreduce-ntt-lr-lr-pipeline.cpp:221: [smpi_colls/WARNING] [NNNN] [14] Phase 2-Computation: 1, 0
[n14:14:(15) 0.012336] /home/nguyen/ai/allreduce_simulate/SimGrid-3.19/src/smpi/colls/allreduce/allreduce-ntt-lr-lr-pipeline.cpp:214: [smpi_colls/WARNING] [NNNN] [14] Phase 2-Communication: 1, 1
[n10:10:(11) 0.012336] /home/nguyen/ai/allreduce_simulate/SimGrid-3.19/src/smpi/colls/allreduce/allreduce-ntt-lr-lr-pipeline.cpp:221: [smpi_colls/WARNING] [NNNN] [10] Phase 2-Computation: 1, 0
[n10:10:(11) 0.012336] /home/nguyen/ai/allreduce_simulate/SimGrid-3.19/src/smpi/colls/allreduce/allreduce-ntt-lr-lr-pipeline.cpp:214: [smpi_colls/WARNING] [NNNN] [10] Phase 2-Communication: 1, 1
[n2:2:(3) 0.012336] /home/nguyen/ai/allreduce_simulate/SimGrid-3.19/src/smpi/colls/allreduce/allreduce-ntt-lr-lr-pipeline.cpp:221: [smpi_colls/WARNING] [NNNN] [2] Phase 2-Computation: 1, 0
[n2:2:(3) 0.012336] /home/nguyen/ai/allreduce_simulate/SimGrid-3.19/src/smpi/colls/allreduce/allreduce-ntt-lr-lr-pipeline.cpp:214: [smpi_colls/WARNING] [NNNN] [2] Phase 2-Communication: 1, 1
[n15:15:(16) 0.012336] /home/nguyen/ai/allreduce_simulate/SimGrid-3.19/src/smpi/colls/allreduce/allreduce-ntt-lr-lr-pipeline.cpp:221: [smpi_colls/WARNING] [NNNN] [15] Phase 2-Computation: 1, 0
[n15:15:(16) 0.012336] /home/nguyen/ai/allreduce_simulate/SimGrid-3.19/src/smpi/colls/allreduce/allreduce-ntt-lr-lr-pipeline.cpp:214: [smpi_colls/WARNING] [NNNN] [15] Phase 2-Communication: 1, 1
[n11:11:(12) 0.012336] /home/nguyen/ai/allreduce_simulate/SimGrid-3.19/src/smpi/colls/allreduce/allreduce-ntt-lr-lr-pipeline.cpp:221: [smpi_colls/WARNING] [NNNN] [11] Phase 2-Computation: 1, 0
[n11:11:(12) 0.012336] /home/nguyen/ai/allreduce_simulate/SimGrid-3.19/src/smpi/colls/allreduce/allreduce-ntt-lr-lr-pipeline.cpp:214: [smpi_colls/WARNING] [NNNN] [11] Phase 2-Communication: 1, 1
[n3:3:(4) 0.012336] /home/nguyen/ai/allreduce_simulate/SimGrid-3.19/src/smpi/colls/allreduce/allreduce-ntt-lr-lr-pipeline.cpp:221: [smpi_colls/WARNING] [NNNN] [3] Phase 2-Computation: 1, 0
[n3:3:(4) 0.012336] /home/nguyen/ai/allreduce_simulate/SimGrid-3.19/src/smpi/colls/allreduce/allreduce-ntt-lr-lr-pipeline.cpp:214: [smpi_colls/WARNING] [NNNN] [3] Phase 2-Communication: 1, 1
[n6:6:(7) 0.012336] /home/nguyen/ai/allreduce_simulate/SimGrid-3.19/src/smpi/colls/allreduce/allreduce-ntt-lr-lr-pipeline.cpp:221: [smpi_colls/WARNING] [NNNN] [6] Phase 2-Computation: 1, 0
[n6:6:(7) 0.012336] /home/nguyen/ai/allreduce_simulate/SimGrid-3.19/src/smpi/colls/allreduce/allreduce-ntt-lr-lr-pipeline.cpp:214: [smpi_colls/WARNING] [NNNN] [6] Phase 2-Communication: 1, 1
[n7:7:(8) 0.012336] /home/nguyen/ai/allreduce_simulate/SimGrid-3.19/src/smpi/colls/allreduce/allreduce-ntt-lr-lr-pipeline.cpp:221: [smpi_colls/WARNING] [NNNN] [7] Phase 2-Computation: 1, 0
[n7:7:(8) 0.012336] /home/nguyen/ai/allreduce_simulate/SimGrid-3.19/src/smpi/colls/allreduce/allreduce-ntt-lr-lr-pipeline.cpp:214: [smpi_colls/WARNING] [NNNN] [7] Phase 2-Communication: 1, 1
[n12:12:(13) 0.012336] /home/nguyen/ai/allreduce_simulate/SimGrid-3.19/src/smpi/colls/allreduce/allreduce-ntt-lr-lr-pipeline.cpp:221: [smpi_colls/WARNING] [NNNN] [12] Phase 2-Computation: 1, 0
[n12:12:(13) 0.012336] /home/nguyen/ai/allreduce_simulate/SimGrid-3.19/src/smpi/colls/allreduce/allreduce-ntt-lr-lr-pipeline.cpp:214: [smpi_colls/WARNING] [NNNN] [12] Phase 2-Communication: 1, 1
[n8:8:(9) 0.012336] /home/nguyen/ai/allreduce_simulate/SimGrid-3.19/src/smpi/colls/allreduce/allreduce-ntt-lr-lr-pipeline.cpp:221: [smpi_colls/WARNING] [NNNN] [8] Phase 2-Computation: 1, 0
[n8:8:(9) 0.012336] /home/nguyen/ai/allreduce_simulate/SimGrid-3.19/src/smpi/colls/allreduce/allreduce-ntt-lr-lr-pipeline.cpp:214: [smpi_colls/WARNING] [NNNN] [8] Phase 2-Communication: 1, 1
[n0:0:(1) 0.012336] /home/nguyen/ai/allreduce_simulate/SimGrid-3.19/src/smpi/colls/allreduce/allreduce-ntt-lr-lr-pipeline.cpp:221: [smpi_colls/WARNING] [NNNN] [0] Phase 2-Computation: 1, 0
[n0:0:(1) 0.012336] /home/nguyen/ai/allreduce_simulate/SimGrid-3.19/src/smpi/colls/allreduce/allreduce-ntt-lr-lr-pipeline.cpp:214: [smpi_colls/WARNING] [NNNN] [0] Phase 2-Communication: 1, 1
[n13:13:(14) 0.012336] /home/nguyen/ai/allreduce_simulate/SimGrid-3.19/src/smpi/colls/allreduce/allreduce-ntt-lr-lr-pipeline.cpp:221: [smpi_colls/WARNING] [NNNN] [13] Phase 2-Computation: 1, 0
[n13:13:(14) 0.012336] /home/nguyen/ai/allreduce_simulate/SimGrid-3.19/src/smpi/colls/allreduce/allreduce-ntt-lr-lr-pipeline.cpp:214: [smpi_colls/WARNING] [NNNN] [13] Phase 2-Communication: 1, 1
[n9:9:(10) 0.012336] /home/nguyen/ai/allreduce_simulate/SimGrid-3.19/src/smpi/colls/allreduce/allreduce-ntt-lr-lr-pipeline.cpp:221: [smpi_colls/WARNING] [NNNN] [9] Phase 2-Computation: 1, 0
[n9:9:(10) 0.012336] /home/nguyen/ai/allreduce_simulate/SimGrid-3.19/src/smpi/colls/allreduce/allreduce-ntt-lr-lr-pipeline.cpp:214: [smpi_colls/WARNING] [NNNN] [9] Phase 2-Communication: 1, 1
[n1:1:(2) 0.012336] /home/nguyen/ai/allreduce_simulate/SimGrid-3.19/src/smpi/colls/allreduce/allreduce-ntt-lr-lr-pipeline.cpp:221: [smpi_colls/WARNING] [NNNN] [1] Phase 2-Computation: 1, 0
[n1:1:(2) 0.012336] /home/nguyen/ai/allreduce_simulate/SimGrid-3.19/src/smpi/colls/allreduce/allreduce-ntt-lr-lr-pipeline.cpp:214: [smpi_colls/WARNING] [NNNN] [1] Phase 2-Communication: 1, 1
[n4:4:(5) 0.012336] /home/nguyen/ai/allreduce_simulate/SimGrid-3.19/src/smpi/colls/allreduce/allreduce-ntt-lr-lr-pipeline.cpp:221: [smpi_colls/WARNING] [NNNN] [4] Phase 2-Computation: 1, 0
[n4:4:(5) 0.012336] /home/nguyen/ai/allreduce_simulate/SimGrid-3.19/src/smpi/colls/allreduce/allreduce-ntt-lr-lr-pipeline.cpp:214: [smpi_colls/WARNING] [NNNN] [4] Phase 2-Communication: 1, 1
[n5:5:(6) 0.012336] /home/nguyen/ai/allreduce_simulate/SimGrid-3.19/src/smpi/colls/allreduce/allreduce-ntt-lr-lr-pipeline.cpp:221: [smpi_colls/WARNING] [NNNN] [5] Phase 2-Computation: 1, 0
[n5:5:(6) 0.012336] /home/nguyen/ai/allreduce_simulate/SimGrid-3.19/src/smpi/colls/allreduce/allreduce-ntt-lr-lr-pipeline.cpp:214: [smpi_colls/WARNING] [NNNN] [5] Phase 2-Communication: 1, 1
[n10:10:(11) 0.013794] /home/nguyen/ai/allreduce_simulate/SimGrid-3.19/src/smpi/colls/allreduce/allreduce-ntt-lr-lr-pipeline.cpp:221: [smpi_colls/WARNING] [NNNN] [10] Phase 2-Computation: 1, 1
[n10:10:(11) 0.013794] /home/nguyen/ai/allreduce_simulate/SimGrid-3.19/src/smpi/colls/allreduce/allreduce-ntt-lr-lr-pipeline.cpp:214: [smpi_colls/WARNING] [NNNN] [10] Phase 2-Communication: 1, 2
[n6:6:(7) 0.013794] /home/nguyen/ai/allreduce_simulate/SimGrid-3.19/src/smpi/colls/allreduce/allreduce-ntt-lr-lr-pipeline.cpp:221: [smpi_colls/WARNING] [NNNN] [6] Phase 2-Computation: 1, 1
[n6:6:(7) 0.013794] /home/nguyen/ai/allreduce_simulate/SimGrid-3.19/src/smpi/colls/allreduce/allreduce-ntt-lr-lr-pipeline.cpp:214: [smpi_colls/WARNING] [NNNN] [6] Phase 2-Communication: 1, 2
[n14:14:(15) 0.013794] /home/nguyen/ai/allreduce_simulate/SimGrid-3.19/src/smpi/colls/allreduce/allreduce-ntt-lr-lr-pipeline.cpp:221: [smpi_colls/WARNING] [NNNN] [14] Phase 2-Computation: 1, 1
[n14:14:(15) 0.013794] /home/nguyen/ai/allreduce_simulate/SimGrid-3.19/src/smpi/colls/allreduce/allreduce-ntt-lr-lr-pipeline.cpp:214: [smpi_colls/WARNING] [NNNN] [14] Phase 2-Communication: 1, 2
[n11:11:(12) 0.013794] /home/nguyen/ai/allreduce_simulate/SimGrid-3.19/src/smpi/colls/allreduce/allreduce-ntt-lr-lr-pipeline.cpp:221: [smpi_colls/WARNING] [NNNN] [11] Phase 2-Computation: 1, 1
[n11:11:(12) 0.013794] /home/nguyen/ai/allreduce_simulate/SimGrid-3.19/src/smpi/colls/allreduce/allreduce-ntt-lr-lr-pipeline.cpp:214: [smpi_colls/WARNING] [NNNN] [11] Phase 2-Communication: 1, 2
[n7:7:(8) 0.013794] /home/nguyen/ai/allreduce_simulate/SimGrid-3.19/src/smpi/colls/allreduce/allreduce-ntt-lr-lr-pipeline.cpp:221: [smpi_colls/WARNING] [NNNN] [7] Phase 2-Computation: 1, 1
[n7:7:(8) 0.013794] /home/nguyen/ai/allreduce_simulate/SimGrid-3.19/src/smpi/colls/allreduce/allreduce-ntt-lr-lr-pipeline.cpp:214: [smpi_colls/WARNING] [NNNN] [7] Phase 2-Communication: 1, 2
[n15:15:(16) 0.013794] /home/nguyen/ai/allreduce_simulate/SimGrid-3.19/src/smpi/colls/allreduce/allreduce-ntt-lr-lr-pipeline.cpp:221: [smpi_colls/WARNING] [NNNN] [15] Phase 2-Computation: 1, 1
[n15:15:(16) 0.013794] /home/nguyen/ai/allreduce_simulate/SimGrid-3.19/src/smpi/colls/allreduce/allreduce-ntt-lr-lr-pipeline.cpp:214: [smpi_colls/WARNING] [NNNN] [15] Phase 2-Communication: 1, 2
[n3:3:(4) 0.013794] /home/nguyen/ai/allreduce_simulate/SimGrid-3.19/src/smpi/colls/allreduce/allreduce-ntt-lr-lr-pipeline.cpp:221: [smpi_colls/WARNING] [NNNN] [3] Phase 2-Computation: 1, 1
[n3:3:(4) 0.013794] /home/nguyen/ai/allreduce_simulate/SimGrid-3.19/src/smpi/colls/allreduce/allreduce-ntt-lr-lr-pipeline.cpp:214: [smpi_colls/WARNING] [NNNN] [3] Phase 2-Communication: 1, 2
[n2:2:(3) 0.013794] /home/nguyen/ai/allreduce_simulate/SimGrid-3.19/src/smpi/colls/allreduce/allreduce-ntt-lr-lr-pipeline.cpp:221: [smpi_colls/WARNING] [NNNN] [2] Phase 2-Computation: 1, 1
[n2:2:(3) 0.013794] /home/nguyen/ai/allreduce_simulate/SimGrid-3.19/src/smpi/colls/allreduce/allreduce-ntt-lr-lr-pipeline.cpp:214: [smpi_colls/WARNING] [NNNN] [2] Phase 2-Communication: 1, 2
[n8:8:(9) 0.013794] /home/nguyen/ai/allreduce_simulate/SimGrid-3.19/src/smpi/colls/allreduce/allreduce-ntt-lr-lr-pipeline.cpp:221: [smpi_colls/WARNING] [NNNN] [8] Phase 2-Computation: 1, 1
[n8:8:(9) 0.013794] /home/nguyen/ai/allreduce_simulate/SimGrid-3.19/src/smpi/colls/allreduce/allreduce-ntt-lr-lr-pipeline.cpp:214: [smpi_colls/WARNING] [NNNN] [8] Phase 2-Communication: 1, 2
[n4:4:(5) 0.013794] /home/nguyen/ai/allreduce_simulate/SimGrid-3.19/src/smpi/colls/allreduce/allreduce-ntt-lr-lr-pipeline.cpp:221: [smpi_colls/WARNING] [NNNN] [4] Phase 2-Computation: 1, 1
[n4:4:(5) 0.013794] /home/nguyen/ai/allreduce_simulate/SimGrid-3.19/src/smpi/colls/allreduce/allreduce-ntt-lr-lr-pipeline.cpp:214: [smpi_colls/WARNING] [NNNN] [4] Phase 2-Communication: 1, 2
[n12:12:(13) 0.013794] /home/nguyen/ai/allreduce_simulate/SimGrid-3.19/src/smpi/colls/allreduce/allreduce-ntt-lr-lr-pipeline.cpp:221: [smpi_colls/WARNING] [NNNN] [12] Phase 2-Computation: 1, 1
[n12:12:(13) 0.013794] /home/nguyen/ai/allreduce_simulate/SimGrid-3.19/src/smpi/colls/allreduce/allreduce-ntt-lr-lr-pipeline.cpp:214: [smpi_colls/WARNING] [NNNN] [12] Phase 2-Communication: 1, 2
[n9:9:(10) 0.013794] /home/nguyen/ai/allreduce_simulate/SimGrid-3.19/src/smpi/colls/allreduce/allreduce-ntt-lr-lr-pipeline.cpp:221: [smpi_colls/WARNING] [NNNN] [9] Phase 2-Computation: 1, 1
[n9:9:(10) 0.013794] /home/nguyen/ai/allreduce_simulate/SimGrid-3.19/src/smpi/colls/allreduce/allreduce-ntt-lr-lr-pipeline.cpp:214: [smpi_colls/WARNING] [NNNN] [9] Phase 2-Communication: 1, 2
[n5:5:(6) 0.013794] /home/nguyen/ai/allreduce_simulate/SimGrid-3.19/src/smpi/colls/allreduce/allreduce-ntt-lr-lr-pipeline.cpp:221: [smpi_colls/WARNING] [NNNN] [5] Phase 2-Computation: 1, 1
[n5:5:(6) 0.013794] /home/nguyen/ai/allreduce_simulate/SimGrid-3.19/src/smpi/colls/allreduce/allreduce-ntt-lr-lr-pipeline.cpp:214: [smpi_colls/WARNING] [NNNN] [5] Phase 2-Communication: 1, 2
[n13:13:(14) 0.013794] /home/nguyen/ai/allreduce_simulate/SimGrid-3.19/src/smpi/colls/allreduce/allreduce-ntt-lr-lr-pipeline.cpp:221: [smpi_colls/WARNING] [NNNN] [13] Phase 2-Computation: 1, 1
[n13:13:(14) 0.013794] /home/nguyen/ai/allreduce_simulate/SimGrid-3.19/src/smpi/colls/allreduce/allreduce-ntt-lr-lr-pipeline.cpp:214: [smpi_colls/WARNING] [NNNN] [13] Phase 2-Communication: 1, 2
[n1:1:(2) 0.013794] /home/nguyen/ai/allreduce_simulate/SimGrid-3.19/src/smpi/colls/allreduce/allreduce-ntt-lr-lr-pipeline.cpp:221: [smpi_colls/WARNING] [NNNN] [1] Phase 2-Computation: 1, 1
[n1:1:(2) 0.013794] /home/nguyen/ai/allreduce_simulate/SimGrid-3.19/src/smpi/colls/allreduce/allreduce-ntt-lr-lr-pipeline.cpp:214: [smpi_colls/WARNING] [NNNN] [1] Phase 2-Communication: 1, 2
[n0:0:(1) 0.013794] /home/nguyen/ai/allreduce_simulate/SimGrid-3.19/src/smpi/colls/allreduce/allreduce-ntt-lr-lr-pipeline.cpp:221: [smpi_colls/WARNING] [NNNN] [0] Phase 2-Computation: 1, 1
[n0:0:(1) 0.013794] /home/nguyen/ai/allreduce_simulate/SimGrid-3.19/src/smpi/colls/allreduce/allreduce-ntt-lr-lr-pipeline.cpp:214: [smpi_colls/WARNING] [NNNN] [0] Phase 2-Communication: 1, 2
[n6:6:(7) 0.015252] /home/nguyen/ai/allreduce_simulate/SimGrid-3.19/src/smpi/colls/allreduce/allreduce-ntt-lr-lr-pipeline.cpp:221: [smpi_colls/WARNING] [NNNN] [6] Phase 2-Computation: 1, 2
[n6:6:(7) 0.015252] /home/nguyen/ai/allreduce_simulate/SimGrid-3.19/src/smpi/colls/allreduce/allreduce-ntt-lr-lr-pipeline.cpp:230: [smpi_colls/WARNING] [NNNN] [6] Wait  phase 4 for step 0
[n2:2:(3) 0.015252] /home/nguyen/ai/allreduce_simulate/SimGrid-3.19/src/smpi/colls/allreduce/allreduce-ntt-lr-lr-pipeline.cpp:221: [smpi_colls/WARNING] [NNNN] [2] Phase 2-Computation: 1, 2
[n2:2:(3) 0.015252] /home/nguyen/ai/allreduce_simulate/SimGrid-3.19/src/smpi/colls/allreduce/allreduce-ntt-lr-lr-pipeline.cpp:230: [smpi_colls/WARNING] [NNNN] [2] Wait  phase 4 for step 0
[n10:10:(11) 0.015252] /home/nguyen/ai/allreduce_simulate/SimGrid-3.19/src/smpi/colls/allreduce/allreduce-ntt-lr-lr-pipeline.cpp:221: [smpi_colls/WARNING] [NNNN] [10] Phase 2-Computation: 1, 2
[n10:10:(11) 0.015252] /home/nguyen/ai/allreduce_simulate/SimGrid-3.19/src/smpi/colls/allreduce/allreduce-ntt-lr-lr-pipeline.cpp:230: [smpi_colls/WARNING] [NNNN] [10] Wait  phase 4 for step 0
[n7:7:(8) 0.015252] /home/nguyen/ai/allreduce_simulate/SimGrid-3.19/src/smpi/colls/allreduce/allreduce-ntt-lr-lr-pipeline.cpp:221: [smpi_colls/WARNING] [NNNN] [7] Phase 2-Computation: 1, 2
[n7:7:(8) 0.015252] /home/nguyen/ai/allreduce_simulate/SimGrid-3.19/src/smpi/colls/allreduce/allreduce-ntt-lr-lr-pipeline.cpp:230: [smpi_colls/WARNING] [NNNN] [7] Wait  phase 4 for step 0
[n3:3:(4) 0.015252] /home/nguyen/ai/allreduce_simulate/SimGrid-3.19/src/smpi/colls/allreduce/allreduce-ntt-lr-lr-pipeline.cpp:221: [smpi_colls/WARNING] [NNNN] [3] Phase 2-Computation: 1, 2
[n3:3:(4) 0.015252] /home/nguyen/ai/allreduce_simulate/SimGrid-3.19/src/smpi/colls/allreduce/allreduce-ntt-lr-lr-pipeline.cpp:230: [smpi_colls/WARNING] [NNNN] [3] Wait  phase 4 for step 0
[n11:11:(12) 0.015252] /home/nguyen/ai/allreduce_simulate/SimGrid-3.19/src/smpi/colls/allreduce/allreduce-ntt-lr-lr-pipeline.cpp:221: [smpi_colls/WARNING] [NNNN] [11] Phase 2-Computation: 1, 2
[n11:11:(12) 0.015252] /home/nguyen/ai/allreduce_simulate/SimGrid-3.19/src/smpi/colls/allreduce/allreduce-ntt-lr-lr-pipeline.cpp:230: [smpi_colls/WARNING] [NNNN] [11] Wait  phase 4 for step 0
[n14:14:(15) 0.015252] /home/nguyen/ai/allreduce_simulate/SimGrid-3.19/src/smpi/colls/allreduce/allreduce-ntt-lr-lr-pipeline.cpp:221: [smpi_colls/WARNING] [NNNN] [14] Phase 2-Computation: 1, 2
[n14:14:(15) 0.015252] /home/nguyen/ai/allreduce_simulate/SimGrid-3.19/src/smpi/colls/allreduce/allreduce-ntt-lr-lr-pipeline.cpp:230: [smpi_colls/WARNING] [NNNN] [14] Wait  phase 4 for step 0
[n15:15:(16) 0.015252] /home/nguyen/ai/allreduce_simulate/SimGrid-3.19/src/smpi/colls/allreduce/allreduce-ntt-lr-lr-pipeline.cpp:221: [smpi_colls/WARNING] [NNNN] [15] Phase 2-Computation: 1, 2
[n15:15:(16) 0.015252] /home/nguyen/ai/allreduce_simulate/SimGrid-3.19/src/smpi/colls/allreduce/allreduce-ntt-lr-lr-pipeline.cpp:230: [smpi_colls/WARNING] [NNNN] [15] Wait  phase 4 for step 0
[n4:4:(5) 0.015252] /home/nguyen/ai/allreduce_simulate/SimGrid-3.19/src/smpi/colls/allreduce/allreduce-ntt-lr-lr-pipeline.cpp:221: [smpi_colls/WARNING] [NNNN] [4] Phase 2-Computation: 1, 2
[n4:4:(5) 0.015252] /home/nguyen/ai/allreduce_simulate/SimGrid-3.19/src/smpi/colls/allreduce/allreduce-ntt-lr-lr-pipeline.cpp:230: [smpi_colls/WARNING] [NNNN] [4] Wait  phase 4 for step 0
[n0:0:(1) 0.015252] /home/nguyen/ai/allreduce_simulate/SimGrid-3.19/src/smpi/colls/allreduce/allreduce-ntt-lr-lr-pipeline.cpp:221: [smpi_colls/WARNING] [NNNN] [0] Phase 2-Computation: 1, 2
[n0:0:(1) 0.015252] /home/nguyen/ai/allreduce_simulate/SimGrid-3.19/src/smpi/colls/allreduce/allreduce-ntt-lr-lr-pipeline.cpp:230: [smpi_colls/WARNING] [NNNN] [0] Wait  phase 4 for step 0
[n8:8:(9) 0.015252] /home/nguyen/ai/allreduce_simulate/SimGrid-3.19/src/smpi/colls/allreduce/allreduce-ntt-lr-lr-pipeline.cpp:221: [smpi_colls/WARNING] [NNNN] [8] Phase 2-Computation: 1, 2
[n8:8:(9) 0.015252] /home/nguyen/ai/allreduce_simulate/SimGrid-3.19/src/smpi/colls/allreduce/allreduce-ntt-lr-lr-pipeline.cpp:230: [smpi_colls/WARNING] [NNNN] [8] Wait  phase 4 for step 0
[n5:5:(6) 0.015252] /home/nguyen/ai/allreduce_simulate/SimGrid-3.19/src/smpi/colls/allreduce/allreduce-ntt-lr-lr-pipeline.cpp:221: [smpi_colls/WARNING] [NNNN] [5] Phase 2-Computation: 1, 2
[n5:5:(6) 0.015252] /home/nguyen/ai/allreduce_simulate/SimGrid-3.19/src/smpi/colls/allreduce/allreduce-ntt-lr-lr-pipeline.cpp:230: [smpi_colls/WARNING] [NNNN] [5] Wait  phase 4 for step 0
[n1:1:(2) 0.015252] /home/nguyen/ai/allreduce_simulate/SimGrid-3.19/src/smpi/colls/allreduce/allreduce-ntt-lr-lr-pipeline.cpp:221: [smpi_colls/WARNING] [NNNN] [1] Phase 2-Computation: 1, 2
[n1:1:(2) 0.015252] /home/nguyen/ai/allreduce_simulate/SimGrid-3.19/src/smpi/colls/allreduce/allreduce-ntt-lr-lr-pipeline.cpp:230: [smpi_colls/WARNING] [NNNN] [1] Wait  phase 4 for step 0
[n9:9:(10) 0.015252] /home/nguyen/ai/allreduce_simulate/SimGrid-3.19/src/smpi/colls/allreduce/allreduce-ntt-lr-lr-pipeline.cpp:221: [smpi_colls/WARNING] [NNNN] [9] Phase 2-Computation: 1, 2
[n9:9:(10) 0.015252] /home/nguyen/ai/allreduce_simulate/SimGrid-3.19/src/smpi/colls/allreduce/allreduce-ntt-lr-lr-pipeline.cpp:230: [smpi_colls/WARNING] [NNNN] [9] Wait  phase 4 for step 0
[n12:12:(13) 0.015252] /home/nguyen/ai/allreduce_simulate/SimGrid-3.19/src/smpi/colls/allreduce/allreduce-ntt-lr-lr-pipeline.cpp:221: [smpi_colls/WARNING] [NNNN] [12] Phase 2-Computation: 1, 2
[n12:12:(13) 0.015252] /home/nguyen/ai/allreduce_simulate/SimGrid-3.19/src/smpi/colls/allreduce/allreduce-ntt-lr-lr-pipeline.cpp:230: [smpi_colls/WARNING] [NNNN] [12] Wait  phase 4 for step 0
[n13:13:(14) 0.015252] /home/nguyen/ai/allreduce_simulate/SimGrid-3.19/src/smpi/colls/allreduce/allreduce-ntt-lr-lr-pipeline.cpp:221: [smpi_colls/WARNING] [NNNN] [13] Phase 2-Computation: 1, 2
[n13:13:(14) 0.015252] /home/nguyen/ai/allreduce_simulate/SimGrid-3.19/src/smpi/colls/allreduce/allreduce-ntt-lr-lr-pipeline.cpp:230: [smpi_colls/WARNING] [NNNN] [13] Wait  phase 4 for step 0
[n6:6:(7) 0.015252] /home/nguyen/ai/allreduce_simulate/SimGrid-3.19/src/smpi/colls/allreduce/allreduce-ntt-lr-lr-pipeline.cpp:134: [smpi_colls/WARNING] [NNNN] [6] Step 2
[n6:6:(7) 0.015252] /home/nguyen/ai/allreduce_simulate/SimGrid-3.19/src/smpi/colls/allreduce/allreduce-ntt-lr-lr-pipeline.cpp:239: [smpi_colls/WARNING] [NNNN] [6] Last inter lr allgather at step 2
[n2:2:(3) 0.015252] /home/nguyen/ai/allreduce_simulate/SimGrid-3.19/src/smpi/colls/allreduce/allreduce-ntt-lr-lr-pipeline.cpp:134: [smpi_colls/WARNING] [NNNN] [2] Step 2
[n2:2:(3) 0.015252] /home/nguyen/ai/allreduce_simulate/SimGrid-3.19/src/smpi/colls/allreduce/allreduce-ntt-lr-lr-pipeline.cpp:239: [smpi_colls/WARNING] [NNNN] [2] Last inter lr allgather at step 2
[n10:10:(11) 0.015252] /home/nguyen/ai/allreduce_simulate/SimGrid-3.19/src/smpi/colls/allreduce/allreduce-ntt-lr-lr-pipeline.cpp:134: [smpi_colls/WARNING] [NNNN] [10] Step 2
[n10:10:(11) 0.015252] /home/nguyen/ai/allreduce_simulate/SimGrid-3.19/src/smpi/colls/allreduce/allreduce-ntt-lr-lr-pipeline.cpp:239: [smpi_colls/WARNING] [NNNN] [10] Last inter lr allgather at step 2
[n7:7:(8) 0.015252] /home/nguyen/ai/allreduce_simulate/SimGrid-3.19/src/smpi/colls/allreduce/allreduce-ntt-lr-lr-pipeline.cpp:134: [smpi_colls/WARNING] [NNNN] [7] Step 2
[n7:7:(8) 0.015252] /home/nguyen/ai/allreduce_simulate/SimGrid-3.19/src/smpi/colls/allreduce/allreduce-ntt-lr-lr-pipeline.cpp:239: [smpi_colls/WARNING] [NNNN] [7] Last inter lr allgather at step 2
[n3:3:(4) 0.015252] /home/nguyen/ai/allreduce_simulate/SimGrid-3.19/src/smpi/colls/allreduce/allreduce-ntt-lr-lr-pipeline.cpp:134: [smpi_colls/WARNING] [NNNN] [3] Step 2
[n3:3:(4) 0.015252] /home/nguyen/ai/allreduce_simulate/SimGrid-3.19/src/smpi/colls/allreduce/allreduce-ntt-lr-lr-pipeline.cpp:239: [smpi_colls/WARNING] [NNNN] [3] Last inter lr allgather at step 2
[n11:11:(12) 0.015252] /home/nguyen/ai/allreduce_simulate/SimGrid-3.19/src/smpi/colls/allreduce/allreduce-ntt-lr-lr-pipeline.cpp:134: [smpi_colls/WARNING] [NNNN] [11] Step 2
[n11:11:(12) 0.015252] /home/nguyen/ai/allreduce_simulate/SimGrid-3.19/src/smpi/colls/allreduce/allreduce-ntt-lr-lr-pipeline.cpp:239: [smpi_colls/WARNING] [NNNN] [11] Last inter lr allgather at step 2
[n14:14:(15) 0.015252] /home/nguyen/ai/allreduce_simulate/SimGrid-3.19/src/smpi/colls/allreduce/allreduce-ntt-lr-lr-pipeline.cpp:134: [smpi_colls/WARNING] [NNNN] [14] Step 2
[n14:14:(15) 0.015252] /home/nguyen/ai/allreduce_simulate/SimGrid-3.19/src/smpi/colls/allreduce/allreduce-ntt-lr-lr-pipeline.cpp:239: [smpi_colls/WARNING] [NNNN] [14] Last inter lr allgather at step 2
[n15:15:(16) 0.015252] /home/nguyen/ai/allreduce_simulate/SimGrid-3.19/src/smpi/colls/allreduce/allreduce-ntt-lr-lr-pipeline.cpp:134: [smpi_colls/WARNING] [NNNN] [15] Step 2
[n15:15:(16) 0.015252] /home/nguyen/ai/allreduce_simulate/SimGrid-3.19/src/smpi/colls/allreduce/allreduce-ntt-lr-lr-pipeline.cpp:239: [smpi_colls/WARNING] [NNNN] [15] Last inter lr allgather at step 2
[n4:4:(5) 0.015252] /home/nguyen/ai/allreduce_simulate/SimGrid-3.19/src/smpi/colls/allreduce/allreduce-ntt-lr-lr-pipeline.cpp:134: [smpi_colls/WARNING] [NNNN] [4] Step 2
[n4:4:(5) 0.015252] /home/nguyen/ai/allreduce_simulate/SimGrid-3.19/src/smpi/colls/allreduce/allreduce-ntt-lr-lr-pipeline.cpp:239: [smpi_colls/WARNING] [NNNN] [4] Last inter lr allgather at step 2
[n0:0:(1) 0.015252] /home/nguyen/ai/allreduce_simulate/SimGrid-3.19/src/smpi/colls/allreduce/allreduce-ntt-lr-lr-pipeline.cpp:134: [smpi_colls/WARNING] [NNNN] [0] Step 2
[n0:0:(1) 0.015252] /home/nguyen/ai/allreduce_simulate/SimGrid-3.19/src/smpi/colls/allreduce/allreduce-ntt-lr-lr-pipeline.cpp:239: [smpi_colls/WARNING] [NNNN] [0] Last inter lr allgather at step 2
[n8:8:(9) 0.015252] /home/nguyen/ai/allreduce_simulate/SimGrid-3.19/src/smpi/colls/allreduce/allreduce-ntt-lr-lr-pipeline.cpp:134: [smpi_colls/WARNING] [NNNN] [8] Step 2
[n8:8:(9) 0.015252] /home/nguyen/ai/allreduce_simulate/SimGrid-3.19/src/smpi/colls/allreduce/allreduce-ntt-lr-lr-pipeline.cpp:239: [smpi_colls/WARNING] [NNNN] [8] Last inter lr allgather at step 2
[n5:5:(6) 0.015252] /home/nguyen/ai/allreduce_simulate/SimGrid-3.19/src/smpi/colls/allreduce/allreduce-ntt-lr-lr-pipeline.cpp:134: [smpi_colls/WARNING] [NNNN] [5] Step 2
[n5:5:(6) 0.015252] /home/nguyen/ai/allreduce_simulate/SimGrid-3.19/src/smpi/colls/allreduce/allreduce-ntt-lr-lr-pipeline.cpp:239: [smpi_colls/WARNING] [NNNN] [5] Last inter lr allgather at step 2
[n1:1:(2) 0.015252] /home/nguyen/ai/allreduce_simulate/SimGrid-3.19/src/smpi/colls/allreduce/allreduce-ntt-lr-lr-pipeline.cpp:134: [smpi_colls/WARNING] [NNNN] [1] Step 2
[n1:1:(2) 0.015252] /home/nguyen/ai/allreduce_simulate/SimGrid-3.19/src/smpi/colls/allreduce/allreduce-ntt-lr-lr-pipeline.cpp:239: [smpi_colls/WARNING] [NNNN] [1] Last inter lr allgather at step 2
[n9:9:(10) 0.015252] /home/nguyen/ai/allreduce_simulate/SimGrid-3.19/src/smpi/colls/allreduce/allreduce-ntt-lr-lr-pipeline.cpp:134: [smpi_colls/WARNING] [NNNN] [9] Step 2
[n9:9:(10) 0.015252] /home/nguyen/ai/allreduce_simulate/SimGrid-3.19/src/smpi/colls/allreduce/allreduce-ntt-lr-lr-pipeline.cpp:239: [smpi_colls/WARNING] [NNNN] [9] Last inter lr allgather at step 2
[n12:12:(13) 0.015252] /home/nguyen/ai/allreduce_simulate/SimGrid-3.19/src/smpi/colls/allreduce/allreduce-ntt-lr-lr-pipeline.cpp:134: [smpi_colls/WARNING] [NNNN] [12] Step 2
[n12:12:(13) 0.015252] /home/nguyen/ai/allreduce_simulate/SimGrid-3.19/src/smpi/colls/allreduce/allreduce-ntt-lr-lr-pipeline.cpp:239: [smpi_colls/WARNING] [NNNN] [12] Last inter lr allgather at step 2
[n13:13:(14) 0.015252] /home/nguyen/ai/allreduce_simulate/SimGrid-3.19/src/smpi/colls/allreduce/allreduce-ntt-lr-lr-pipeline.cpp:134: [smpi_colls/WARNING] [NNNN] [13] Step 2
[n13:13:(14) 0.015252] /home/nguyen/ai/allreduce_simulate/SimGrid-3.19/src/smpi/colls/allreduce/allreduce-ntt-lr-lr-pipeline.cpp:239: [smpi_colls/WARNING] [NNNN] [13] Last inter lr allgather at step 2
[n10:10:(11) 0.019626] /home/nguyen/ai/allreduce_simulate/SimGrid-3.19/src/smpi/colls/allreduce/allreduce-ntt-lr-lr-pipeline.cpp:250: [smpi_colls/WARNING] [NNNN] [10] Last intra lr allgather at step 2
[n6:6:(7) 0.019626] /home/nguyen/ai/allreduce_simulate/SimGrid-3.19/src/smpi/colls/allreduce/allreduce-ntt-lr-lr-pipeline.cpp:250: [smpi_colls/WARNING] [NNNN] [6] Last intra lr allgather at step 2
[n14:14:(15) 0.019626] /home/nguyen/ai/allreduce_simulate/SimGrid-3.19/src/smpi/colls/allreduce/allreduce-ntt-lr-lr-pipeline.cpp:250: [smpi_colls/WARNING] [NNNN] [14] Last intra lr allgather at step 2
[n11:11:(12) 0.019626] /home/nguyen/ai/allreduce_simulate/SimGrid-3.19/src/smpi/colls/allreduce/allreduce-ntt-lr-lr-pipeline.cpp:250: [smpi_colls/WARNING] [NNNN] [11] Last intra lr allgather at step 2
[n7:7:(8) 0.019626] /home/nguyen/ai/allreduce_simulate/SimGrid-3.19/src/smpi/colls/allreduce/allreduce-ntt-lr-lr-pipeline.cpp:250: [smpi_colls/WARNING] [NNNN] [7] Last intra lr allgather at step 2
[n15:15:(16) 0.019626] /home/nguyen/ai/allreduce_simulate/SimGrid-3.19/src/smpi/colls/allreduce/allreduce-ntt-lr-lr-pipeline.cpp:250: [smpi_colls/WARNING] [NNNN] [15] Last intra lr allgather at step 2
[n3:3:(4) 0.019626] /home/nguyen/ai/allreduce_simulate/SimGrid-3.19/src/smpi/colls/allreduce/allreduce-ntt-lr-lr-pipeline.cpp:250: [smpi_colls/WARNING] [NNNN] [3] Last intra lr allgather at step 2
[n2:2:(3) 0.019626] /home/nguyen/ai/allreduce_simulate/SimGrid-3.19/src/smpi/colls/allreduce/allreduce-ntt-lr-lr-pipeline.cpp:250: [smpi_colls/WARNING] [NNNN] [2] Last intra lr allgather at step 2
[n8:8:(9) 0.019626] /home/nguyen/ai/allreduce_simulate/SimGrid-3.19/src/smpi/colls/allreduce/allreduce-ntt-lr-lr-pipeline.cpp:250: [smpi_colls/WARNING] [NNNN] [8] Last intra lr allgather at step 2
[n4:4:(5) 0.019626] /home/nguyen/ai/allreduce_simulate/SimGrid-3.19/src/smpi/colls/allreduce/allreduce-ntt-lr-lr-pipeline.cpp:250: [smpi_colls/WARNING] [NNNN] [4] Last intra lr allgather at step 2
[n12:12:(13) 0.019626] /home/nguyen/ai/allreduce_simulate/SimGrid-3.19/src/smpi/colls/allreduce/allreduce-ntt-lr-lr-pipeline.cpp:250: [smpi_colls/WARNING] [NNNN] [12] Last intra lr allgather at step 2
[n9:9:(10) 0.019626] /home/nguyen/ai/allreduce_simulate/SimGrid-3.19/src/smpi/colls/allreduce/allreduce-ntt-lr-lr-pipeline.cpp:250: [smpi_colls/WARNING] [NNNN] [9] Last intra lr allgather at step 2
[n5:5:(6) 0.019626] /home/nguyen/ai/allreduce_simulate/SimGrid-3.19/src/smpi/colls/allreduce/allreduce-ntt-lr-lr-pipeline.cpp:250: [smpi_colls/WARNING] [NNNN] [5] Last intra lr allgather at step 2
[n13:13:(14) 0.019626] /home/nguyen/ai/allreduce_simulate/SimGrid-3.19/src/smpi/colls/allreduce/allreduce-ntt-lr-lr-pipeline.cpp:250: [smpi_colls/WARNING] [NNNN] [13] Last intra lr allgather at step 2
[n1:1:(2) 0.019626] /home/nguyen/ai/allreduce_simulate/SimGrid-3.19/src/smpi/colls/allreduce/allreduce-ntt-lr-lr-pipeline.cpp:250: [smpi_colls/WARNING] [NNNN] [1] Last intra lr allgather at step 2
[n0:0:(1) 0.019626] /home/nguyen/ai/allreduce_simulate/SimGrid-3.19/src/smpi/colls/allreduce/allreduce-ntt-lr-lr-pipeline.cpp:250: [smpi_colls/WARNING] [NNNN] [0] Last intra lr allgather at step 2
[n10:10:(11) 0.020716] /home/nguyen/ai/allreduce_simulate/SimGrid-3.19/src/smpi/colls/allreduce/allreduce-ntt-lr-lr-pipeline.cpp:282: [smpi_colls/WARNING] [NNNN] [10] Finish algorithm
[n9:9:(10) 0.020716] /home/nguyen/ai/allreduce_simulate/SimGrid-3.19/src/smpi/colls/allreduce/allreduce-ntt-lr-lr-pipeline.cpp:282: [smpi_colls/WARNING] [NNNN] [9] Finish algorithm
[n8:8:(9) 0.020716] /home/nguyen/ai/allreduce_simulate/SimGrid-3.19/src/smpi/colls/allreduce/allreduce-ntt-lr-lr-pipeline.cpp:282: [smpi_colls/WARNING] [NNNN] [8] Finish algorithm
[n11:11:(12) 0.020716] /home/nguyen/ai/allreduce_simulate/SimGrid-3.19/src/smpi/colls/allreduce/allreduce-ntt-lr-lr-pipeline.cpp:282: [smpi_colls/WARNING] [NNNN] [11] Finish algorithm
[n6:6:(7) 0.020716] /home/nguyen/ai/allreduce_simulate/SimGrid-3.19/src/smpi/colls/allreduce/allreduce-ntt-lr-lr-pipeline.cpp:282: [smpi_colls/WARNING] [NNNN] [6] Finish algorithm
[n5:5:(6) 0.020716] /home/nguyen/ai/allreduce_simulate/SimGrid-3.19/src/smpi/colls/allreduce/allreduce-ntt-lr-lr-pipeline.cpp:282: [smpi_colls/WARNING] [NNNN] [5] Finish algorithm
[n4:4:(5) 0.020716] /home/nguyen/ai/allreduce_simulate/SimGrid-3.19/src/smpi/colls/allreduce/allreduce-ntt-lr-lr-pipeline.cpp:282: [smpi_colls/WARNING] [NNNN] [4] Finish algorithm
[n7:7:(8) 0.020716] /home/nguyen/ai/allreduce_simulate/SimGrid-3.19/src/smpi/colls/allreduce/allreduce-ntt-lr-lr-pipeline.cpp:282: [smpi_colls/WARNING] [NNNN] [7] Finish algorithm
[n14:14:(15) 0.020716] /home/nguyen/ai/allreduce_simulate/SimGrid-3.19/src/smpi/colls/allreduce/allreduce-ntt-lr-lr-pipeline.cpp:282: [smpi_colls/WARNING] [NNNN] [14] Finish algorithm
[n13:13:(14) 0.020716] /home/nguyen/ai/allreduce_simulate/SimGrid-3.19/src/smpi/colls/allreduce/allreduce-ntt-lr-lr-pipeline.cpp:282: [smpi_colls/WARNING] [NNNN] [13] Finish algorithm
[n12:12:(13) 0.020716] /home/nguyen/ai/allreduce_simulate/SimGrid-3.19/src/smpi/colls/allreduce/allreduce-ntt-lr-lr-pipeline.cpp:282: [smpi_colls/WARNING] [NNNN] [12] Finish algorithm
[n15:15:(16) 0.020716] /home/nguyen/ai/allreduce_simulate/SimGrid-3.19/src/smpi/colls/allreduce/allreduce-ntt-lr-lr-pipeline.cpp:282: [smpi_colls/WARNING] [NNNN] [15] Finish algorithm
[n3:3:(4) 0.020716] /home/nguyen/ai/allreduce_simulate/SimGrid-3.19/src/smpi/colls/allreduce/allreduce-ntt-lr-lr-pipeline.cpp:282: [smpi_colls/WARNING] [NNNN] [3] Finish algorithm
[n2:2:(3) 0.020716] /home/nguyen/ai/allreduce_simulate/SimGrid-3.19/src/smpi/colls/allreduce/allreduce-ntt-lr-lr-pipeline.cpp:282: [smpi_colls/WARNING] [NNNN] [2] Finish algorithm
[n1:1:(2) 0.020716] /home/nguyen/ai/allreduce_simulate/SimGrid-3.19/src/smpi/colls/allreduce/allreduce-ntt-lr-lr-pipeline.cpp:282: [smpi_colls/WARNING] [NNNN] [1] Finish algorithm
[n0:0:(1) 0.020716] /home/nguyen/ai/allreduce_simulate/SimGrid-3.19/src/smpi/colls/allreduce/allreduce-ntt-lr-lr-pipeline.cpp:282: [smpi_colls/WARNING] [NNNN] [0] Finish algorithm
n0: 0/16,weight size: 134217728, iteration: 1
[0.020717] [smpi_kernel/INFO] Simulated time: 0.0207174 seconds. 

The simulation took 5.0259 seconds (after parsing and platform setup)
1.7939 seconds were actual computation of the application
Global sum in rank 0 - 0.0000000000e+00
Global sum in rank 0 - 1.6000000000e+01
Global sum in rank 0 - 3.2000000000e+01
Global sum in rank 0 - 4.8000000000e+01
Global sum in rank 0 - 6.4000000000e+01
Global sum in rank 0 - 8.0000000000e+01
Global sum in rank 0 - 9.6000000000e+01
Global sum in rank 0 - 1.1200000000e+02
Global sum in rank 0 - 1.2800000000e+02
Global sum in rank 0 - 1.4400000000e+02
Global sum in rank 0 - 1.6000000000e+02
Global sum in rank 0 - 1.7600000000e+02
Global sum in rank 0 - 1.9200000000e+02
Global sum in rank 0 - 2.0800000000e+02
Global sum in rank 0 - 2.2400000000e+02
Global sum in rank 0 - 2.4000000000e+02
Global sum in rank 0 - 2.5600000000e+02
Global sum in rank 0 - 2.7200000000e+02
Global sum in rank 0 - 2.8800000000e+02
Global sum in rank 0 - 3.0400000000e+02
Global sum in rank 0 - 3.2000000000e+02
Global sum in rank 0 - 3.3600000000e+02
Global sum in rank 0 - 3.5200000000e+02
Global sum in rank 0 - 3.6800000000e+02
Global sum in rank 0 - 3.8400000000e+02
Global sum in rank 0 - 4.0000000000e+02
Global sum in rank 0 - 4.1600000000e+02
Global sum in rank 0 - 4.3200000000e+02
Global sum in rank 0 - 4.4800000000e+02
Global sum in rank 0 - 4.6400000000e+02
Global sum in rank 0 - 4.8000000000e+02
Global sum in rank 0 - 4.9600000000e+02
Global sum in rank 0 - 5.1200000000e+02
Global sum in rank 0 - 5.2800000000e+02
Global sum in rank 0 - 5.4400000000e+02
Global sum in rank 0 - 5.6000000000e+02
Global sum in rank 0 - 5.7600000000e+02
Global sum in rank 0 - 5.9200000000e+02
Global sum in rank 0 - 6.0800000000e+02
Global sum in rank 0 - 6.2400000000e+02
Global sum in rank 0 - 6.4000000000e+02
Global sum in rank 0 - 6.5600000000e+02
Global sum in rank 0 - 6.7200000000e+02
Global sum in rank 0 - 6.8800000000e+02
Global sum in rank 0 - 7.0400000000e+02
Global sum in rank 0 - 7.2000000000e+02
Global sum in rank 0 - 7.3600000000e+02
Global sum in rank 0 - 7.5200000000e+02
Global sum in rank 0 - 7.6800000000e+02
Global sum in rank 0 - 7.8400000000e+02
Global sum in rank 0 - 8.0000000000e+02
Global sum in rank 0 - 8.1600000000e+02
Global sum in rank 0 - 8.3200000000e+02
Global sum in rank 0 - 8.4800000000e+02
Global sum in rank 0 - 8.6400000000e+02
Global sum in rank 0 - 8.8000000000e+02
Global sum in rank 0 - 8.9600000000e+02
Global sum in rank 0 - 9.1200000000e+02
Global sum in rank 0 - 9.2800000000e+02
Global sum in rank 0 - 9.4400000000e+02
Global sum in rank 0 - 9.6000000000e+02
Global sum in rank 0 - 9.7600000000e+02
Global sum in rank 0 - 9.9200000000e+02
Global sum in rank 0 - 1.0080000000e+03
Global sum in rank 0 - 1.0240000000e+03
Global sum in rank 0 - 1.0400000000e+03
Global sum in rank 0 - 1.0560000000e+03
Global sum in rank 0 - 1.0720000000e+03
Global sum in rank 0 - 1.0880000000e+03
Global sum in rank 0 - 1.1040000000e+03
Global sum in rank 0 - 1.1200000000e+03
Global sum in rank 0 - 1.1360000000e+03
Global sum in rank 0 - 1.1520000000e+03
Global sum in rank 0 - 1.1680000000e+03
Global sum in rank 0 - 1.1840000000e+03
Global sum in rank 0 - 1.2000000000e+03
Global sum in rank 0 - 1.2160000000e+03
Global sum in rank 0 - 1.2320000000e+03
Global sum in rank 0 - 1.2480000000e+03
Global sum in rank 0 - 1.2640000000e+03
Global sum in rank 0 - 1.2800000000e+03
Global sum in rank 0 - 1.2960000000e+03
Global sum in rank 0 - 1.3120000000e+03
Global sum in rank 0 - 1.3280000000e+03
Global sum in rank 0 - 1.3440000000e+03
Global sum in rank 0 - 1.3600000000e+03
Global sum in rank 0 - 1.3760000000e+03
Global sum in rank 0 - 1.3920000000e+03
Global sum in rank 0 - 1.4080000000e+03
Global sum in rank 0 - 1.4240000000e+03
Global sum in rank 0 - 1.4400000000e+03
Global sum in rank 0 - 1.4560000000e+03
Global sum in rank 0 - 1.4720000000e+03
Global sum in rank 0 - 1.4880000000e+03
Global sum in rank 0 - 1.5040000000e+03
Global sum in rank 0 - 1.5200000000e+03
Global sum in rank 0 - 1.5360000000e+03
Global sum in rank 0 - 1.5520000000e+03
Global sum in rank 0 - 1.5680000000e+03
Global sum in rank 0 - 1.5840000000e+03
