[rank 0] -> n0
[rank 1] -> n1
[rank 2] -> n2
[rank 3] -> n3
[rank 4] -> n4
[rank 5] -> n5
[rank 6] -> n6
[rank 7] -> n7
[rank 8] -> n8
[rank 9] -> n9
[rank 10] -> n10
[rank 11] -> n11
[rank 12] -> n12
[rank 13] -> n13
[rank 14] -> n14
[rank 15] -> n15
[rank 16] -> n16
[rank 17] -> n17
[rank 18] -> n18
[rank 19] -> n19
[rank 20] -> n20
[rank 21] -> n21
[rank 22] -> n22
[rank 23] -> n23
[rank 24] -> n24
[rank 25] -> n25
[rank 26] -> n26
[rank 27] -> n27
[rank 28] -> n28
[rank 29] -> n29
[rank 30] -> n30
[rank 31] -> n31
[rank 32] -> n32
[rank 33] -> n33
[rank 34] -> n34
[rank 35] -> n35
[rank 36] -> n36
[rank 37] -> n37
[rank 38] -> n38
[rank 39] -> n39
[rank 40] -> n40
[rank 41] -> n41
[rank 42] -> n42
[rank 43] -> n43
[rank 44] -> n44
[rank 45] -> n45
[rank 46] -> n46
[rank 47] -> n47
[rank 48] -> n48
[rank 49] -> n49
[rank 50] -> n50
[rank 51] -> n51
[rank 52] -> n52
[rank 53] -> n53
[rank 54] -> n54
[rank 55] -> n55
[rank 56] -> n56
[rank 57] -> n57
[rank 58] -> n58
[rank 59] -> n59
[rank 60] -> n60
[rank 61] -> n61
[rank 62] -> n62
[rank 63] -> n63
[0.000000] [xbt_cfg/INFO] Configuration change: Set 'smpi/privatization' to '1'
[0.000000] [xbt_cfg/INFO] Configuration change: Set 'surf/precision' to '1e-9'
[0.000000] [xbt_cfg/INFO] Configuration change: Set 'network/model' to 'SMPI'
[0.000000] [xbt_cfg/INFO] Configuration change: Set 'exception/cutpath' to '1'
[0.000000] [xbt_cfg/INFO] Configuration change: Set 'smpi/display-timing' to '1'
[0.000000] [xbt_cfg/INFO] Configuration change: Set 'smpi/process_of_node' to '4'
[0.000000] [xbt_cfg/INFO] Configuration change: Set 'smpi/pipeline_segment_number' to '2'
[0.000000] [xbt_cfg/INFO] Configuration change: Set 'smpi/allreduce' to 'ntt_lr_rab'
[0.000000] [xbt_cfg/INFO] Configuration change: Set 'contexts/nthreads' to '1'
[0.000000] [xbt_cfg/INFO] Configuration change: Set 'cpu/optim' to 'Lazy'
[0.000000] [xbt_cfg/INFO] Configuration change: Set 'maxmin/precision' to '1e-4'
[0.000000] [surf_parse/INFO] The custom configuration 'network/model' is already defined by user!
[0.000000] [xbt_cfg/INFO] Configuration change: Set 'network/optim' to 'Lazy'
[0.000000] [xbt_cfg/INFO] Configuration change: Set 'smpi/cpu-threshold' to '0.00000000001'
[0.000000] [surf_parse/INFO] The custom configuration 'smpi/display-timing' is already defined by user!
[0.000000] [xbt_cfg/INFO] Configuration change: Set 'smpi/host-speed' to '50000000000.0'
n0: 0/64,weight size: 134217728, iteration: 1
[n61:61:(62) 0.000545] /home/nguyen/ai/allreduce_simulate/SimGrid-3.19/src/smpi/colls/allreduce/allreduce-ntt-lr-rab.cpp:28: [smpi_colls/WARNING] [NNNN] [61] Start function
[n61:61:(62) 0.000545] /home/nguyen/ai/allreduce_simulate/SimGrid-3.19/src/smpi/colls/allreduce/allreduce-ntt-lr-rab.cpp:82: [smpi_colls/WARNING] [NNNN] [61] Start algorithm
[n61:61:(62) 0.000545] /home/nguyen/ai/allreduce_simulate/SimGrid-3.19/src/smpi/colls/allreduce/allreduce-ntt-lr-rab.cpp:88: [smpi_colls/WARNING] [NNNN] [61] intra lr reduce-scatter
[n62:62:(63) 0.000547] /home/nguyen/ai/allreduce_simulate/SimGrid-3.19/src/smpi/colls/allreduce/allreduce-ntt-lr-rab.cpp:28: [smpi_colls/WARNING] [NNNN] [62] Start function
[n62:62:(63) 0.000547] /home/nguyen/ai/allreduce_simulate/SimGrid-3.19/src/smpi/colls/allreduce/allreduce-ntt-lr-rab.cpp:82: [smpi_colls/WARNING] [NNNN] [62] Start algorithm
[n62:62:(63) 0.000547] /home/nguyen/ai/allreduce_simulate/SimGrid-3.19/src/smpi/colls/allreduce/allreduce-ntt-lr-rab.cpp:88: [smpi_colls/WARNING] [NNNN] [62] intra lr reduce-scatter
[n60:60:(61) 0.000547] /home/nguyen/ai/allreduce_simulate/SimGrid-3.19/src/smpi/colls/allreduce/allreduce-ntt-lr-rab.cpp:28: [smpi_colls/WARNING] [NNNN] [60] Start function
[n60:60:(61) 0.000547] /home/nguyen/ai/allreduce_simulate/SimGrid-3.19/src/smpi/colls/allreduce/allreduce-ntt-lr-rab.cpp:82: [smpi_colls/WARNING] [NNNN] [60] Start algorithm
[n60:60:(61) 0.000547] /home/nguyen/ai/allreduce_simulate/SimGrid-3.19/src/smpi/colls/allreduce/allreduce-ntt-lr-rab.cpp:88: [smpi_colls/WARNING] [NNNN] [60] intra lr reduce-scatter
[n63:63:(64) 0.000547] /home/nguyen/ai/allreduce_simulate/SimGrid-3.19/src/smpi/colls/allreduce/allreduce-ntt-lr-rab.cpp:28: [smpi_colls/WARNING] [NNNN] [63] Start function
[n63:63:(64) 0.000547] /home/nguyen/ai/allreduce_simulate/SimGrid-3.19/src/smpi/colls/allreduce/allreduce-ntt-lr-rab.cpp:82: [smpi_colls/WARNING] [NNNN] [63] Start algorithm
[n63:63:(64) 0.000547] /home/nguyen/ai/allreduce_simulate/SimGrid-3.19/src/smpi/colls/allreduce/allreduce-ntt-lr-rab.cpp:88: [smpi_colls/WARNING] [NNNN] [63] intra lr reduce-scatter
[n24:24:(25) 0.000570] /home/nguyen/ai/allreduce_simulate/SimGrid-3.19/src/smpi/colls/allreduce/allreduce-ntt-lr-rab.cpp:28: [smpi_colls/WARNING] [NNNN] [24] Start function
[n24:24:(25) 0.000570] /home/nguyen/ai/allreduce_simulate/SimGrid-3.19/src/smpi/colls/allreduce/allreduce-ntt-lr-rab.cpp:82: [smpi_colls/WARNING] [NNNN] [24] Start algorithm
[n24:24:(25) 0.000570] /home/nguyen/ai/allreduce_simulate/SimGrid-3.19/src/smpi/colls/allreduce/allreduce-ntt-lr-rab.cpp:88: [smpi_colls/WARNING] [NNNN] [24] intra lr reduce-scatter
[n18:18:(19) 0.000571] /home/nguyen/ai/allreduce_simulate/SimGrid-3.19/src/smpi/colls/allreduce/allreduce-ntt-lr-rab.cpp:28: [smpi_colls/WARNING] [NNNN] [18] Start function
[n18:18:(19) 0.000571] /home/nguyen/ai/allreduce_simulate/SimGrid-3.19/src/smpi/colls/allreduce/allreduce-ntt-lr-rab.cpp:82: [smpi_colls/WARNING] [NNNN] [18] Start algorithm
[n18:18:(19) 0.000571] /home/nguyen/ai/allreduce_simulate/SimGrid-3.19/src/smpi/colls/allreduce/allreduce-ntt-lr-rab.cpp:88: [smpi_colls/WARNING] [NNNN] [18] intra lr reduce-scatter
[n25:25:(26) 0.000571] /home/nguyen/ai/allreduce_simulate/SimGrid-3.19/src/smpi/colls/allreduce/allreduce-ntt-lr-rab.cpp:28: [smpi_colls/WARNING] [NNNN] [25] Start function
[n25:25:(26) 0.000571] /home/nguyen/ai/allreduce_simulate/SimGrid-3.19/src/smpi/colls/allreduce/allreduce-ntt-lr-rab.cpp:82: [smpi_colls/WARNING] [NNNN] [25] Start algorithm
[n25:25:(26) 0.000571] /home/nguyen/ai/allreduce_simulate/SimGrid-3.19/src/smpi/colls/allreduce/allreduce-ntt-lr-rab.cpp:88: [smpi_colls/WARNING] [NNNN] [25] intra lr reduce-scatter
[n11:11:(12) 0.000571] /home/nguyen/ai/allreduce_simulate/SimGrid-3.19/src/smpi/colls/allreduce/allreduce-ntt-lr-rab.cpp:28: [smpi_colls/WARNING] [NNNN] [11] Start function
[n11:11:(12) 0.000571] /home/nguyen/ai/allreduce_simulate/SimGrid-3.19/src/smpi/colls/allreduce/allreduce-ntt-lr-rab.cpp:82: [smpi_colls/WARNING] [NNNN] [11] Start algorithm
[n11:11:(12) 0.000571] /home/nguyen/ai/allreduce_simulate/SimGrid-3.19/src/smpi/colls/allreduce/allreduce-ntt-lr-rab.cpp:88: [smpi_colls/WARNING] [NNNN] [11] intra lr reduce-scatter
[n23:23:(24) 0.000571] /home/nguyen/ai/allreduce_simulate/SimGrid-3.19/src/smpi/colls/allreduce/allreduce-ntt-lr-rab.cpp:28: [smpi_colls/WARNING] [NNNN] [23] Start function
[n23:23:(24) 0.000571] /home/nguyen/ai/allreduce_simulate/SimGrid-3.19/src/smpi/colls/allreduce/allreduce-ntt-lr-rab.cpp:82: [smpi_colls/WARNING] [NNNN] [23] Start algorithm
[n23:23:(24) 0.000571] /home/nguyen/ai/allreduce_simulate/SimGrid-3.19/src/smpi/colls/allreduce/allreduce-ntt-lr-rab.cpp:88: [smpi_colls/WARNING] [NNNN] [23] intra lr reduce-scatter
[n30:30:(31) 0.000572] /home/nguyen/ai/allreduce_simulate/SimGrid-3.19/src/smpi/colls/allreduce/allreduce-ntt-lr-rab.cpp:28: [smpi_colls/WARNING] [NNNN] [30] Start function
[n30:30:(31) 0.000572] /home/nguyen/ai/allreduce_simulate/SimGrid-3.19/src/smpi/colls/allreduce/allreduce-ntt-lr-rab.cpp:82: [smpi_colls/WARNING] [NNNN] [30] Start algorithm
[n30:30:(31) 0.000572] /home/nguyen/ai/allreduce_simulate/SimGrid-3.19/src/smpi/colls/allreduce/allreduce-ntt-lr-rab.cpp:88: [smpi_colls/WARNING] [NNNN] [30] intra lr reduce-scatter
[n12:12:(13) 0.000572] /home/nguyen/ai/allreduce_simulate/SimGrid-3.19/src/smpi/colls/allreduce/allreduce-ntt-lr-rab.cpp:28: [smpi_colls/WARNING] [NNNN] [12] Start function
[n12:12:(13) 0.000572] /home/nguyen/ai/allreduce_simulate/SimGrid-3.19/src/smpi/colls/allreduce/allreduce-ntt-lr-rab.cpp:82: [smpi_colls/WARNING] [NNNN] [12] Start algorithm
[n12:12:(13) 0.000572] /home/nguyen/ai/allreduce_simulate/SimGrid-3.19/src/smpi/colls/allreduce/allreduce-ntt-lr-rab.cpp:88: [smpi_colls/WARNING] [NNNN] [12] intra lr reduce-scatter
[n21:21:(22) 0.000572] /home/nguyen/ai/allreduce_simulate/SimGrid-3.19/src/smpi/colls/allreduce/allreduce-ntt-lr-rab.cpp:28: [smpi_colls/WARNING] [NNNN] [21] Start function
[n21:21:(22) 0.000572] /home/nguyen/ai/allreduce_simulate/SimGrid-3.19/src/smpi/colls/allreduce/allreduce-ntt-lr-rab.cpp:82: [smpi_colls/WARNING] [NNNN] [21] Start algorithm
[n21:21:(22) 0.000572] /home/nguyen/ai/allreduce_simulate/SimGrid-3.19/src/smpi/colls/allreduce/allreduce-ntt-lr-rab.cpp:88: [smpi_colls/WARNING] [NNNN] [21] intra lr reduce-scatter
[n20:20:(21) 0.000572] /home/nguyen/ai/allreduce_simulate/SimGrid-3.19/src/smpi/colls/allreduce/allreduce-ntt-lr-rab.cpp:28: [smpi_colls/WARNING] [NNNN] [20] Start function
[n20:20:(21) 0.000572] /home/nguyen/ai/allreduce_simulate/SimGrid-3.19/src/smpi/colls/allreduce/allreduce-ntt-lr-rab.cpp:82: [smpi_colls/WARNING] [NNNN] [20] Start algorithm
[n20:20:(21) 0.000572] /home/nguyen/ai/allreduce_simulate/SimGrid-3.19/src/smpi/colls/allreduce/allreduce-ntt-lr-rab.cpp:88: [smpi_colls/WARNING] [NNNN] [20] intra lr reduce-scatter
[n13:13:(14) 0.000572] /home/nguyen/ai/allreduce_simulate/SimGrid-3.19/src/smpi/colls/allreduce/allreduce-ntt-lr-rab.cpp:28: [smpi_colls/WARNING] [NNNN] [13] Start function
[n13:13:(14) 0.000572] /home/nguyen/ai/allreduce_simulate/SimGrid-3.19/src/smpi/colls/allreduce/allreduce-ntt-lr-rab.cpp:82: [smpi_colls/WARNING] [NNNN] [13] Start algorithm
[n13:13:(14) 0.000572] /home/nguyen/ai/allreduce_simulate/SimGrid-3.19/src/smpi/colls/allreduce/allreduce-ntt-lr-rab.cpp:88: [smpi_colls/WARNING] [NNNN] [13] intra lr reduce-scatter
[n15:15:(16) 0.000572] /home/nguyen/ai/allreduce_simulate/SimGrid-3.19/src/smpi/colls/allreduce/allreduce-ntt-lr-rab.cpp:28: [smpi_colls/WARNING] [NNNN] [15] Start function
[n15:15:(16) 0.000572] /home/nguyen/ai/allreduce_simulate/SimGrid-3.19/src/smpi/colls/allreduce/allreduce-ntt-lr-rab.cpp:82: [smpi_colls/WARNING] [NNNN] [15] Start algorithm
[n15:15:(16) 0.000572] /home/nguyen/ai/allreduce_simulate/SimGrid-3.19/src/smpi/colls/allreduce/allreduce-ntt-lr-rab.cpp:88: [smpi_colls/WARNING] [NNNN] [15] intra lr reduce-scatter
[n19:19:(20) 0.000572] /home/nguyen/ai/allreduce_simulate/SimGrid-3.19/src/smpi/colls/allreduce/allreduce-ntt-lr-rab.cpp:28: [smpi_colls/WARNING] [NNNN] [19] Start function
[n19:19:(20) 0.000572] /home/nguyen/ai/allreduce_simulate/SimGrid-3.19/src/smpi/colls/allreduce/allreduce-ntt-lr-rab.cpp:82: [smpi_colls/WARNING] [NNNN] [19] Start algorithm
[n19:19:(20) 0.000572] /home/nguyen/ai/allreduce_simulate/SimGrid-3.19/src/smpi/colls/allreduce/allreduce-ntt-lr-rab.cpp:88: [smpi_colls/WARNING] [NNNN] [19] intra lr reduce-scatter
[n22:22:(23) 0.000572] /home/nguyen/ai/allreduce_simulate/SimGrid-3.19/src/smpi/colls/allreduce/allreduce-ntt-lr-rab.cpp:28: [smpi_colls/WARNING] [NNNN] [22] Start function
[n22:22:(23) 0.000572] /home/nguyen/ai/allreduce_simulate/SimGrid-3.19/src/smpi/colls/allreduce/allreduce-ntt-lr-rab.cpp:82: [smpi_colls/WARNING] [NNNN] [22] Start algorithm
[n22:22:(23) 0.000572] /home/nguyen/ai/allreduce_simulate/SimGrid-3.19/src/smpi/colls/allreduce/allreduce-ntt-lr-rab.cpp:88: [smpi_colls/WARNING] [NNNN] [22] intra lr reduce-scatter
[n4:4:(5) 0.000572] /home/nguyen/ai/allreduce_simulate/SimGrid-3.19/src/smpi/colls/allreduce/allreduce-ntt-lr-rab.cpp:28: [smpi_colls/WARNING] [NNNN] [4] Start function
[n4:4:(5) 0.000572] /home/nguyen/ai/allreduce_simulate/SimGrid-3.19/src/smpi/colls/allreduce/allreduce-ntt-lr-rab.cpp:82: [smpi_colls/WARNING] [NNNN] [4] Start algorithm
[n4:4:(5) 0.000572] /home/nguyen/ai/allreduce_simulate/SimGrid-3.19/src/smpi/colls/allreduce/allreduce-ntt-lr-rab.cpp:88: [smpi_colls/WARNING] [NNNN] [4] intra lr reduce-scatter
[n17:17:(18) 0.000572] /home/nguyen/ai/allreduce_simulate/SimGrid-3.19/src/smpi/colls/allreduce/allreduce-ntt-lr-rab.cpp:28: [smpi_colls/WARNING] [NNNN] [17] Start function
[n17:17:(18) 0.000572] /home/nguyen/ai/allreduce_simulate/SimGrid-3.19/src/smpi/colls/allreduce/allreduce-ntt-lr-rab.cpp:82: [smpi_colls/WARNING] [NNNN] [17] Start algorithm
[n17:17:(18) 0.000572] /home/nguyen/ai/allreduce_simulate/SimGrid-3.19/src/smpi/colls/allreduce/allreduce-ntt-lr-rab.cpp:88: [smpi_colls/WARNING] [NNNN] [17] intra lr reduce-scatter
[n16:16:(17) 0.000572] /home/nguyen/ai/allreduce_simulate/SimGrid-3.19/src/smpi/colls/allreduce/allreduce-ntt-lr-rab.cpp:28: [smpi_colls/WARNING] [NNNN] [16] Start function
[n16:16:(17) 0.000572] /home/nguyen/ai/allreduce_simulate/SimGrid-3.19/src/smpi/colls/allreduce/allreduce-ntt-lr-rab.cpp:82: [smpi_colls/WARNING] [NNNN] [16] Start algorithm
[n16:16:(17) 0.000572] /home/nguyen/ai/allreduce_simulate/SimGrid-3.19/src/smpi/colls/allreduce/allreduce-ntt-lr-rab.cpp:88: [smpi_colls/WARNING] [NNNN] [16] intra lr reduce-scatter
[n14:14:(15) 0.000572] /home/nguyen/ai/allreduce_simulate/SimGrid-3.19/src/smpi/colls/allreduce/allreduce-ntt-lr-rab.cpp:28: [smpi_colls/WARNING] [NNNN] [14] Start function
[n14:14:(15) 0.000572] /home/nguyen/ai/allreduce_simulate/SimGrid-3.19/src/smpi/colls/allreduce/allreduce-ntt-lr-rab.cpp:82: [smpi_colls/WARNING] [NNNN] [14] Start algorithm
[n14:14:(15) 0.000572] /home/nguyen/ai/allreduce_simulate/SimGrid-3.19/src/smpi/colls/allreduce/allreduce-ntt-lr-rab.cpp:88: [smpi_colls/WARNING] [NNNN] [14] intra lr reduce-scatter
[n8:8:(9) 0.000573] /home/nguyen/ai/allreduce_simulate/SimGrid-3.19/src/smpi/colls/allreduce/allreduce-ntt-lr-rab.cpp:28: [smpi_colls/WARNING] [NNNN] [8] Start function
[n8:8:(9) 0.000573] /home/nguyen/ai/allreduce_simulate/SimGrid-3.19/src/smpi/colls/allreduce/allreduce-ntt-lr-rab.cpp:82: [smpi_colls/WARNING] [NNNN] [8] Start algorithm
[n8:8:(9) 0.000573] /home/nguyen/ai/allreduce_simulate/SimGrid-3.19/src/smpi/colls/allreduce/allreduce-ntt-lr-rab.cpp:88: [smpi_colls/WARNING] [NNNN] [8] intra lr reduce-scatter
[n9:9:(10) 0.000573] /home/nguyen/ai/allreduce_simulate/SimGrid-3.19/src/smpi/colls/allreduce/allreduce-ntt-lr-rab.cpp:28: [smpi_colls/WARNING] [NNNN] [9] Start function
[n9:9:(10) 0.000573] /home/nguyen/ai/allreduce_simulate/SimGrid-3.19/src/smpi/colls/allreduce/allreduce-ntt-lr-rab.cpp:82: [smpi_colls/WARNING] [NNNN] [9] Start algorithm
[n9:9:(10) 0.000573] /home/nguyen/ai/allreduce_simulate/SimGrid-3.19/src/smpi/colls/allreduce/allreduce-ntt-lr-rab.cpp:88: [smpi_colls/WARNING] [NNNN] [9] intra lr reduce-scatter
[n5:5:(6) 0.000573] /home/nguyen/ai/allreduce_simulate/SimGrid-3.19/src/smpi/colls/allreduce/allreduce-ntt-lr-rab.cpp:28: [smpi_colls/WARNING] [NNNN] [5] Start function
[n5:5:(6) 0.000573] /home/nguyen/ai/allreduce_simulate/SimGrid-3.19/src/smpi/colls/allreduce/allreduce-ntt-lr-rab.cpp:82: [smpi_colls/WARNING] [NNNN] [5] Start algorithm
[n5:5:(6) 0.000573] /home/nguyen/ai/allreduce_simulate/SimGrid-3.19/src/smpi/colls/allreduce/allreduce-ntt-lr-rab.cpp:88: [smpi_colls/WARNING] [NNNN] [5] intra lr reduce-scatter
[n6:6:(7) 0.000573] /home/nguyen/ai/allreduce_simulate/SimGrid-3.19/src/smpi/colls/allreduce/allreduce-ntt-lr-rab.cpp:28: [smpi_colls/WARNING] [NNNN] [6] Start function
[n6:6:(7) 0.000573] /home/nguyen/ai/allreduce_simulate/SimGrid-3.19/src/smpi/colls/allreduce/allreduce-ntt-lr-rab.cpp:82: [smpi_colls/WARNING] [NNNN] [6] Start algorithm
[n6:6:(7) 0.000573] /home/nguyen/ai/allreduce_simulate/SimGrid-3.19/src/smpi/colls/allreduce/allreduce-ntt-lr-rab.cpp:88: [smpi_colls/WARNING] [NNNN] [6] intra lr reduce-scatter
[n7:7:(8) 0.000573] /home/nguyen/ai/allreduce_simulate/SimGrid-3.19/src/smpi/colls/allreduce/allreduce-ntt-lr-rab.cpp:28: [smpi_colls/WARNING] [NNNN] [7] Start function
[n7:7:(8) 0.000573] /home/nguyen/ai/allreduce_simulate/SimGrid-3.19/src/smpi/colls/allreduce/allreduce-ntt-lr-rab.cpp:82: [smpi_colls/WARNING] [NNNN] [7] Start algorithm
[n7:7:(8) 0.000573] /home/nguyen/ai/allreduce_simulate/SimGrid-3.19/src/smpi/colls/allreduce/allreduce-ntt-lr-rab.cpp:88: [smpi_colls/WARNING] [NNNN] [7] intra lr reduce-scatter
[n10:10:(11) 0.000573] /home/nguyen/ai/allreduce_simulate/SimGrid-3.19/src/smpi/colls/allreduce/allreduce-ntt-lr-rab.cpp:28: [smpi_colls/WARNING] [NNNN] [10] Start function
[n10:10:(11) 0.000573] /home/nguyen/ai/allreduce_simulate/SimGrid-3.19/src/smpi/colls/allreduce/allreduce-ntt-lr-rab.cpp:82: [smpi_colls/WARNING] [NNNN] [10] Start algorithm
[n10:10:(11) 0.000573] /home/nguyen/ai/allreduce_simulate/SimGrid-3.19/src/smpi/colls/allreduce/allreduce-ntt-lr-rab.cpp:88: [smpi_colls/WARNING] [NNNN] [10] intra lr reduce-scatter
[n59:59:(60) 0.000574] /home/nguyen/ai/allreduce_simulate/SimGrid-3.19/src/smpi/colls/allreduce/allreduce-ntt-lr-rab.cpp:28: [smpi_colls/WARNING] [NNNN] [59] Start function
[n59:59:(60) 0.000574] /home/nguyen/ai/allreduce_simulate/SimGrid-3.19/src/smpi/colls/allreduce/allreduce-ntt-lr-rab.cpp:82: [smpi_colls/WARNING] [NNNN] [59] Start algorithm
[n59:59:(60) 0.000574] /home/nguyen/ai/allreduce_simulate/SimGrid-3.19/src/smpi/colls/allreduce/allreduce-ntt-lr-rab.cpp:88: [smpi_colls/WARNING] [NNNN] [59] intra lr reduce-scatter
[n3:3:(4) 0.000574] /home/nguyen/ai/allreduce_simulate/SimGrid-3.19/src/smpi/colls/allreduce/allreduce-ntt-lr-rab.cpp:28: [smpi_colls/WARNING] [NNNN] [3] Start function
[n3:3:(4) 0.000574] /home/nguyen/ai/allreduce_simulate/SimGrid-3.19/src/smpi/colls/allreduce/allreduce-ntt-lr-rab.cpp:82: [smpi_colls/WARNING] [NNNN] [3] Start algorithm
[n3:3:(4) 0.000574] /home/nguyen/ai/allreduce_simulate/SimGrid-3.19/src/smpi/colls/allreduce/allreduce-ntt-lr-rab.cpp:88: [smpi_colls/WARNING] [NNNN] [3] intra lr reduce-scatter
[n2:2:(3) 0.000575] /home/nguyen/ai/allreduce_simulate/SimGrid-3.19/src/smpi/colls/allreduce/allreduce-ntt-lr-rab.cpp:28: [smpi_colls/WARNING] [NNNN] [2] Start function
[n2:2:(3) 0.000575] /home/nguyen/ai/allreduce_simulate/SimGrid-3.19/src/smpi/colls/allreduce/allreduce-ntt-lr-rab.cpp:82: [smpi_colls/WARNING] [NNNN] [2] Start algorithm
[n2:2:(3) 0.000575] /home/nguyen/ai/allreduce_simulate/SimGrid-3.19/src/smpi/colls/allreduce/allreduce-ntt-lr-rab.cpp:88: [smpi_colls/WARNING] [NNNN] [2] intra lr reduce-scatter
[n26:26:(27) 0.000575] /home/nguyen/ai/allreduce_simulate/SimGrid-3.19/src/smpi/colls/allreduce/allreduce-ntt-lr-rab.cpp:28: [smpi_colls/WARNING] [NNNN] [26] Start function
[n26:26:(27) 0.000575] /home/nguyen/ai/allreduce_simulate/SimGrid-3.19/src/smpi/colls/allreduce/allreduce-ntt-lr-rab.cpp:82: [smpi_colls/WARNING] [NNNN] [26] Start algorithm
[n26:26:(27) 0.000575] /home/nguyen/ai/allreduce_simulate/SimGrid-3.19/src/smpi/colls/allreduce/allreduce-ntt-lr-rab.cpp:88: [smpi_colls/WARNING] [NNNN] [26] intra lr reduce-scatter
[n29:29:(30) 0.000577] /home/nguyen/ai/allreduce_simulate/SimGrid-3.19/src/smpi/colls/allreduce/allreduce-ntt-lr-rab.cpp:28: [smpi_colls/WARNING] [NNNN] [29] Start function
[n29:29:(30) 0.000577] /home/nguyen/ai/allreduce_simulate/SimGrid-3.19/src/smpi/colls/allreduce/allreduce-ntt-lr-rab.cpp:82: [smpi_colls/WARNING] [NNNN] [29] Start algorithm
[n29:29:(30) 0.000577] /home/nguyen/ai/allreduce_simulate/SimGrid-3.19/src/smpi/colls/allreduce/allreduce-ntt-lr-rab.cpp:88: [smpi_colls/WARNING] [NNNN] [29] intra lr reduce-scatter
[n56:56:(57) 0.000579] /home/nguyen/ai/allreduce_simulate/SimGrid-3.19/src/smpi/colls/allreduce/allreduce-ntt-lr-rab.cpp:28: [smpi_colls/WARNING] [NNNN] [56] Start function
[n56:56:(57) 0.000579] /home/nguyen/ai/allreduce_simulate/SimGrid-3.19/src/smpi/colls/allreduce/allreduce-ntt-lr-rab.cpp:82: [smpi_colls/WARNING] [NNNN] [56] Start algorithm
[n56:56:(57) 0.000579] /home/nguyen/ai/allreduce_simulate/SimGrid-3.19/src/smpi/colls/allreduce/allreduce-ntt-lr-rab.cpp:88: [smpi_colls/WARNING] [NNNN] [56] intra lr reduce-scatter
[n57:57:(58) 0.000579] /home/nguyen/ai/allreduce_simulate/SimGrid-3.19/src/smpi/colls/allreduce/allreduce-ntt-lr-rab.cpp:28: [smpi_colls/WARNING] [NNNN] [57] Start function
[n57:57:(58) 0.000579] /home/nguyen/ai/allreduce_simulate/SimGrid-3.19/src/smpi/colls/allreduce/allreduce-ntt-lr-rab.cpp:82: [smpi_colls/WARNING] [NNNN] [57] Start algorithm
[n57:57:(58) 0.000579] /home/nguyen/ai/allreduce_simulate/SimGrid-3.19/src/smpi/colls/allreduce/allreduce-ntt-lr-rab.cpp:88: [smpi_colls/WARNING] [NNNN] [57] intra lr reduce-scatter
[n37:37:(38) 0.000579] /home/nguyen/ai/allreduce_simulate/SimGrid-3.19/src/smpi/colls/allreduce/allreduce-ntt-lr-rab.cpp:28: [smpi_colls/WARNING] [NNNN] [37] Start function
[n37:37:(38) 0.000579] /home/nguyen/ai/allreduce_simulate/SimGrid-3.19/src/smpi/colls/allreduce/allreduce-ntt-lr-rab.cpp:82: [smpi_colls/WARNING] [NNNN] [37] Start algorithm
[n37:37:(38) 0.000579] /home/nguyen/ai/allreduce_simulate/SimGrid-3.19/src/smpi/colls/allreduce/allreduce-ntt-lr-rab.cpp:88: [smpi_colls/WARNING] [NNNN] [37] intra lr reduce-scatter
[n58:58:(59) 0.000579] /home/nguyen/ai/allreduce_simulate/SimGrid-3.19/src/smpi/colls/allreduce/allreduce-ntt-lr-rab.cpp:28: [smpi_colls/WARNING] [NNNN] [58] Start function
[n58:58:(59) 0.000579] /home/nguyen/ai/allreduce_simulate/SimGrid-3.19/src/smpi/colls/allreduce/allreduce-ntt-lr-rab.cpp:82: [smpi_colls/WARNING] [NNNN] [58] Start algorithm
[n58:58:(59) 0.000579] /home/nguyen/ai/allreduce_simulate/SimGrid-3.19/src/smpi/colls/allreduce/allreduce-ntt-lr-rab.cpp:88: [smpi_colls/WARNING] [NNNN] [58] intra lr reduce-scatter
[n45:45:(46) 0.000579] /home/nguyen/ai/allreduce_simulate/SimGrid-3.19/src/smpi/colls/allreduce/allreduce-ntt-lr-rab.cpp:28: [smpi_colls/WARNING] [NNNN] [45] Start function
[n45:45:(46) 0.000579] /home/nguyen/ai/allreduce_simulate/SimGrid-3.19/src/smpi/colls/allreduce/allreduce-ntt-lr-rab.cpp:82: [smpi_colls/WARNING] [NNNN] [45] Start algorithm
[n45:45:(46) 0.000579] /home/nguyen/ai/allreduce_simulate/SimGrid-3.19/src/smpi/colls/allreduce/allreduce-ntt-lr-rab.cpp:88: [smpi_colls/WARNING] [NNNN] [45] intra lr reduce-scatter
[n46:46:(47) 0.000579] /home/nguyen/ai/allreduce_simulate/SimGrid-3.19/src/smpi/colls/allreduce/allreduce-ntt-lr-rab.cpp:28: [smpi_colls/WARNING] [NNNN] [46] Start function
[n46:46:(47) 0.000579] /home/nguyen/ai/allreduce_simulate/SimGrid-3.19/src/smpi/colls/allreduce/allreduce-ntt-lr-rab.cpp:82: [smpi_colls/WARNING] [NNNN] [46] Start algorithm
[n46:46:(47) 0.000579] /home/nguyen/ai/allreduce_simulate/SimGrid-3.19/src/smpi/colls/allreduce/allreduce-ntt-lr-rab.cpp:88: [smpi_colls/WARNING] [NNNN] [46] intra lr reduce-scatter
[n50:50:(51) 0.000579] /home/nguyen/ai/allreduce_simulate/SimGrid-3.19/src/smpi/colls/allreduce/allreduce-ntt-lr-rab.cpp:28: [smpi_colls/WARNING] [NNNN] [50] Start function
[n50:50:(51) 0.000579] /home/nguyen/ai/allreduce_simulate/SimGrid-3.19/src/smpi/colls/allreduce/allreduce-ntt-lr-rab.cpp:82: [smpi_colls/WARNING] [NNNN] [50] Start algorithm
[n50:50:(51) 0.000579] /home/nguyen/ai/allreduce_simulate/SimGrid-3.19/src/smpi/colls/allreduce/allreduce-ntt-lr-rab.cpp:88: [smpi_colls/WARNING] [NNNN] [50] intra lr reduce-scatter
[n44:44:(45) 0.000579] /home/nguyen/ai/allreduce_simulate/SimGrid-3.19/src/smpi/colls/allreduce/allreduce-ntt-lr-rab.cpp:28: [smpi_colls/WARNING] [NNNN] [44] Start function
[n44:44:(45) 0.000579] /home/nguyen/ai/allreduce_simulate/SimGrid-3.19/src/smpi/colls/allreduce/allreduce-ntt-lr-rab.cpp:82: [smpi_colls/WARNING] [NNNN] [44] Start algorithm
[n44:44:(45) 0.000579] /home/nguyen/ai/allreduce_simulate/SimGrid-3.19/src/smpi/colls/allreduce/allreduce-ntt-lr-rab.cpp:88: [smpi_colls/WARNING] [NNNN] [44] intra lr reduce-scatter
[n36:36:(37) 0.000580] /home/nguyen/ai/allreduce_simulate/SimGrid-3.19/src/smpi/colls/allreduce/allreduce-ntt-lr-rab.cpp:28: [smpi_colls/WARNING] [NNNN] [36] Start function
[n36:36:(37) 0.000580] /home/nguyen/ai/allreduce_simulate/SimGrid-3.19/src/smpi/colls/allreduce/allreduce-ntt-lr-rab.cpp:82: [smpi_colls/WARNING] [NNNN] [36] Start algorithm
[n36:36:(37) 0.000580] /home/nguyen/ai/allreduce_simulate/SimGrid-3.19/src/smpi/colls/allreduce/allreduce-ntt-lr-rab.cpp:88: [smpi_colls/WARNING] [NNNN] [36] intra lr reduce-scatter
[n48:48:(49) 0.000580] /home/nguyen/ai/allreduce_simulate/SimGrid-3.19/src/smpi/colls/allreduce/allreduce-ntt-lr-rab.cpp:28: [smpi_colls/WARNING] [NNNN] [48] Start function
[n48:48:(49) 0.000580] /home/nguyen/ai/allreduce_simulate/SimGrid-3.19/src/smpi/colls/allreduce/allreduce-ntt-lr-rab.cpp:82: [smpi_colls/WARNING] [NNNN] [48] Start algorithm
[n48:48:(49) 0.000580] /home/nguyen/ai/allreduce_simulate/SimGrid-3.19/src/smpi/colls/allreduce/allreduce-ntt-lr-rab.cpp:88: [smpi_colls/WARNING] [NNNN] [48] intra lr reduce-scatter
[n54:54:(55) 0.000580] /home/nguyen/ai/allreduce_simulate/SimGrid-3.19/src/smpi/colls/allreduce/allreduce-ntt-lr-rab.cpp:28: [smpi_colls/WARNING] [NNNN] [54] Start function
[n54:54:(55) 0.000580] /home/nguyen/ai/allreduce_simulate/SimGrid-3.19/src/smpi/colls/allreduce/allreduce-ntt-lr-rab.cpp:82: [smpi_colls/WARNING] [NNNN] [54] Start algorithm
[n54:54:(55) 0.000580] /home/nguyen/ai/allreduce_simulate/SimGrid-3.19/src/smpi/colls/allreduce/allreduce-ntt-lr-rab.cpp:88: [smpi_colls/WARNING] [NNNN] [54] intra lr reduce-scatter
[n53:53:(54) 0.000580] /home/nguyen/ai/allreduce_simulate/SimGrid-3.19/src/smpi/colls/allreduce/allreduce-ntt-lr-rab.cpp:28: [smpi_colls/WARNING] [NNNN] [53] Start function
[n53:53:(54) 0.000580] /home/nguyen/ai/allreduce_simulate/SimGrid-3.19/src/smpi/colls/allreduce/allreduce-ntt-lr-rab.cpp:82: [smpi_colls/WARNING] [NNNN] [53] Start algorithm
[n53:53:(54) 0.000580] /home/nguyen/ai/allreduce_simulate/SimGrid-3.19/src/smpi/colls/allreduce/allreduce-ntt-lr-rab.cpp:88: [smpi_colls/WARNING] [NNNN] [53] intra lr reduce-scatter
[n49:49:(50) 0.000580] /home/nguyen/ai/allreduce_simulate/SimGrid-3.19/src/smpi/colls/allreduce/allreduce-ntt-lr-rab.cpp:28: [smpi_colls/WARNING] [NNNN] [49] Start function
[n49:49:(50) 0.000580] /home/nguyen/ai/allreduce_simulate/SimGrid-3.19/src/smpi/colls/allreduce/allreduce-ntt-lr-rab.cpp:82: [smpi_colls/WARNING] [NNNN] [49] Start algorithm
[n49:49:(50) 0.000580] /home/nguyen/ai/allreduce_simulate/SimGrid-3.19/src/smpi/colls/allreduce/allreduce-ntt-lr-rab.cpp:88: [smpi_colls/WARNING] [NNNN] [49] intra lr reduce-scatter
[n52:52:(53) 0.000580] /home/nguyen/ai/allreduce_simulate/SimGrid-3.19/src/smpi/colls/allreduce/allreduce-ntt-lr-rab.cpp:28: [smpi_colls/WARNING] [NNNN] [52] Start function
[n52:52:(53) 0.000580] /home/nguyen/ai/allreduce_simulate/SimGrid-3.19/src/smpi/colls/allreduce/allreduce-ntt-lr-rab.cpp:82: [smpi_colls/WARNING] [NNNN] [52] Start algorithm
[n52:52:(53) 0.000580] /home/nguyen/ai/allreduce_simulate/SimGrid-3.19/src/smpi/colls/allreduce/allreduce-ntt-lr-rab.cpp:88: [smpi_colls/WARNING] [NNNN] [52] intra lr reduce-scatter
[n43:43:(44) 0.000580] /home/nguyen/ai/allreduce_simulate/SimGrid-3.19/src/smpi/colls/allreduce/allreduce-ntt-lr-rab.cpp:28: [smpi_colls/WARNING] [NNNN] [43] Start function
[n43:43:(44) 0.000580] /home/nguyen/ai/allreduce_simulate/SimGrid-3.19/src/smpi/colls/allreduce/allreduce-ntt-lr-rab.cpp:82: [smpi_colls/WARNING] [NNNN] [43] Start algorithm
[n43:43:(44) 0.000580] /home/nguyen/ai/allreduce_simulate/SimGrid-3.19/src/smpi/colls/allreduce/allreduce-ntt-lr-rab.cpp:88: [smpi_colls/WARNING] [NNNN] [43] intra lr reduce-scatter
[n34:34:(35) 0.000580] /home/nguyen/ai/allreduce_simulate/SimGrid-3.19/src/smpi/colls/allreduce/allreduce-ntt-lr-rab.cpp:28: [smpi_colls/WARNING] [NNNN] [34] Start function
[n34:34:(35) 0.000580] /home/nguyen/ai/allreduce_simulate/SimGrid-3.19/src/smpi/colls/allreduce/allreduce-ntt-lr-rab.cpp:82: [smpi_colls/WARNING] [NNNN] [34] Start algorithm
[n34:34:(35) 0.000580] /home/nguyen/ai/allreduce_simulate/SimGrid-3.19/src/smpi/colls/allreduce/allreduce-ntt-lr-rab.cpp:88: [smpi_colls/WARNING] [NNNN] [34] intra lr reduce-scatter
[n51:51:(52) 0.000580] /home/nguyen/ai/allreduce_simulate/SimGrid-3.19/src/smpi/colls/allreduce/allreduce-ntt-lr-rab.cpp:28: [smpi_colls/WARNING] [NNNN] [51] Start function
[n51:51:(52) 0.000580] /home/nguyen/ai/allreduce_simulate/SimGrid-3.19/src/smpi/colls/allreduce/allreduce-ntt-lr-rab.cpp:82: [smpi_colls/WARNING] [NNNN] [51] Start algorithm
[n51:51:(52) 0.000580] /home/nguyen/ai/allreduce_simulate/SimGrid-3.19/src/smpi/colls/allreduce/allreduce-ntt-lr-rab.cpp:88: [smpi_colls/WARNING] [NNNN] [51] intra lr reduce-scatter
[n31:31:(32) 0.000580] /home/nguyen/ai/allreduce_simulate/SimGrid-3.19/src/smpi/colls/allreduce/allreduce-ntt-lr-rab.cpp:28: [smpi_colls/WARNING] [NNNN] [31] Start function
[n31:31:(32) 0.000580] /home/nguyen/ai/allreduce_simulate/SimGrid-3.19/src/smpi/colls/allreduce/allreduce-ntt-lr-rab.cpp:82: [smpi_colls/WARNING] [NNNN] [31] Start algorithm
[n31:31:(32) 0.000580] /home/nguyen/ai/allreduce_simulate/SimGrid-3.19/src/smpi/colls/allreduce/allreduce-ntt-lr-rab.cpp:88: [smpi_colls/WARNING] [NNNN] [31] intra lr reduce-scatter
[n55:55:(56) 0.000580] /home/nguyen/ai/allreduce_simulate/SimGrid-3.19/src/smpi/colls/allreduce/allreduce-ntt-lr-rab.cpp:28: [smpi_colls/WARNING] [NNNN] [55] Start function
[n55:55:(56) 0.000580] /home/nguyen/ai/allreduce_simulate/SimGrid-3.19/src/smpi/colls/allreduce/allreduce-ntt-lr-rab.cpp:82: [smpi_colls/WARNING] [NNNN] [55] Start algorithm
[n55:55:(56) 0.000580] /home/nguyen/ai/allreduce_simulate/SimGrid-3.19/src/smpi/colls/allreduce/allreduce-ntt-lr-rab.cpp:88: [smpi_colls/WARNING] [NNNN] [55] intra lr reduce-scatter
[n39:39:(40) 0.000581] /home/nguyen/ai/allreduce_simulate/SimGrid-3.19/src/smpi/colls/allreduce/allreduce-ntt-lr-rab.cpp:28: [smpi_colls/WARNING] [NNNN] [39] Start function
[n39:39:(40) 0.000581] /home/nguyen/ai/allreduce_simulate/SimGrid-3.19/src/smpi/colls/allreduce/allreduce-ntt-lr-rab.cpp:82: [smpi_colls/WARNING] [NNNN] [39] Start algorithm
[n39:39:(40) 0.000581] /home/nguyen/ai/allreduce_simulate/SimGrid-3.19/src/smpi/colls/allreduce/allreduce-ntt-lr-rab.cpp:88: [smpi_colls/WARNING] [NNNN] [39] intra lr reduce-scatter
[n47:47:(48) 0.000581] /home/nguyen/ai/allreduce_simulate/SimGrid-3.19/src/smpi/colls/allreduce/allreduce-ntt-lr-rab.cpp:28: [smpi_colls/WARNING] [NNNN] [47] Start function
[n47:47:(48) 0.000581] /home/nguyen/ai/allreduce_simulate/SimGrid-3.19/src/smpi/colls/allreduce/allreduce-ntt-lr-rab.cpp:82: [smpi_colls/WARNING] [NNNN] [47] Start algorithm
[n47:47:(48) 0.000581] /home/nguyen/ai/allreduce_simulate/SimGrid-3.19/src/smpi/colls/allreduce/allreduce-ntt-lr-rab.cpp:88: [smpi_colls/WARNING] [NNNN] [47] intra lr reduce-scatter
[n35:35:(36) 0.000581] /home/nguyen/ai/allreduce_simulate/SimGrid-3.19/src/smpi/colls/allreduce/allreduce-ntt-lr-rab.cpp:28: [smpi_colls/WARNING] [NNNN] [35] Start function
[n35:35:(36) 0.000581] /home/nguyen/ai/allreduce_simulate/SimGrid-3.19/src/smpi/colls/allreduce/allreduce-ntt-lr-rab.cpp:82: [smpi_colls/WARNING] [NNNN] [35] Start algorithm
[n35:35:(36) 0.000581] /home/nguyen/ai/allreduce_simulate/SimGrid-3.19/src/smpi/colls/allreduce/allreduce-ntt-lr-rab.cpp:88: [smpi_colls/WARNING] [NNNN] [35] intra lr reduce-scatter
[n27:27:(28) 0.000581] /home/nguyen/ai/allreduce_simulate/SimGrid-3.19/src/smpi/colls/allreduce/allreduce-ntt-lr-rab.cpp:28: [smpi_colls/WARNING] [NNNN] [27] Start function
[n27:27:(28) 0.000581] /home/nguyen/ai/allreduce_simulate/SimGrid-3.19/src/smpi/colls/allreduce/allreduce-ntt-lr-rab.cpp:82: [smpi_colls/WARNING] [NNNN] [27] Start algorithm
[n27:27:(28) 0.000581] /home/nguyen/ai/allreduce_simulate/SimGrid-3.19/src/smpi/colls/allreduce/allreduce-ntt-lr-rab.cpp:88: [smpi_colls/WARNING] [NNNN] [27] intra lr reduce-scatter
[n32:32:(33) 0.000581] /home/nguyen/ai/allreduce_simulate/SimGrid-3.19/src/smpi/colls/allreduce/allreduce-ntt-lr-rab.cpp:28: [smpi_colls/WARNING] [NNNN] [32] Start function
[n32:32:(33) 0.000581] /home/nguyen/ai/allreduce_simulate/SimGrid-3.19/src/smpi/colls/allreduce/allreduce-ntt-lr-rab.cpp:82: [smpi_colls/WARNING] [NNNN] [32] Start algorithm
[n32:32:(33) 0.000581] /home/nguyen/ai/allreduce_simulate/SimGrid-3.19/src/smpi/colls/allreduce/allreduce-ntt-lr-rab.cpp:88: [smpi_colls/WARNING] [NNNN] [32] intra lr reduce-scatter
[n40:40:(41) 0.000582] /home/nguyen/ai/allreduce_simulate/SimGrid-3.19/src/smpi/colls/allreduce/allreduce-ntt-lr-rab.cpp:28: [smpi_colls/WARNING] [NNNN] [40] Start function
[n40:40:(41) 0.000582] /home/nguyen/ai/allreduce_simulate/SimGrid-3.19/src/smpi/colls/allreduce/allreduce-ntt-lr-rab.cpp:82: [smpi_colls/WARNING] [NNNN] [40] Start algorithm
[n40:40:(41) 0.000582] /home/nguyen/ai/allreduce_simulate/SimGrid-3.19/src/smpi/colls/allreduce/allreduce-ntt-lr-rab.cpp:88: [smpi_colls/WARNING] [NNNN] [40] intra lr reduce-scatter
[n28:28:(29) 0.000582] /home/nguyen/ai/allreduce_simulate/SimGrid-3.19/src/smpi/colls/allreduce/allreduce-ntt-lr-rab.cpp:28: [smpi_colls/WARNING] [NNNN] [28] Start function
[n28:28:(29) 0.000582] /home/nguyen/ai/allreduce_simulate/SimGrid-3.19/src/smpi/colls/allreduce/allreduce-ntt-lr-rab.cpp:82: [smpi_colls/WARNING] [NNNN] [28] Start algorithm
[n28:28:(29) 0.000582] /home/nguyen/ai/allreduce_simulate/SimGrid-3.19/src/smpi/colls/allreduce/allreduce-ntt-lr-rab.cpp:88: [smpi_colls/WARNING] [NNNN] [28] intra lr reduce-scatter
[n38:38:(39) 0.000582] /home/nguyen/ai/allreduce_simulate/SimGrid-3.19/src/smpi/colls/allreduce/allreduce-ntt-lr-rab.cpp:28: [smpi_colls/WARNING] [NNNN] [38] Start function
[n38:38:(39) 0.000582] /home/nguyen/ai/allreduce_simulate/SimGrid-3.19/src/smpi/colls/allreduce/allreduce-ntt-lr-rab.cpp:82: [smpi_colls/WARNING] [NNNN] [38] Start algorithm
[n38:38:(39) 0.000582] /home/nguyen/ai/allreduce_simulate/SimGrid-3.19/src/smpi/colls/allreduce/allreduce-ntt-lr-rab.cpp:88: [smpi_colls/WARNING] [NNNN] [38] intra lr reduce-scatter
[n33:33:(34) 0.000582] /home/nguyen/ai/allreduce_simulate/SimGrid-3.19/src/smpi/colls/allreduce/allreduce-ntt-lr-rab.cpp:28: [smpi_colls/WARNING] [NNNN] [33] Start function
[n33:33:(34) 0.000582] /home/nguyen/ai/allreduce_simulate/SimGrid-3.19/src/smpi/colls/allreduce/allreduce-ntt-lr-rab.cpp:82: [smpi_colls/WARNING] [NNNN] [33] Start algorithm
[n33:33:(34) 0.000582] /home/nguyen/ai/allreduce_simulate/SimGrid-3.19/src/smpi/colls/allreduce/allreduce-ntt-lr-rab.cpp:88: [smpi_colls/WARNING] [NNNN] [33] intra lr reduce-scatter
[n42:42:(43) 0.000582] /home/nguyen/ai/allreduce_simulate/SimGrid-3.19/src/smpi/colls/allreduce/allreduce-ntt-lr-rab.cpp:28: [smpi_colls/WARNING] [NNNN] [42] Start function
[n42:42:(43) 0.000582] /home/nguyen/ai/allreduce_simulate/SimGrid-3.19/src/smpi/colls/allreduce/allreduce-ntt-lr-rab.cpp:82: [smpi_colls/WARNING] [NNNN] [42] Start algorithm
[n42:42:(43) 0.000582] /home/nguyen/ai/allreduce_simulate/SimGrid-3.19/src/smpi/colls/allreduce/allreduce-ntt-lr-rab.cpp:88: [smpi_colls/WARNING] [NNNN] [42] intra lr reduce-scatter
[n41:41:(42) 0.000582] /home/nguyen/ai/allreduce_simulate/SimGrid-3.19/src/smpi/colls/allreduce/allreduce-ntt-lr-rab.cpp:28: [smpi_colls/WARNING] [NNNN] [41] Start function
[n41:41:(42) 0.000582] /home/nguyen/ai/allreduce_simulate/SimGrid-3.19/src/smpi/colls/allreduce/allreduce-ntt-lr-rab.cpp:82: [smpi_colls/WARNING] [NNNN] [41] Start algorithm
[n41:41:(42) 0.000582] /home/nguyen/ai/allreduce_simulate/SimGrid-3.19/src/smpi/colls/allreduce/allreduce-ntt-lr-rab.cpp:88: [smpi_colls/WARNING] [NNNN] [41] intra lr reduce-scatter
[n1:1:(2) 0.000913] /home/nguyen/ai/allreduce_simulate/SimGrid-3.19/src/smpi/colls/allreduce/allreduce-ntt-lr-rab.cpp:28: [smpi_colls/WARNING] [NNNN] [1] Start function
[n1:1:(2) 0.000913] /home/nguyen/ai/allreduce_simulate/SimGrid-3.19/src/smpi/colls/allreduce/allreduce-ntt-lr-rab.cpp:82: [smpi_colls/WARNING] [NNNN] [1] Start algorithm
[n1:1:(2) 0.000913] /home/nguyen/ai/allreduce_simulate/SimGrid-3.19/src/smpi/colls/allreduce/allreduce-ntt-lr-rab.cpp:88: [smpi_colls/WARNING] [NNNN] [1] intra lr reduce-scatter
[n0:0:(1) 0.001154] /home/nguyen/ai/allreduce_simulate/SimGrid-3.19/src/smpi/colls/allreduce/allreduce-ntt-lr-rab.cpp:28: [smpi_colls/WARNING] [NNNN] [0] Start function
[n0:0:(1) 0.001154] /home/nguyen/ai/allreduce_simulate/SimGrid-3.19/src/smpi/colls/allreduce/allreduce-ntt-lr-rab.cpp:82: [smpi_colls/WARNING] [NNNN] [0] Start algorithm
[n0:0:(1) 0.001154] /home/nguyen/ai/allreduce_simulate/SimGrid-3.19/src/smpi/colls/allreduce/allreduce-ntt-lr-rab.cpp:88: [smpi_colls/WARNING] [NNNN] [0] intra lr reduce-scatter
[n61:61:(62) 0.002726] /home/nguyen/ai/allreduce_simulate/SimGrid-3.19/src/smpi/colls/allreduce/allreduce-ntt-lr-rab.cpp:113: [smpi_colls/WARNING] [NNNN] [61] inter reduce-scatter
[n60:60:(61) 0.002726] /home/nguyen/ai/allreduce_simulate/SimGrid-3.19/src/smpi/colls/allreduce/allreduce-ntt-lr-rab.cpp:113: [smpi_colls/WARNING] [NNNN] [60] inter reduce-scatter
[n63:63:(64) 0.002726] /home/nguyen/ai/allreduce_simulate/SimGrid-3.19/src/smpi/colls/allreduce/allreduce-ntt-lr-rab.cpp:113: [smpi_colls/WARNING] [NNNN] [63] inter reduce-scatter
[n62:62:(63) 0.002726] /home/nguyen/ai/allreduce_simulate/SimGrid-3.19/src/smpi/colls/allreduce/allreduce-ntt-lr-rab.cpp:113: [smpi_colls/WARNING] [NNNN] [62] inter reduce-scatter
[n20:20:(21) 0.002751] /home/nguyen/ai/allreduce_simulate/SimGrid-3.19/src/smpi/colls/allreduce/allreduce-ntt-lr-rab.cpp:113: [smpi_colls/WARNING] [NNNN] [20] inter reduce-scatter
[n23:23:(24) 0.002751] /home/nguyen/ai/allreduce_simulate/SimGrid-3.19/src/smpi/colls/allreduce/allreduce-ntt-lr-rab.cpp:113: [smpi_colls/WARNING] [NNNN] [23] inter reduce-scatter
[n22:22:(23) 0.002751] /home/nguyen/ai/allreduce_simulate/SimGrid-3.19/src/smpi/colls/allreduce/allreduce-ntt-lr-rab.cpp:113: [smpi_colls/WARNING] [NNNN] [22] inter reduce-scatter
[n21:21:(22) 0.002751] /home/nguyen/ai/allreduce_simulate/SimGrid-3.19/src/smpi/colls/allreduce/allreduce-ntt-lr-rab.cpp:113: [smpi_colls/WARNING] [NNNN] [21] inter reduce-scatter
[n18:18:(19) 0.002752] /home/nguyen/ai/allreduce_simulate/SimGrid-3.19/src/smpi/colls/allreduce/allreduce-ntt-lr-rab.cpp:113: [smpi_colls/WARNING] [NNNN] [18] inter reduce-scatter
[n17:17:(18) 0.002752] /home/nguyen/ai/allreduce_simulate/SimGrid-3.19/src/smpi/colls/allreduce/allreduce-ntt-lr-rab.cpp:113: [smpi_colls/WARNING] [NNNN] [17] inter reduce-scatter
[n16:16:(17) 0.002752] /home/nguyen/ai/allreduce_simulate/SimGrid-3.19/src/smpi/colls/allreduce/allreduce-ntt-lr-rab.cpp:113: [smpi_colls/WARNING] [NNNN] [16] inter reduce-scatter
[n19:19:(20) 0.002752] /home/nguyen/ai/allreduce_simulate/SimGrid-3.19/src/smpi/colls/allreduce/allreduce-ntt-lr-rab.cpp:113: [smpi_colls/WARNING] [NNNN] [19] inter reduce-scatter
[n12:12:(13) 0.002752] /home/nguyen/ai/allreduce_simulate/SimGrid-3.19/src/smpi/colls/allreduce/allreduce-ntt-lr-rab.cpp:113: [smpi_colls/WARNING] [NNNN] [12] inter reduce-scatter
[n15:15:(16) 0.002752] /home/nguyen/ai/allreduce_simulate/SimGrid-3.19/src/smpi/colls/allreduce/allreduce-ntt-lr-rab.cpp:113: [smpi_colls/WARNING] [NNNN] [15] inter reduce-scatter
[n14:14:(15) 0.002752] /home/nguyen/ai/allreduce_simulate/SimGrid-3.19/src/smpi/colls/allreduce/allreduce-ntt-lr-rab.cpp:113: [smpi_colls/WARNING] [NNNN] [14] inter reduce-scatter
[n13:13:(14) 0.002752] /home/nguyen/ai/allreduce_simulate/SimGrid-3.19/src/smpi/colls/allreduce/allreduce-ntt-lr-rab.cpp:113: [smpi_colls/WARNING] [NNNN] [13] inter reduce-scatter
[n5:5:(6) 0.002753] /home/nguyen/ai/allreduce_simulate/SimGrid-3.19/src/smpi/colls/allreduce/allreduce-ntt-lr-rab.cpp:113: [smpi_colls/WARNING] [NNNN] [5] inter reduce-scatter
[n4:4:(5) 0.002753] /home/nguyen/ai/allreduce_simulate/SimGrid-3.19/src/smpi/colls/allreduce/allreduce-ntt-lr-rab.cpp:113: [smpi_colls/WARNING] [NNNN] [4] inter reduce-scatter
[n7:7:(8) 0.002753] /home/nguyen/ai/allreduce_simulate/SimGrid-3.19/src/smpi/colls/allreduce/allreduce-ntt-lr-rab.cpp:113: [smpi_colls/WARNING] [NNNN] [7] inter reduce-scatter
[n6:6:(7) 0.002753] /home/nguyen/ai/allreduce_simulate/SimGrid-3.19/src/smpi/colls/allreduce/allreduce-ntt-lr-rab.cpp:113: [smpi_colls/WARNING] [NNNN] [6] inter reduce-scatter
[n8:8:(9) 0.002753] /home/nguyen/ai/allreduce_simulate/SimGrid-3.19/src/smpi/colls/allreduce/allreduce-ntt-lr-rab.cpp:113: [smpi_colls/WARNING] [NNNN] [8] inter reduce-scatter
[n11:11:(12) 0.002753] /home/nguyen/ai/allreduce_simulate/SimGrid-3.19/src/smpi/colls/allreduce/allreduce-ntt-lr-rab.cpp:113: [smpi_colls/WARNING] [NNNN] [11] inter reduce-scatter
[n10:10:(11) 0.002753] /home/nguyen/ai/allreduce_simulate/SimGrid-3.19/src/smpi/colls/allreduce/allreduce-ntt-lr-rab.cpp:113: [smpi_colls/WARNING] [NNNN] [10] inter reduce-scatter
[n9:9:(10) 0.002753] /home/nguyen/ai/allreduce_simulate/SimGrid-3.19/src/smpi/colls/allreduce/allreduce-ntt-lr-rab.cpp:113: [smpi_colls/WARNING] [NNNN] [9] inter reduce-scatter
[n56:56:(57) 0.002758] /home/nguyen/ai/allreduce_simulate/SimGrid-3.19/src/smpi/colls/allreduce/allreduce-ntt-lr-rab.cpp:113: [smpi_colls/WARNING] [NNNN] [56] inter reduce-scatter
[n59:59:(60) 0.002758] /home/nguyen/ai/allreduce_simulate/SimGrid-3.19/src/smpi/colls/allreduce/allreduce-ntt-lr-rab.cpp:113: [smpi_colls/WARNING] [NNNN] [59] inter reduce-scatter
[n58:58:(59) 0.002758] /home/nguyen/ai/allreduce_simulate/SimGrid-3.19/src/smpi/colls/allreduce/allreduce-ntt-lr-rab.cpp:113: [smpi_colls/WARNING] [NNNN] [58] inter reduce-scatter
[n57:57:(58) 0.002758] /home/nguyen/ai/allreduce_simulate/SimGrid-3.19/src/smpi/colls/allreduce/allreduce-ntt-lr-rab.cpp:113: [smpi_colls/WARNING] [NNNN] [57] inter reduce-scatter
[n49:49:(50) 0.002759] /home/nguyen/ai/allreduce_simulate/SimGrid-3.19/src/smpi/colls/allreduce/allreduce-ntt-lr-rab.cpp:113: [smpi_colls/WARNING] [NNNN] [49] inter reduce-scatter
[n48:48:(49) 0.002759] /home/nguyen/ai/allreduce_simulate/SimGrid-3.19/src/smpi/colls/allreduce/allreduce-ntt-lr-rab.cpp:113: [smpi_colls/WARNING] [NNNN] [48] inter reduce-scatter
[n51:51:(52) 0.002759] /home/nguyen/ai/allreduce_simulate/SimGrid-3.19/src/smpi/colls/allreduce/allreduce-ntt-lr-rab.cpp:113: [smpi_colls/WARNING] [NNNN] [51] inter reduce-scatter
[n50:50:(51) 0.002759] /home/nguyen/ai/allreduce_simulate/SimGrid-3.19/src/smpi/colls/allreduce/allreduce-ntt-lr-rab.cpp:113: [smpi_colls/WARNING] [NNNN] [50] inter reduce-scatter
[n53:53:(54) 0.002760] /home/nguyen/ai/allreduce_simulate/SimGrid-3.19/src/smpi/colls/allreduce/allreduce-ntt-lr-rab.cpp:113: [smpi_colls/WARNING] [NNNN] [53] inter reduce-scatter
[n52:52:(53) 0.002760] /home/nguyen/ai/allreduce_simulate/SimGrid-3.19/src/smpi/colls/allreduce/allreduce-ntt-lr-rab.cpp:113: [smpi_colls/WARNING] [NNNN] [52] inter reduce-scatter
[n55:55:(56) 0.002760] /home/nguyen/ai/allreduce_simulate/SimGrid-3.19/src/smpi/colls/allreduce/allreduce-ntt-lr-rab.cpp:113: [smpi_colls/WARNING] [NNNN] [55] inter reduce-scatter
[n54:54:(55) 0.002760] /home/nguyen/ai/allreduce_simulate/SimGrid-3.19/src/smpi/colls/allreduce/allreduce-ntt-lr-rab.cpp:113: [smpi_colls/WARNING] [NNNN] [54] inter reduce-scatter
[n45:45:(46) 0.002760] /home/nguyen/ai/allreduce_simulate/SimGrid-3.19/src/smpi/colls/allreduce/allreduce-ntt-lr-rab.cpp:113: [smpi_colls/WARNING] [NNNN] [45] inter reduce-scatter
[n44:44:(45) 0.002760] /home/nguyen/ai/allreduce_simulate/SimGrid-3.19/src/smpi/colls/allreduce/allreduce-ntt-lr-rab.cpp:113: [smpi_colls/WARNING] [NNNN] [44] inter reduce-scatter
[n47:47:(48) 0.002760] /home/nguyen/ai/allreduce_simulate/SimGrid-3.19/src/smpi/colls/allreduce/allreduce-ntt-lr-rab.cpp:113: [smpi_colls/WARNING] [NNNN] [47] inter reduce-scatter
[n46:46:(47) 0.002760] /home/nguyen/ai/allreduce_simulate/SimGrid-3.19/src/smpi/colls/allreduce/allreduce-ntt-lr-rab.cpp:113: [smpi_colls/WARNING] [NNNN] [46] inter reduce-scatter
[n25:25:(26) 0.002761] /home/nguyen/ai/allreduce_simulate/SimGrid-3.19/src/smpi/colls/allreduce/allreduce-ntt-lr-rab.cpp:113: [smpi_colls/WARNING] [NNNN] [25] inter reduce-scatter
[n24:24:(25) 0.002761] /home/nguyen/ai/allreduce_simulate/SimGrid-3.19/src/smpi/colls/allreduce/allreduce-ntt-lr-rab.cpp:113: [smpi_colls/WARNING] [NNNN] [24] inter reduce-scatter
[n27:27:(28) 0.002761] /home/nguyen/ai/allreduce_simulate/SimGrid-3.19/src/smpi/colls/allreduce/allreduce-ntt-lr-rab.cpp:113: [smpi_colls/WARNING] [NNNN] [27] inter reduce-scatter
[n26:26:(27) 0.002761] /home/nguyen/ai/allreduce_simulate/SimGrid-3.19/src/smpi/colls/allreduce/allreduce-ntt-lr-rab.cpp:113: [smpi_colls/WARNING] [NNNN] [26] inter reduce-scatter
[n30:30:(31) 0.002761] /home/nguyen/ai/allreduce_simulate/SimGrid-3.19/src/smpi/colls/allreduce/allreduce-ntt-lr-rab.cpp:113: [smpi_colls/WARNING] [NNNN] [30] inter reduce-scatter
[n29:29:(30) 0.002761] /home/nguyen/ai/allreduce_simulate/SimGrid-3.19/src/smpi/colls/allreduce/allreduce-ntt-lr-rab.cpp:113: [smpi_colls/WARNING] [NNNN] [29] inter reduce-scatter
[n28:28:(29) 0.002761] /home/nguyen/ai/allreduce_simulate/SimGrid-3.19/src/smpi/colls/allreduce/allreduce-ntt-lr-rab.cpp:113: [smpi_colls/WARNING] [NNNN] [28] inter reduce-scatter
[n31:31:(32) 0.002761] /home/nguyen/ai/allreduce_simulate/SimGrid-3.19/src/smpi/colls/allreduce/allreduce-ntt-lr-rab.cpp:113: [smpi_colls/WARNING] [NNNN] [31] inter reduce-scatter
[n36:36:(37) 0.002761] /home/nguyen/ai/allreduce_simulate/SimGrid-3.19/src/smpi/colls/allreduce/allreduce-ntt-lr-rab.cpp:113: [smpi_colls/WARNING] [NNNN] [36] inter reduce-scatter
[n39:39:(40) 0.002761] /home/nguyen/ai/allreduce_simulate/SimGrid-3.19/src/smpi/colls/allreduce/allreduce-ntt-lr-rab.cpp:113: [smpi_colls/WARNING] [NNNN] [39] inter reduce-scatter
[n38:38:(39) 0.002761] /home/nguyen/ai/allreduce_simulate/SimGrid-3.19/src/smpi/colls/allreduce/allreduce-ntt-lr-rab.cpp:113: [smpi_colls/WARNING] [NNNN] [38] inter reduce-scatter
[n37:37:(38) 0.002761] /home/nguyen/ai/allreduce_simulate/SimGrid-3.19/src/smpi/colls/allreduce/allreduce-ntt-lr-rab.cpp:113: [smpi_colls/WARNING] [NNNN] [37] inter reduce-scatter
[n35:35:(36) 0.002761] /home/nguyen/ai/allreduce_simulate/SimGrid-3.19/src/smpi/colls/allreduce/allreduce-ntt-lr-rab.cpp:113: [smpi_colls/WARNING] [NNNN] [35] inter reduce-scatter
[n34:34:(35) 0.002761] /home/nguyen/ai/allreduce_simulate/SimGrid-3.19/src/smpi/colls/allreduce/allreduce-ntt-lr-rab.cpp:113: [smpi_colls/WARNING] [NNNN] [34] inter reduce-scatter
[n33:33:(34) 0.002761] /home/nguyen/ai/allreduce_simulate/SimGrid-3.19/src/smpi/colls/allreduce/allreduce-ntt-lr-rab.cpp:113: [smpi_colls/WARNING] [NNNN] [33] inter reduce-scatter
[n32:32:(33) 0.002761] /home/nguyen/ai/allreduce_simulate/SimGrid-3.19/src/smpi/colls/allreduce/allreduce-ntt-lr-rab.cpp:113: [smpi_colls/WARNING] [NNNN] [32] inter reduce-scatter
[n43:43:(44) 0.002762] /home/nguyen/ai/allreduce_simulate/SimGrid-3.19/src/smpi/colls/allreduce/allreduce-ntt-lr-rab.cpp:113: [smpi_colls/WARNING] [NNNN] [43] inter reduce-scatter
[n42:42:(43) 0.002762] /home/nguyen/ai/allreduce_simulate/SimGrid-3.19/src/smpi/colls/allreduce/allreduce-ntt-lr-rab.cpp:113: [smpi_colls/WARNING] [NNNN] [42] inter reduce-scatter
[n41:41:(42) 0.002762] /home/nguyen/ai/allreduce_simulate/SimGrid-3.19/src/smpi/colls/allreduce/allreduce-ntt-lr-rab.cpp:113: [smpi_colls/WARNING] [NNNN] [41] inter reduce-scatter
[n40:40:(41) 0.002762] /home/nguyen/ai/allreduce_simulate/SimGrid-3.19/src/smpi/colls/allreduce/allreduce-ntt-lr-rab.cpp:113: [smpi_colls/WARNING] [NNNN] [40] inter reduce-scatter
[n2:2:(3) 0.003334] /home/nguyen/ai/allreduce_simulate/SimGrid-3.19/src/smpi/colls/allreduce/allreduce-ntt-lr-rab.cpp:113: [smpi_colls/WARNING] [NNNN] [2] inter reduce-scatter
[n1:1:(2) 0.003334] /home/nguyen/ai/allreduce_simulate/SimGrid-3.19/src/smpi/colls/allreduce/allreduce-ntt-lr-rab.cpp:113: [smpi_colls/WARNING] [NNNN] [1] inter reduce-scatter
[n0:0:(1) 0.003334] /home/nguyen/ai/allreduce_simulate/SimGrid-3.19/src/smpi/colls/allreduce/allreduce-ntt-lr-rab.cpp:113: [smpi_colls/WARNING] [NNNN] [0] inter reduce-scatter
[n3:3:(4) 0.003334] /home/nguyen/ai/allreduce_simulate/SimGrid-3.19/src/smpi/colls/allreduce/allreduce-ntt-lr-rab.cpp:113: [smpi_colls/WARNING] [NNNN] [3] inter reduce-scatter
[n33:33:(34) 0.014251] /home/nguyen/ai/allreduce_simulate/SimGrid-3.19/src/smpi/colls/allreduce/allreduce-ntt-lr-rab.cpp:237: [smpi_colls/WARNING] [NNNN] [33] inter all-gather
[n1:1:(2) 0.014251] /home/nguyen/ai/allreduce_simulate/SimGrid-3.19/src/smpi/colls/allreduce/allreduce-ntt-lr-rab.cpp:237: [smpi_colls/WARNING] [NNNN] [1] inter all-gather
[n32:32:(33) 0.014251] /home/nguyen/ai/allreduce_simulate/SimGrid-3.19/src/smpi/colls/allreduce/allreduce-ntt-lr-rab.cpp:237: [smpi_colls/WARNING] [NNNN] [32] inter all-gather
[n0:0:(1) 0.014251] /home/nguyen/ai/allreduce_simulate/SimGrid-3.19/src/smpi/colls/allreduce/allreduce-ntt-lr-rab.cpp:237: [smpi_colls/WARNING] [NNNN] [0] inter all-gather
[n34:34:(35) 0.014251] /home/nguyen/ai/allreduce_simulate/SimGrid-3.19/src/smpi/colls/allreduce/allreduce-ntt-lr-rab.cpp:237: [smpi_colls/WARNING] [NNNN] [34] inter all-gather
[n2:2:(3) 0.014251] /home/nguyen/ai/allreduce_simulate/SimGrid-3.19/src/smpi/colls/allreduce/allreduce-ntt-lr-rab.cpp:237: [smpi_colls/WARNING] [NNNN] [2] inter all-gather
[n35:35:(36) 0.014251] /home/nguyen/ai/allreduce_simulate/SimGrid-3.19/src/smpi/colls/allreduce/allreduce-ntt-lr-rab.cpp:237: [smpi_colls/WARNING] [NNNN] [35] inter all-gather
[n3:3:(4) 0.014251] /home/nguyen/ai/allreduce_simulate/SimGrid-3.19/src/smpi/colls/allreduce/allreduce-ntt-lr-rab.cpp:237: [smpi_colls/WARNING] [NNNN] [3] inter all-gather
[n41:41:(42) 0.014254] /home/nguyen/ai/allreduce_simulate/SimGrid-3.19/src/smpi/colls/allreduce/allreduce-ntt-lr-rab.cpp:237: [smpi_colls/WARNING] [NNNN] [41] inter all-gather
[n9:9:(10) 0.014254] /home/nguyen/ai/allreduce_simulate/SimGrid-3.19/src/smpi/colls/allreduce/allreduce-ntt-lr-rab.cpp:237: [smpi_colls/WARNING] [NNNN] [9] inter all-gather
[n57:57:(58) 0.014254] /home/nguyen/ai/allreduce_simulate/SimGrid-3.19/src/smpi/colls/allreduce/allreduce-ntt-lr-rab.cpp:237: [smpi_colls/WARNING] [NNNN] [57] inter all-gather
[n25:25:(26) 0.014254] /home/nguyen/ai/allreduce_simulate/SimGrid-3.19/src/smpi/colls/allreduce/allreduce-ntt-lr-rab.cpp:237: [smpi_colls/WARNING] [NNNN] [25] inter all-gather
[n49:49:(50) 0.014254] /home/nguyen/ai/allreduce_simulate/SimGrid-3.19/src/smpi/colls/allreduce/allreduce-ntt-lr-rab.cpp:237: [smpi_colls/WARNING] [NNNN] [49] inter all-gather
[n17:17:(18) 0.014254] /home/nguyen/ai/allreduce_simulate/SimGrid-3.19/src/smpi/colls/allreduce/allreduce-ntt-lr-rab.cpp:237: [smpi_colls/WARNING] [NNNN] [17] inter all-gather
[n45:45:(46) 0.014254] /home/nguyen/ai/allreduce_simulate/SimGrid-3.19/src/smpi/colls/allreduce/allreduce-ntt-lr-rab.cpp:237: [smpi_colls/WARNING] [NNNN] [45] inter all-gather
[n13:13:(14) 0.014254] /home/nguyen/ai/allreduce_simulate/SimGrid-3.19/src/smpi/colls/allreduce/allreduce-ntt-lr-rab.cpp:237: [smpi_colls/WARNING] [NNNN] [13] inter all-gather
[n61:61:(62) 0.014254] /home/nguyen/ai/allreduce_simulate/SimGrid-3.19/src/smpi/colls/allreduce/allreduce-ntt-lr-rab.cpp:237: [smpi_colls/WARNING] [NNNN] [61] inter all-gather
[n29:29:(30) 0.014254] /home/nguyen/ai/allreduce_simulate/SimGrid-3.19/src/smpi/colls/allreduce/allreduce-ntt-lr-rab.cpp:237: [smpi_colls/WARNING] [NNNN] [29] inter all-gather
[n37:37:(38) 0.014254] /home/nguyen/ai/allreduce_simulate/SimGrid-3.19/src/smpi/colls/allreduce/allreduce-ntt-lr-rab.cpp:237: [smpi_colls/WARNING] [NNNN] [37] inter all-gather
[n5:5:(6) 0.014254] /home/nguyen/ai/allreduce_simulate/SimGrid-3.19/src/smpi/colls/allreduce/allreduce-ntt-lr-rab.cpp:237: [smpi_colls/WARNING] [NNNN] [5] inter all-gather
[n53:53:(54) 0.014254] /home/nguyen/ai/allreduce_simulate/SimGrid-3.19/src/smpi/colls/allreduce/allreduce-ntt-lr-rab.cpp:237: [smpi_colls/WARNING] [NNNN] [53] inter all-gather
[n21:21:(22) 0.014254] /home/nguyen/ai/allreduce_simulate/SimGrid-3.19/src/smpi/colls/allreduce/allreduce-ntt-lr-rab.cpp:237: [smpi_colls/WARNING] [NNNN] [21] inter all-gather
[n40:40:(41) 0.014254] /home/nguyen/ai/allreduce_simulate/SimGrid-3.19/src/smpi/colls/allreduce/allreduce-ntt-lr-rab.cpp:237: [smpi_colls/WARNING] [NNNN] [40] inter all-gather
[n8:8:(9) 0.014254] /home/nguyen/ai/allreduce_simulate/SimGrid-3.19/src/smpi/colls/allreduce/allreduce-ntt-lr-rab.cpp:237: [smpi_colls/WARNING] [NNNN] [8] inter all-gather
[n56:56:(57) 0.014254] /home/nguyen/ai/allreduce_simulate/SimGrid-3.19/src/smpi/colls/allreduce/allreduce-ntt-lr-rab.cpp:237: [smpi_colls/WARNING] [NNNN] [56] inter all-gather
[n24:24:(25) 0.014254] /home/nguyen/ai/allreduce_simulate/SimGrid-3.19/src/smpi/colls/allreduce/allreduce-ntt-lr-rab.cpp:237: [smpi_colls/WARNING] [NNNN] [24] inter all-gather
[n48:48:(49) 0.014254] /home/nguyen/ai/allreduce_simulate/SimGrid-3.19/src/smpi/colls/allreduce/allreduce-ntt-lr-rab.cpp:237: [smpi_colls/WARNING] [NNNN] [48] inter all-gather
[n16:16:(17) 0.014254] /home/nguyen/ai/allreduce_simulate/SimGrid-3.19/src/smpi/colls/allreduce/allreduce-ntt-lr-rab.cpp:237: [smpi_colls/WARNING] [NNNN] [16] inter all-gather
[n44:44:(45) 0.014254] /home/nguyen/ai/allreduce_simulate/SimGrid-3.19/src/smpi/colls/allreduce/allreduce-ntt-lr-rab.cpp:237: [smpi_colls/WARNING] [NNNN] [44] inter all-gather
[n12:12:(13) 0.014254] /home/nguyen/ai/allreduce_simulate/SimGrid-3.19/src/smpi/colls/allreduce/allreduce-ntt-lr-rab.cpp:237: [smpi_colls/WARNING] [NNNN] [12] inter all-gather
[n60:60:(61) 0.014254] /home/nguyen/ai/allreduce_simulate/SimGrid-3.19/src/smpi/colls/allreduce/allreduce-ntt-lr-rab.cpp:237: [smpi_colls/WARNING] [NNNN] [60] inter all-gather
[n28:28:(29) 0.014254] /home/nguyen/ai/allreduce_simulate/SimGrid-3.19/src/smpi/colls/allreduce/allreduce-ntt-lr-rab.cpp:237: [smpi_colls/WARNING] [NNNN] [28] inter all-gather
[n36:36:(37) 0.014254] /home/nguyen/ai/allreduce_simulate/SimGrid-3.19/src/smpi/colls/allreduce/allreduce-ntt-lr-rab.cpp:237: [smpi_colls/WARNING] [NNNN] [36] inter all-gather
[n4:4:(5) 0.014254] /home/nguyen/ai/allreduce_simulate/SimGrid-3.19/src/smpi/colls/allreduce/allreduce-ntt-lr-rab.cpp:237: [smpi_colls/WARNING] [NNNN] [4] inter all-gather
[n52:52:(53) 0.014254] /home/nguyen/ai/allreduce_simulate/SimGrid-3.19/src/smpi/colls/allreduce/allreduce-ntt-lr-rab.cpp:237: [smpi_colls/WARNING] [NNNN] [52] inter all-gather
[n20:20:(21) 0.014254] /home/nguyen/ai/allreduce_simulate/SimGrid-3.19/src/smpi/colls/allreduce/allreduce-ntt-lr-rab.cpp:237: [smpi_colls/WARNING] [NNNN] [20] inter all-gather
[n42:42:(43) 0.014254] /home/nguyen/ai/allreduce_simulate/SimGrid-3.19/src/smpi/colls/allreduce/allreduce-ntt-lr-rab.cpp:237: [smpi_colls/WARNING] [NNNN] [42] inter all-gather
[n10:10:(11) 0.014254] /home/nguyen/ai/allreduce_simulate/SimGrid-3.19/src/smpi/colls/allreduce/allreduce-ntt-lr-rab.cpp:237: [smpi_colls/WARNING] [NNNN] [10] inter all-gather
[n58:58:(59) 0.014254] /home/nguyen/ai/allreduce_simulate/SimGrid-3.19/src/smpi/colls/allreduce/allreduce-ntt-lr-rab.cpp:237: [smpi_colls/WARNING] [NNNN] [58] inter all-gather
[n26:26:(27) 0.014254] /home/nguyen/ai/allreduce_simulate/SimGrid-3.19/src/smpi/colls/allreduce/allreduce-ntt-lr-rab.cpp:237: [smpi_colls/WARNING] [NNNN] [26] inter all-gather
[n50:50:(51) 0.014254] /home/nguyen/ai/allreduce_simulate/SimGrid-3.19/src/smpi/colls/allreduce/allreduce-ntt-lr-rab.cpp:237: [smpi_colls/WARNING] [NNNN] [50] inter all-gather
[n18:18:(19) 0.014254] /home/nguyen/ai/allreduce_simulate/SimGrid-3.19/src/smpi/colls/allreduce/allreduce-ntt-lr-rab.cpp:237: [smpi_colls/WARNING] [NNNN] [18] inter all-gather
[n46:46:(47) 0.014254] /home/nguyen/ai/allreduce_simulate/SimGrid-3.19/src/smpi/colls/allreduce/allreduce-ntt-lr-rab.cpp:237: [smpi_colls/WARNING] [NNNN] [46] inter all-gather
[n14:14:(15) 0.014254] /home/nguyen/ai/allreduce_simulate/SimGrid-3.19/src/smpi/colls/allreduce/allreduce-ntt-lr-rab.cpp:237: [smpi_colls/WARNING] [NNNN] [14] inter all-gather
[n62:62:(63) 0.014254] /home/nguyen/ai/allreduce_simulate/SimGrid-3.19/src/smpi/colls/allreduce/allreduce-ntt-lr-rab.cpp:237: [smpi_colls/WARNING] [NNNN] [62] inter all-gather
[n30:30:(31) 0.014254] /home/nguyen/ai/allreduce_simulate/SimGrid-3.19/src/smpi/colls/allreduce/allreduce-ntt-lr-rab.cpp:237: [smpi_colls/WARNING] [NNNN] [30] inter all-gather
[n38:38:(39) 0.014254] /home/nguyen/ai/allreduce_simulate/SimGrid-3.19/src/smpi/colls/allreduce/allreduce-ntt-lr-rab.cpp:237: [smpi_colls/WARNING] [NNNN] [38] inter all-gather
[n6:6:(7) 0.014254] /home/nguyen/ai/allreduce_simulate/SimGrid-3.19/src/smpi/colls/allreduce/allreduce-ntt-lr-rab.cpp:237: [smpi_colls/WARNING] [NNNN] [6] inter all-gather
[n54:54:(55) 0.014254] /home/nguyen/ai/allreduce_simulate/SimGrid-3.19/src/smpi/colls/allreduce/allreduce-ntt-lr-rab.cpp:237: [smpi_colls/WARNING] [NNNN] [54] inter all-gather
[n22:22:(23) 0.014254] /home/nguyen/ai/allreduce_simulate/SimGrid-3.19/src/smpi/colls/allreduce/allreduce-ntt-lr-rab.cpp:237: [smpi_colls/WARNING] [NNNN] [22] inter all-gather
[n43:43:(44) 0.014254] /home/nguyen/ai/allreduce_simulate/SimGrid-3.19/src/smpi/colls/allreduce/allreduce-ntt-lr-rab.cpp:237: [smpi_colls/WARNING] [NNNN] [43] inter all-gather
[n11:11:(12) 0.014254] /home/nguyen/ai/allreduce_simulate/SimGrid-3.19/src/smpi/colls/allreduce/allreduce-ntt-lr-rab.cpp:237: [smpi_colls/WARNING] [NNNN] [11] inter all-gather
[n59:59:(60) 0.014254] /home/nguyen/ai/allreduce_simulate/SimGrid-3.19/src/smpi/colls/allreduce/allreduce-ntt-lr-rab.cpp:237: [smpi_colls/WARNING] [NNNN] [59] inter all-gather
[n27:27:(28) 0.014254] /home/nguyen/ai/allreduce_simulate/SimGrid-3.19/src/smpi/colls/allreduce/allreduce-ntt-lr-rab.cpp:237: [smpi_colls/WARNING] [NNNN] [27] inter all-gather
[n51:51:(52) 0.014254] /home/nguyen/ai/allreduce_simulate/SimGrid-3.19/src/smpi/colls/allreduce/allreduce-ntt-lr-rab.cpp:237: [smpi_colls/WARNING] [NNNN] [51] inter all-gather
[n19:19:(20) 0.014254] /home/nguyen/ai/allreduce_simulate/SimGrid-3.19/src/smpi/colls/allreduce/allreduce-ntt-lr-rab.cpp:237: [smpi_colls/WARNING] [NNNN] [19] inter all-gather
[n47:47:(48) 0.014254] /home/nguyen/ai/allreduce_simulate/SimGrid-3.19/src/smpi/colls/allreduce/allreduce-ntt-lr-rab.cpp:237: [smpi_colls/WARNING] [NNNN] [47] inter all-gather
[n15:15:(16) 0.014254] /home/nguyen/ai/allreduce_simulate/SimGrid-3.19/src/smpi/colls/allreduce/allreduce-ntt-lr-rab.cpp:237: [smpi_colls/WARNING] [NNNN] [15] inter all-gather
[n63:63:(64) 0.014254] /home/nguyen/ai/allreduce_simulate/SimGrid-3.19/src/smpi/colls/allreduce/allreduce-ntt-lr-rab.cpp:237: [smpi_colls/WARNING] [NNNN] [63] inter all-gather
[n31:31:(32) 0.014254] /home/nguyen/ai/allreduce_simulate/SimGrid-3.19/src/smpi/colls/allreduce/allreduce-ntt-lr-rab.cpp:237: [smpi_colls/WARNING] [NNNN] [31] inter all-gather
[n39:39:(40) 0.014254] /home/nguyen/ai/allreduce_simulate/SimGrid-3.19/src/smpi/colls/allreduce/allreduce-ntt-lr-rab.cpp:237: [smpi_colls/WARNING] [NNNN] [39] inter all-gather
[n7:7:(8) 0.014254] /home/nguyen/ai/allreduce_simulate/SimGrid-3.19/src/smpi/colls/allreduce/allreduce-ntt-lr-rab.cpp:237: [smpi_colls/WARNING] [NNNN] [7] inter all-gather
[n55:55:(56) 0.014254] /home/nguyen/ai/allreduce_simulate/SimGrid-3.19/src/smpi/colls/allreduce/allreduce-ntt-lr-rab.cpp:237: [smpi_colls/WARNING] [NNNN] [55] inter all-gather
[n23:23:(24) 0.014254] /home/nguyen/ai/allreduce_simulate/SimGrid-3.19/src/smpi/colls/allreduce/allreduce-ntt-lr-rab.cpp:237: [smpi_colls/WARNING] [NNNN] [23] inter all-gather
[n5:5:(6) 0.025175] /home/nguyen/ai/allreduce_simulate/SimGrid-3.19/src/smpi/colls/allreduce/allreduce-ntt-lr-rab.cpp:297: [smpi_colls/WARNING] [NNNN] [5] intra lr allgather
[n1:1:(2) 0.025175] /home/nguyen/ai/allreduce_simulate/SimGrid-3.19/src/smpi/colls/allreduce/allreduce-ntt-lr-rab.cpp:297: [smpi_colls/WARNING] [NNNN] [1] intra lr allgather
[n13:13:(14) 0.025175] /home/nguyen/ai/allreduce_simulate/SimGrid-3.19/src/smpi/colls/allreduce/allreduce-ntt-lr-rab.cpp:297: [smpi_colls/WARNING] [NNNN] [13] intra lr allgather
[n9:9:(10) 0.025175] /home/nguyen/ai/allreduce_simulate/SimGrid-3.19/src/smpi/colls/allreduce/allreduce-ntt-lr-rab.cpp:297: [smpi_colls/WARNING] [NNNN] [9] intra lr allgather
[n21:21:(22) 0.025175] /home/nguyen/ai/allreduce_simulate/SimGrid-3.19/src/smpi/colls/allreduce/allreduce-ntt-lr-rab.cpp:297: [smpi_colls/WARNING] [NNNN] [21] intra lr allgather
[n17:17:(18) 0.025175] /home/nguyen/ai/allreduce_simulate/SimGrid-3.19/src/smpi/colls/allreduce/allreduce-ntt-lr-rab.cpp:297: [smpi_colls/WARNING] [NNNN] [17] intra lr allgather
[n29:29:(30) 0.025175] /home/nguyen/ai/allreduce_simulate/SimGrid-3.19/src/smpi/colls/allreduce/allreduce-ntt-lr-rab.cpp:297: [smpi_colls/WARNING] [NNNN] [29] intra lr allgather
[n25:25:(26) 0.025175] /home/nguyen/ai/allreduce_simulate/SimGrid-3.19/src/smpi/colls/allreduce/allreduce-ntt-lr-rab.cpp:297: [smpi_colls/WARNING] [NNNN] [25] intra lr allgather
[n4:4:(5) 0.025175] /home/nguyen/ai/allreduce_simulate/SimGrid-3.19/src/smpi/colls/allreduce/allreduce-ntt-lr-rab.cpp:297: [smpi_colls/WARNING] [NNNN] [4] intra lr allgather
[n0:0:(1) 0.025175] /home/nguyen/ai/allreduce_simulate/SimGrid-3.19/src/smpi/colls/allreduce/allreduce-ntt-lr-rab.cpp:297: [smpi_colls/WARNING] [NNNN] [0] intra lr allgather
[n12:12:(13) 0.025175] /home/nguyen/ai/allreduce_simulate/SimGrid-3.19/src/smpi/colls/allreduce/allreduce-ntt-lr-rab.cpp:297: [smpi_colls/WARNING] [NNNN] [12] intra lr allgather
[n8:8:(9) 0.025175] /home/nguyen/ai/allreduce_simulate/SimGrid-3.19/src/smpi/colls/allreduce/allreduce-ntt-lr-rab.cpp:297: [smpi_colls/WARNING] [NNNN] [8] intra lr allgather
[n20:20:(21) 0.025175] /home/nguyen/ai/allreduce_simulate/SimGrid-3.19/src/smpi/colls/allreduce/allreduce-ntt-lr-rab.cpp:297: [smpi_colls/WARNING] [NNNN] [20] intra lr allgather
[n16:16:(17) 0.025175] /home/nguyen/ai/allreduce_simulate/SimGrid-3.19/src/smpi/colls/allreduce/allreduce-ntt-lr-rab.cpp:297: [smpi_colls/WARNING] [NNNN] [16] intra lr allgather
[n28:28:(29) 0.025175] /home/nguyen/ai/allreduce_simulate/SimGrid-3.19/src/smpi/colls/allreduce/allreduce-ntt-lr-rab.cpp:297: [smpi_colls/WARNING] [NNNN] [28] intra lr allgather
[n24:24:(25) 0.025175] /home/nguyen/ai/allreduce_simulate/SimGrid-3.19/src/smpi/colls/allreduce/allreduce-ntt-lr-rab.cpp:297: [smpi_colls/WARNING] [NNNN] [24] intra lr allgather
[n6:6:(7) 0.025175] /home/nguyen/ai/allreduce_simulate/SimGrid-3.19/src/smpi/colls/allreduce/allreduce-ntt-lr-rab.cpp:297: [smpi_colls/WARNING] [NNNN] [6] intra lr allgather
[n2:2:(3) 0.025175] /home/nguyen/ai/allreduce_simulate/SimGrid-3.19/src/smpi/colls/allreduce/allreduce-ntt-lr-rab.cpp:297: [smpi_colls/WARNING] [NNNN] [2] intra lr allgather
[n14:14:(15) 0.025175] /home/nguyen/ai/allreduce_simulate/SimGrid-3.19/src/smpi/colls/allreduce/allreduce-ntt-lr-rab.cpp:297: [smpi_colls/WARNING] [NNNN] [14] intra lr allgather
[n10:10:(11) 0.025175] /home/nguyen/ai/allreduce_simulate/SimGrid-3.19/src/smpi/colls/allreduce/allreduce-ntt-lr-rab.cpp:297: [smpi_colls/WARNING] [NNNN] [10] intra lr allgather
[n22:22:(23) 0.025175] /home/nguyen/ai/allreduce_simulate/SimGrid-3.19/src/smpi/colls/allreduce/allreduce-ntt-lr-rab.cpp:297: [smpi_colls/WARNING] [NNNN] [22] intra lr allgather
[n18:18:(19) 0.025175] /home/nguyen/ai/allreduce_simulate/SimGrid-3.19/src/smpi/colls/allreduce/allreduce-ntt-lr-rab.cpp:297: [smpi_colls/WARNING] [NNNN] [18] intra lr allgather
[n30:30:(31) 0.025175] /home/nguyen/ai/allreduce_simulate/SimGrid-3.19/src/smpi/colls/allreduce/allreduce-ntt-lr-rab.cpp:297: [smpi_colls/WARNING] [NNNN] [30] intra lr allgather
[n26:26:(27) 0.025175] /home/nguyen/ai/allreduce_simulate/SimGrid-3.19/src/smpi/colls/allreduce/allreduce-ntt-lr-rab.cpp:297: [smpi_colls/WARNING] [NNNN] [26] intra lr allgather
[n7:7:(8) 0.025175] /home/nguyen/ai/allreduce_simulate/SimGrid-3.19/src/smpi/colls/allreduce/allreduce-ntt-lr-rab.cpp:297: [smpi_colls/WARNING] [NNNN] [7] intra lr allgather
[n3:3:(4) 0.025175] /home/nguyen/ai/allreduce_simulate/SimGrid-3.19/src/smpi/colls/allreduce/allreduce-ntt-lr-rab.cpp:297: [smpi_colls/WARNING] [NNNN] [3] intra lr allgather
[n15:15:(16) 0.025175] /home/nguyen/ai/allreduce_simulate/SimGrid-3.19/src/smpi/colls/allreduce/allreduce-ntt-lr-rab.cpp:297: [smpi_colls/WARNING] [NNNN] [15] intra lr allgather
[n11:11:(12) 0.025175] /home/nguyen/ai/allreduce_simulate/SimGrid-3.19/src/smpi/colls/allreduce/allreduce-ntt-lr-rab.cpp:297: [smpi_colls/WARNING] [NNNN] [11] intra lr allgather
[n23:23:(24) 0.025175] /home/nguyen/ai/allreduce_simulate/SimGrid-3.19/src/smpi/colls/allreduce/allreduce-ntt-lr-rab.cpp:297: [smpi_colls/WARNING] [NNNN] [23] intra lr allgather
[n19:19:(20) 0.025175] /home/nguyen/ai/allreduce_simulate/SimGrid-3.19/src/smpi/colls/allreduce/allreduce-ntt-lr-rab.cpp:297: [smpi_colls/WARNING] [NNNN] [19] intra lr allgather
[n31:31:(32) 0.025175] /home/nguyen/ai/allreduce_simulate/SimGrid-3.19/src/smpi/colls/allreduce/allreduce-ntt-lr-rab.cpp:297: [smpi_colls/WARNING] [NNNN] [31] intra lr allgather
[n27:27:(28) 0.025175] /home/nguyen/ai/allreduce_simulate/SimGrid-3.19/src/smpi/colls/allreduce/allreduce-ntt-lr-rab.cpp:297: [smpi_colls/WARNING] [NNNN] [27] intra lr allgather
[n53:53:(54) 0.025178] /home/nguyen/ai/allreduce_simulate/SimGrid-3.19/src/smpi/colls/allreduce/allreduce-ntt-lr-rab.cpp:297: [smpi_colls/WARNING] [NNNN] [53] intra lr allgather
[n49:49:(50) 0.025178] /home/nguyen/ai/allreduce_simulate/SimGrid-3.19/src/smpi/colls/allreduce/allreduce-ntt-lr-rab.cpp:297: [smpi_colls/WARNING] [NNNN] [49] intra lr allgather
[n61:61:(62) 0.025178] /home/nguyen/ai/allreduce_simulate/SimGrid-3.19/src/smpi/colls/allreduce/allreduce-ntt-lr-rab.cpp:297: [smpi_colls/WARNING] [NNNN] [61] intra lr allgather
[n57:57:(58) 0.025178] /home/nguyen/ai/allreduce_simulate/SimGrid-3.19/src/smpi/colls/allreduce/allreduce-ntt-lr-rab.cpp:297: [smpi_colls/WARNING] [NNNN] [57] intra lr allgather
[n52:52:(53) 0.025178] /home/nguyen/ai/allreduce_simulate/SimGrid-3.19/src/smpi/colls/allreduce/allreduce-ntt-lr-rab.cpp:297: [smpi_colls/WARNING] [NNNN] [52] intra lr allgather
[n48:48:(49) 0.025178] /home/nguyen/ai/allreduce_simulate/SimGrid-3.19/src/smpi/colls/allreduce/allreduce-ntt-lr-rab.cpp:297: [smpi_colls/WARNING] [NNNN] [48] intra lr allgather
[n60:60:(61) 0.025178] /home/nguyen/ai/allreduce_simulate/SimGrid-3.19/src/smpi/colls/allreduce/allreduce-ntt-lr-rab.cpp:297: [smpi_colls/WARNING] [NNNN] [60] intra lr allgather
[n56:56:(57) 0.025178] /home/nguyen/ai/allreduce_simulate/SimGrid-3.19/src/smpi/colls/allreduce/allreduce-ntt-lr-rab.cpp:297: [smpi_colls/WARNING] [NNNN] [56] intra lr allgather
[n54:54:(55) 0.025178] /home/nguyen/ai/allreduce_simulate/SimGrid-3.19/src/smpi/colls/allreduce/allreduce-ntt-lr-rab.cpp:297: [smpi_colls/WARNING] [NNNN] [54] intra lr allgather
[n50:50:(51) 0.025178] /home/nguyen/ai/allreduce_simulate/SimGrid-3.19/src/smpi/colls/allreduce/allreduce-ntt-lr-rab.cpp:297: [smpi_colls/WARNING] [NNNN] [50] intra lr allgather
[n62:62:(63) 0.025178] /home/nguyen/ai/allreduce_simulate/SimGrid-3.19/src/smpi/colls/allreduce/allreduce-ntt-lr-rab.cpp:297: [smpi_colls/WARNING] [NNNN] [62] intra lr allgather
[n58:58:(59) 0.025178] /home/nguyen/ai/allreduce_simulate/SimGrid-3.19/src/smpi/colls/allreduce/allreduce-ntt-lr-rab.cpp:297: [smpi_colls/WARNING] [NNNN] [58] intra lr allgather
[n55:55:(56) 0.025178] /home/nguyen/ai/allreduce_simulate/SimGrid-3.19/src/smpi/colls/allreduce/allreduce-ntt-lr-rab.cpp:297: [smpi_colls/WARNING] [NNNN] [55] intra lr allgather
[n51:51:(52) 0.025178] /home/nguyen/ai/allreduce_simulate/SimGrid-3.19/src/smpi/colls/allreduce/allreduce-ntt-lr-rab.cpp:297: [smpi_colls/WARNING] [NNNN] [51] intra lr allgather
[n63:63:(64) 0.025178] /home/nguyen/ai/allreduce_simulate/SimGrid-3.19/src/smpi/colls/allreduce/allreduce-ntt-lr-rab.cpp:297: [smpi_colls/WARNING] [NNNN] [63] intra lr allgather
[n59:59:(60) 0.025178] /home/nguyen/ai/allreduce_simulate/SimGrid-3.19/src/smpi/colls/allreduce/allreduce-ntt-lr-rab.cpp:297: [smpi_colls/WARNING] [NNNN] [59] intra lr allgather
[n45:45:(46) 0.025181] /home/nguyen/ai/allreduce_simulate/SimGrid-3.19/src/smpi/colls/allreduce/allreduce-ntt-lr-rab.cpp:297: [smpi_colls/WARNING] [NNNN] [45] intra lr allgather
[n41:41:(42) 0.025181] /home/nguyen/ai/allreduce_simulate/SimGrid-3.19/src/smpi/colls/allreduce/allreduce-ntt-lr-rab.cpp:297: [smpi_colls/WARNING] [NNNN] [41] intra lr allgather
[n44:44:(45) 0.025181] /home/nguyen/ai/allreduce_simulate/SimGrid-3.19/src/smpi/colls/allreduce/allreduce-ntt-lr-rab.cpp:297: [smpi_colls/WARNING] [NNNN] [44] intra lr allgather
[n40:40:(41) 0.025181] /home/nguyen/ai/allreduce_simulate/SimGrid-3.19/src/smpi/colls/allreduce/allreduce-ntt-lr-rab.cpp:297: [smpi_colls/WARNING] [NNNN] [40] intra lr allgather
[n46:46:(47) 0.025181] /home/nguyen/ai/allreduce_simulate/SimGrid-3.19/src/smpi/colls/allreduce/allreduce-ntt-lr-rab.cpp:297: [smpi_colls/WARNING] [NNNN] [46] intra lr allgather
[n42:42:(43) 0.025181] /home/nguyen/ai/allreduce_simulate/SimGrid-3.19/src/smpi/colls/allreduce/allreduce-ntt-lr-rab.cpp:297: [smpi_colls/WARNING] [NNNN] [42] intra lr allgather
[n47:47:(48) 0.025181] /home/nguyen/ai/allreduce_simulate/SimGrid-3.19/src/smpi/colls/allreduce/allreduce-ntt-lr-rab.cpp:297: [smpi_colls/WARNING] [NNNN] [47] intra lr allgather
[n43:43:(44) 0.025181] /home/nguyen/ai/allreduce_simulate/SimGrid-3.19/src/smpi/colls/allreduce/allreduce-ntt-lr-rab.cpp:297: [smpi_colls/WARNING] [NNNN] [43] intra lr allgather
[n37:37:(38) 0.025184] /home/nguyen/ai/allreduce_simulate/SimGrid-3.19/src/smpi/colls/allreduce/allreduce-ntt-lr-rab.cpp:297: [smpi_colls/WARNING] [NNNN] [37] intra lr allgather
[n33:33:(34) 0.025184] /home/nguyen/ai/allreduce_simulate/SimGrid-3.19/src/smpi/colls/allreduce/allreduce-ntt-lr-rab.cpp:297: [smpi_colls/WARNING] [NNNN] [33] intra lr allgather
[n36:36:(37) 0.025184] /home/nguyen/ai/allreduce_simulate/SimGrid-3.19/src/smpi/colls/allreduce/allreduce-ntt-lr-rab.cpp:297: [smpi_colls/WARNING] [NNNN] [36] intra lr allgather
[n32:32:(33) 0.025184] /home/nguyen/ai/allreduce_simulate/SimGrid-3.19/src/smpi/colls/allreduce/allreduce-ntt-lr-rab.cpp:297: [smpi_colls/WARNING] [NNNN] [32] intra lr allgather
[n38:38:(39) 0.025184] /home/nguyen/ai/allreduce_simulate/SimGrid-3.19/src/smpi/colls/allreduce/allreduce-ntt-lr-rab.cpp:297: [smpi_colls/WARNING] [NNNN] [38] intra lr allgather
[n34:34:(35) 0.025184] /home/nguyen/ai/allreduce_simulate/SimGrid-3.19/src/smpi/colls/allreduce/allreduce-ntt-lr-rab.cpp:297: [smpi_colls/WARNING] [NNNN] [34] intra lr allgather
[n39:39:(40) 0.025184] /home/nguyen/ai/allreduce_simulate/SimGrid-3.19/src/smpi/colls/allreduce/allreduce-ntt-lr-rab.cpp:297: [smpi_colls/WARNING] [NNNN] [39] intra lr allgather
[n35:35:(36) 0.025184] /home/nguyen/ai/allreduce_simulate/SimGrid-3.19/src/smpi/colls/allreduce/allreduce-ntt-lr-rab.cpp:297: [smpi_colls/WARNING] [NNNN] [35] intra lr allgather
[n5:5:(6) 0.027354] /home/nguyen/ai/allreduce_simulate/SimGrid-3.19/src/smpi/colls/allreduce/allreduce-ntt-lr-rab.cpp:317: [smpi_colls/WARNING] [NNNN] [5] Finish algorithm
[n4:4:(5) 0.027354] /home/nguyen/ai/allreduce_simulate/SimGrid-3.19/src/smpi/colls/allreduce/allreduce-ntt-lr-rab.cpp:317: [smpi_colls/WARNING] [NNNN] [4] Finish algorithm
[n7:7:(8) 0.027354] /home/nguyen/ai/allreduce_simulate/SimGrid-3.19/src/smpi/colls/allreduce/allreduce-ntt-lr-rab.cpp:317: [smpi_colls/WARNING] [NNNN] [7] Finish algorithm
[n6:6:(7) 0.027354] /home/nguyen/ai/allreduce_simulate/SimGrid-3.19/src/smpi/colls/allreduce/allreduce-ntt-lr-rab.cpp:317: [smpi_colls/WARNING] [NNNN] [6] Finish algorithm
[n1:1:(2) 0.027354] /home/nguyen/ai/allreduce_simulate/SimGrid-3.19/src/smpi/colls/allreduce/allreduce-ntt-lr-rab.cpp:317: [smpi_colls/WARNING] [NNNN] [1] Finish algorithm
[n0:0:(1) 0.027354] /home/nguyen/ai/allreduce_simulate/SimGrid-3.19/src/smpi/colls/allreduce/allreduce-ntt-lr-rab.cpp:317: [smpi_colls/WARNING] [NNNN] [0] Finish algorithm
n0: 0/64,weight size: 134217728, iteration: 1
[n3:3:(4) 0.027354] /home/nguyen/ai/allreduce_simulate/SimGrid-3.19/src/smpi/colls/allreduce/allreduce-ntt-lr-rab.cpp:317: [smpi_colls/WARNING] [NNNN] [3] Finish algorithm
[n2:2:(3) 0.027354] /home/nguyen/ai/allreduce_simulate/SimGrid-3.19/src/smpi/colls/allreduce/allreduce-ntt-lr-rab.cpp:317: [smpi_colls/WARNING] [NNNN] [2] Finish algorithm
[n13:13:(14) 0.027354] /home/nguyen/ai/allreduce_simulate/SimGrid-3.19/src/smpi/colls/allreduce/allreduce-ntt-lr-rab.cpp:317: [smpi_colls/WARNING] [NNNN] [13] Finish algorithm
[n12:12:(13) 0.027354] /home/nguyen/ai/allreduce_simulate/SimGrid-3.19/src/smpi/colls/allreduce/allreduce-ntt-lr-rab.cpp:317: [smpi_colls/WARNING] [NNNN] [12] Finish algorithm
[n15:15:(16) 0.027354] /home/nguyen/ai/allreduce_simulate/SimGrid-3.19/src/smpi/colls/allreduce/allreduce-ntt-lr-rab.cpp:317: [smpi_colls/WARNING] [NNNN] [15] Finish algorithm
[n14:14:(15) 0.027354] /home/nguyen/ai/allreduce_simulate/SimGrid-3.19/src/smpi/colls/allreduce/allreduce-ntt-lr-rab.cpp:317: [smpi_colls/WARNING] [NNNN] [14] Finish algorithm
[n9:9:(10) 0.027354] /home/nguyen/ai/allreduce_simulate/SimGrid-3.19/src/smpi/colls/allreduce/allreduce-ntt-lr-rab.cpp:317: [smpi_colls/WARNING] [NNNN] [9] Finish algorithm
[n8:8:(9) 0.027354] /home/nguyen/ai/allreduce_simulate/SimGrid-3.19/src/smpi/colls/allreduce/allreduce-ntt-lr-rab.cpp:317: [smpi_colls/WARNING] [NNNN] [8] Finish algorithm
[n11:11:(12) 0.027354] /home/nguyen/ai/allreduce_simulate/SimGrid-3.19/src/smpi/colls/allreduce/allreduce-ntt-lr-rab.cpp:317: [smpi_colls/WARNING] [NNNN] [11] Finish algorithm
[n10:10:(11) 0.027354] /home/nguyen/ai/allreduce_simulate/SimGrid-3.19/src/smpi/colls/allreduce/allreduce-ntt-lr-rab.cpp:317: [smpi_colls/WARNING] [NNNN] [10] Finish algorithm
[n21:21:(22) 0.027354] /home/nguyen/ai/allreduce_simulate/SimGrid-3.19/src/smpi/colls/allreduce/allreduce-ntt-lr-rab.cpp:317: [smpi_colls/WARNING] [NNNN] [21] Finish algorithm
[n20:20:(21) 0.027354] /home/nguyen/ai/allreduce_simulate/SimGrid-3.19/src/smpi/colls/allreduce/allreduce-ntt-lr-rab.cpp:317: [smpi_colls/WARNING] [NNNN] [20] Finish algorithm
[n23:23:(24) 0.027354] /home/nguyen/ai/allreduce_simulate/SimGrid-3.19/src/smpi/colls/allreduce/allreduce-ntt-lr-rab.cpp:317: [smpi_colls/WARNING] [NNNN] [23] Finish algorithm
[n22:22:(23) 0.027354] /home/nguyen/ai/allreduce_simulate/SimGrid-3.19/src/smpi/colls/allreduce/allreduce-ntt-lr-rab.cpp:317: [smpi_colls/WARNING] [NNNN] [22] Finish algorithm
[n17:17:(18) 0.027354] /home/nguyen/ai/allreduce_simulate/SimGrid-3.19/src/smpi/colls/allreduce/allreduce-ntt-lr-rab.cpp:317: [smpi_colls/WARNING] [NNNN] [17] Finish algorithm
[n16:16:(17) 0.027354] /home/nguyen/ai/allreduce_simulate/SimGrid-3.19/src/smpi/colls/allreduce/allreduce-ntt-lr-rab.cpp:317: [smpi_colls/WARNING] [NNNN] [16] Finish algorithm
[n19:19:(20) 0.027354] /home/nguyen/ai/allreduce_simulate/SimGrid-3.19/src/smpi/colls/allreduce/allreduce-ntt-lr-rab.cpp:317: [smpi_colls/WARNING] [NNNN] [19] Finish algorithm
[n18:18:(19) 0.027354] /home/nguyen/ai/allreduce_simulate/SimGrid-3.19/src/smpi/colls/allreduce/allreduce-ntt-lr-rab.cpp:317: [smpi_colls/WARNING] [NNNN] [18] Finish algorithm
[n29:29:(30) 0.027354] /home/nguyen/ai/allreduce_simulate/SimGrid-3.19/src/smpi/colls/allreduce/allreduce-ntt-lr-rab.cpp:317: [smpi_colls/WARNING] [NNNN] [29] Finish algorithm
[n28:28:(29) 0.027354] /home/nguyen/ai/allreduce_simulate/SimGrid-3.19/src/smpi/colls/allreduce/allreduce-ntt-lr-rab.cpp:317: [smpi_colls/WARNING] [NNNN] [28] Finish algorithm
[n31:31:(32) 0.027354] /home/nguyen/ai/allreduce_simulate/SimGrid-3.19/src/smpi/colls/allreduce/allreduce-ntt-lr-rab.cpp:317: [smpi_colls/WARNING] [NNNN] [31] Finish algorithm
[n30:30:(31) 0.027354] /home/nguyen/ai/allreduce_simulate/SimGrid-3.19/src/smpi/colls/allreduce/allreduce-ntt-lr-rab.cpp:317: [smpi_colls/WARNING] [NNNN] [30] Finish algorithm
[n25:25:(26) 0.027354] /home/nguyen/ai/allreduce_simulate/SimGrid-3.19/src/smpi/colls/allreduce/allreduce-ntt-lr-rab.cpp:317: [smpi_colls/WARNING] [NNNN] [25] Finish algorithm
[n24:24:(25) 0.027354] /home/nguyen/ai/allreduce_simulate/SimGrid-3.19/src/smpi/colls/allreduce/allreduce-ntt-lr-rab.cpp:317: [smpi_colls/WARNING] [NNNN] [24] Finish algorithm
[n27:27:(28) 0.027354] /home/nguyen/ai/allreduce_simulate/SimGrid-3.19/src/smpi/colls/allreduce/allreduce-ntt-lr-rab.cpp:317: [smpi_colls/WARNING] [NNNN] [27] Finish algorithm
[n26:26:(27) 0.027354] /home/nguyen/ai/allreduce_simulate/SimGrid-3.19/src/smpi/colls/allreduce/allreduce-ntt-lr-rab.cpp:317: [smpi_colls/WARNING] [NNNN] [26] Finish algorithm
[n53:53:(54) 0.027357] /home/nguyen/ai/allreduce_simulate/SimGrid-3.19/src/smpi/colls/allreduce/allreduce-ntt-lr-rab.cpp:317: [smpi_colls/WARNING] [NNNN] [53] Finish algorithm
[n52:52:(53) 0.027357] /home/nguyen/ai/allreduce_simulate/SimGrid-3.19/src/smpi/colls/allreduce/allreduce-ntt-lr-rab.cpp:317: [smpi_colls/WARNING] [NNNN] [52] Finish algorithm
[n55:55:(56) 0.027357] /home/nguyen/ai/allreduce_simulate/SimGrid-3.19/src/smpi/colls/allreduce/allreduce-ntt-lr-rab.cpp:317: [smpi_colls/WARNING] [NNNN] [55] Finish algorithm
[n54:54:(55) 0.027357] /home/nguyen/ai/allreduce_simulate/SimGrid-3.19/src/smpi/colls/allreduce/allreduce-ntt-lr-rab.cpp:317: [smpi_colls/WARNING] [NNNN] [54] Finish algorithm
[n49:49:(50) 0.027357] /home/nguyen/ai/allreduce_simulate/SimGrid-3.19/src/smpi/colls/allreduce/allreduce-ntt-lr-rab.cpp:317: [smpi_colls/WARNING] [NNNN] [49] Finish algorithm
[n48:48:(49) 0.027357] /home/nguyen/ai/allreduce_simulate/SimGrid-3.19/src/smpi/colls/allreduce/allreduce-ntt-lr-rab.cpp:317: [smpi_colls/WARNING] [NNNN] [48] Finish algorithm
[n51:51:(52) 0.027357] /home/nguyen/ai/allreduce_simulate/SimGrid-3.19/src/smpi/colls/allreduce/allreduce-ntt-lr-rab.cpp:317: [smpi_colls/WARNING] [NNNN] [51] Finish algorithm
[n50:50:(51) 0.027357] /home/nguyen/ai/allreduce_simulate/SimGrid-3.19/src/smpi/colls/allreduce/allreduce-ntt-lr-rab.cpp:317: [smpi_colls/WARNING] [NNNN] [50] Finish algorithm
[n61:61:(62) 0.027357] /home/nguyen/ai/allreduce_simulate/SimGrid-3.19/src/smpi/colls/allreduce/allreduce-ntt-lr-rab.cpp:317: [smpi_colls/WARNING] [NNNN] [61] Finish algorithm
[n60:60:(61) 0.027357] /home/nguyen/ai/allreduce_simulate/SimGrid-3.19/src/smpi/colls/allreduce/allreduce-ntt-lr-rab.cpp:317: [smpi_colls/WARNING] [NNNN] [60] Finish algorithm
[n63:63:(64) 0.027357] /home/nguyen/ai/allreduce_simulate/SimGrid-3.19/src/smpi/colls/allreduce/allreduce-ntt-lr-rab.cpp:317: [smpi_colls/WARNING] [NNNN] [63] Finish algorithm
[n62:62:(63) 0.027357] /home/nguyen/ai/allreduce_simulate/SimGrid-3.19/src/smpi/colls/allreduce/allreduce-ntt-lr-rab.cpp:317: [smpi_colls/WARNING] [NNNN] [62] Finish algorithm
[n57:57:(58) 0.027357] /home/nguyen/ai/allreduce_simulate/SimGrid-3.19/src/smpi/colls/allreduce/allreduce-ntt-lr-rab.cpp:317: [smpi_colls/WARNING] [NNNN] [57] Finish algorithm
[n56:56:(57) 0.027357] /home/nguyen/ai/allreduce_simulate/SimGrid-3.19/src/smpi/colls/allreduce/allreduce-ntt-lr-rab.cpp:317: [smpi_colls/WARNING] [NNNN] [56] Finish algorithm
[n59:59:(60) 0.027357] /home/nguyen/ai/allreduce_simulate/SimGrid-3.19/src/smpi/colls/allreduce/allreduce-ntt-lr-rab.cpp:317: [smpi_colls/WARNING] [NNNN] [59] Finish algorithm
[n58:58:(59) 0.027357] /home/nguyen/ai/allreduce_simulate/SimGrid-3.19/src/smpi/colls/allreduce/allreduce-ntt-lr-rab.cpp:317: [smpi_colls/WARNING] [NNNN] [58] Finish algorithm
[n45:45:(46) 0.027360] /home/nguyen/ai/allreduce_simulate/SimGrid-3.19/src/smpi/colls/allreduce/allreduce-ntt-lr-rab.cpp:317: [smpi_colls/WARNING] [NNNN] [45] Finish algorithm
[n44:44:(45) 0.027360] /home/nguyen/ai/allreduce_simulate/SimGrid-3.19/src/smpi/colls/allreduce/allreduce-ntt-lr-rab.cpp:317: [smpi_colls/WARNING] [NNNN] [44] Finish algorithm
[n47:47:(48) 0.027360] /home/nguyen/ai/allreduce_simulate/SimGrid-3.19/src/smpi/colls/allreduce/allreduce-ntt-lr-rab.cpp:317: [smpi_colls/WARNING] [NNNN] [47] Finish algorithm
[n46:46:(47) 0.027360] /home/nguyen/ai/allreduce_simulate/SimGrid-3.19/src/smpi/colls/allreduce/allreduce-ntt-lr-rab.cpp:317: [smpi_colls/WARNING] [NNNN] [46] Finish algorithm
[n41:41:(42) 0.027360] /home/nguyen/ai/allreduce_simulate/SimGrid-3.19/src/smpi/colls/allreduce/allreduce-ntt-lr-rab.cpp:317: [smpi_colls/WARNING] [NNNN] [41] Finish algorithm
[n40:40:(41) 0.027360] /home/nguyen/ai/allreduce_simulate/SimGrid-3.19/src/smpi/colls/allreduce/allreduce-ntt-lr-rab.cpp:317: [smpi_colls/WARNING] [NNNN] [40] Finish algorithm
[n43:43:(44) 0.027360] /home/nguyen/ai/allreduce_simulate/SimGrid-3.19/src/smpi/colls/allreduce/allreduce-ntt-lr-rab.cpp:317: [smpi_colls/WARNING] [NNNN] [43] Finish algorithm
[n42:42:(43) 0.027360] /home/nguyen/ai/allreduce_simulate/SimGrid-3.19/src/smpi/colls/allreduce/allreduce-ntt-lr-rab.cpp:317: [smpi_colls/WARNING] [NNNN] [42] Finish algorithm
[n37:37:(38) 0.027363] /home/nguyen/ai/allreduce_simulate/SimGrid-3.19/src/smpi/colls/allreduce/allreduce-ntt-lr-rab.cpp:317: [smpi_colls/WARNING] [NNNN] [37] Finish algorithm
[n36:36:(37) 0.027363] /home/nguyen/ai/allreduce_simulate/SimGrid-3.19/src/smpi/colls/allreduce/allreduce-ntt-lr-rab.cpp:317: [smpi_colls/WARNING] [NNNN] [36] Finish algorithm
[n39:39:(40) 0.027363] /home/nguyen/ai/allreduce_simulate/SimGrid-3.19/src/smpi/colls/allreduce/allreduce-ntt-lr-rab.cpp:317: [smpi_colls/WARNING] [NNNN] [39] Finish algorithm
[n38:38:(39) 0.027363] /home/nguyen/ai/allreduce_simulate/SimGrid-3.19/src/smpi/colls/allreduce/allreduce-ntt-lr-rab.cpp:317: [smpi_colls/WARNING] [NNNN] [38] Finish algorithm
[n33:33:(34) 0.027363] /home/nguyen/ai/allreduce_simulate/SimGrid-3.19/src/smpi/colls/allreduce/allreduce-ntt-lr-rab.cpp:317: [smpi_colls/WARNING] [NNNN] [33] Finish algorithm
[n32:32:(33) 0.027363] /home/nguyen/ai/allreduce_simulate/SimGrid-3.19/src/smpi/colls/allreduce/allreduce-ntt-lr-rab.cpp:317: [smpi_colls/WARNING] [NNNN] [32] Finish algorithm
[n35:35:(36) 0.027363] /home/nguyen/ai/allreduce_simulate/SimGrid-3.19/src/smpi/colls/allreduce/allreduce-ntt-lr-rab.cpp:317: [smpi_colls/WARNING] [NNNN] [35] Finish algorithm
[n34:34:(35) 0.027363] /home/nguyen/ai/allreduce_simulate/SimGrid-3.19/src/smpi/colls/allreduce/allreduce-ntt-lr-rab.cpp:317: [smpi_colls/WARNING] [NNNN] [34] Finish algorithm
[0.027363] [smpi_kernel/INFO] Simulated time: 0.027363 seconds. 

The simulation took 19.2957 seconds (after parsing and platform setup)
7.01224 seconds were actual computation of the application
Global sum in rank 0 - 0.0000000000e+00
Global sum in rank 0 - 6.4000000000e+01
Global sum in rank 0 - 1.2800000000e+02
Global sum in rank 0 - 1.9200000000e+02
Global sum in rank 0 - 2.5600000000e+02
Global sum in rank 0 - 3.2000000000e+02
Global sum in rank 0 - 3.8400000000e+02
Global sum in rank 0 - 4.4800000000e+02
Global sum in rank 0 - 5.1200000000e+02
Global sum in rank 0 - 5.7600000000e+02
Global sum in rank 0 - 6.4000000000e+02
Global sum in rank 0 - 7.0400000000e+02
Global sum in rank 0 - 7.6800000000e+02
Global sum in rank 0 - 8.3200000000e+02
Global sum in rank 0 - 8.9600000000e+02
Global sum in rank 0 - 9.6000000000e+02
Global sum in rank 0 - 1.0240000000e+03
Global sum in rank 0 - 1.0880000000e+03
Global sum in rank 0 - 1.1520000000e+03
Global sum in rank 0 - 1.2160000000e+03
Global sum in rank 0 - 1.2800000000e+03
Global sum in rank 0 - 1.3440000000e+03
Global sum in rank 0 - 1.4080000000e+03
Global sum in rank 0 - 1.4720000000e+03
Global sum in rank 0 - 1.5360000000e+03
Global sum in rank 0 - 1.6000000000e+03
Global sum in rank 0 - 1.6640000000e+03
Global sum in rank 0 - 1.7280000000e+03
Global sum in rank 0 - 1.7920000000e+03
Global sum in rank 0 - 1.8560000000e+03
Global sum in rank 0 - 1.9200000000e+03
Global sum in rank 0 - 1.9840000000e+03
Global sum in rank 0 - 2.0480000000e+03
Global sum in rank 0 - 2.1120000000e+03
Global sum in rank 0 - 2.1760000000e+03
Global sum in rank 0 - 2.2400000000e+03
Global sum in rank 0 - 2.3040000000e+03
Global sum in rank 0 - 2.3680000000e+03
Global sum in rank 0 - 2.4320000000e+03
Global sum in rank 0 - 2.4960000000e+03
Global sum in rank 0 - 2.5600000000e+03
Global sum in rank 0 - 2.6240000000e+03
Global sum in rank 0 - 2.6880000000e+03
Global sum in rank 0 - 2.7520000000e+03
Global sum in rank 0 - 2.8160000000e+03
Global sum in rank 0 - 2.8800000000e+03
Global sum in rank 0 - 2.9440000000e+03
Global sum in rank 0 - 3.0080000000e+03
Global sum in rank 0 - 3.0720000000e+03
Global sum in rank 0 - 3.1360000000e+03
Global sum in rank 0 - 3.2000000000e+03
Global sum in rank 0 - 3.2640000000e+03
Global sum in rank 0 - 3.3280000000e+03
Global sum in rank 0 - 3.3920000000e+03
Global sum in rank 0 - 3.4560000000e+03
Global sum in rank 0 - 3.5200000000e+03
Global sum in rank 0 - 3.5840000000e+03
Global sum in rank 0 - 3.6480000000e+03
Global sum in rank 0 - 3.7120000000e+03
Global sum in rank 0 - 3.7760000000e+03
Global sum in rank 0 - 3.8400000000e+03
Global sum in rank 0 - 3.9040000000e+03
Global sum in rank 0 - 3.9680000000e+03
Global sum in rank 0 - 4.0320000000e+03
Global sum in rank 0 - 4.0960000000e+03
Global sum in rank 0 - 4.1600000000e+03
Global sum in rank 0 - 4.2240000000e+03
Global sum in rank 0 - 4.2880000000e+03
Global sum in rank 0 - 4.3520000000e+03
Global sum in rank 0 - 4.4160000000e+03
Global sum in rank 0 - 4.4800000000e+03
Global sum in rank 0 - 4.5440000000e+03
Global sum in rank 0 - 4.6080000000e+03
Global sum in rank 0 - 4.6720000000e+03
Global sum in rank 0 - 4.7360000000e+03
Global sum in rank 0 - 4.8000000000e+03
Global sum in rank 0 - 4.8640000000e+03
Global sum in rank 0 - 4.9280000000e+03
Global sum in rank 0 - 4.9920000000e+03
Global sum in rank 0 - 5.0560000000e+03
Global sum in rank 0 - 5.1200000000e+03
Global sum in rank 0 - 5.1840000000e+03
Global sum in rank 0 - 5.2480000000e+03
Global sum in rank 0 - 5.3120000000e+03
Global sum in rank 0 - 5.3760000000e+03
Global sum in rank 0 - 5.4400000000e+03
Global sum in rank 0 - 5.5040000000e+03
Global sum in rank 0 - 5.5680000000e+03
Global sum in rank 0 - 5.6320000000e+03
Global sum in rank 0 - 5.6960000000e+03
Global sum in rank 0 - 5.7600000000e+03
Global sum in rank 0 - 5.8240000000e+03
Global sum in rank 0 - 5.8880000000e+03
Global sum in rank 0 - 5.9520000000e+03
Global sum in rank 0 - 6.0160000000e+03
Global sum in rank 0 - 6.0800000000e+03
Global sum in rank 0 - 6.1440000000e+03
Global sum in rank 0 - 6.2080000000e+03
Global sum in rank 0 - 6.2720000000e+03
Global sum in rank 0 - 6.3360000000e+03
