[rank 0] -> n0
[rank 1] -> n1
[rank 2] -> n2
[rank 3] -> n3
[rank 4] -> n4
[rank 5] -> n5
[rank 6] -> n6
[rank 7] -> n7
[rank 8] -> n8
[rank 9] -> n9
[rank 10] -> n10
[rank 11] -> n11
[rank 12] -> n12
[rank 13] -> n13
[rank 14] -> n14
[rank 15] -> n15
[rank 16] -> n16
[rank 17] -> n17
[rank 18] -> n18
[rank 19] -> n19
[rank 20] -> n20
[rank 21] -> n21
[rank 22] -> n22
[rank 23] -> n23
[rank 24] -> n24
[rank 25] -> n25
[rank 26] -> n26
[rank 27] -> n27
[rank 28] -> n28
[rank 29] -> n29
[rank 30] -> n30
[rank 31] -> n31
[rank 32] -> n32
[rank 33] -> n33
[rank 34] -> n34
[rank 35] -> n35
[rank 36] -> n36
[rank 37] -> n37
[rank 38] -> n38
[rank 39] -> n39
[rank 40] -> n40
[rank 41] -> n41
[rank 42] -> n42
[rank 43] -> n43
[rank 44] -> n44
[rank 45] -> n45
[rank 46] -> n46
[rank 47] -> n47
[rank 48] -> n48
[rank 49] -> n49
[rank 50] -> n50
[rank 51] -> n51
[rank 52] -> n52
[rank 53] -> n53
[rank 54] -> n54
[rank 55] -> n55
[rank 56] -> n56
[rank 57] -> n57
[rank 58] -> n58
[rank 59] -> n59
[rank 60] -> n60
[rank 61] -> n61
[rank 62] -> n62
[rank 63] -> n63
[0.000000] [xbt_cfg/INFO] Configuration change: Set 'smpi/privatization' to '1'
[0.000000] [xbt_cfg/INFO] Configuration change: Set 'surf/precision' to '1e-9'
[0.000000] [xbt_cfg/INFO] Configuration change: Set 'network/model' to 'SMPI'
[0.000000] [xbt_cfg/INFO] Configuration change: Set 'exception/cutpath' to '1'
[0.000000] [xbt_cfg/INFO] Configuration change: Set 'smpi/display-timing' to '1'
[0.000000] [xbt_cfg/INFO] Configuration change: Set 'smpi/process_of_node' to '4'
[0.000000] [xbt_cfg/INFO] Configuration change: Set 'smpi/pipeline_segment_number' to '2'
[0.000000] [xbt_cfg/INFO] Configuration change: Set 'smpi/allreduce' to 'ntt_binominal_lr'
[0.000000] [xbt_cfg/INFO] Configuration change: Set 'contexts/nthreads' to '1'
[0.000000] [xbt_cfg/INFO] Configuration change: Set 'cpu/optim' to 'Lazy'
[0.000000] [xbt_cfg/INFO] Configuration change: Set 'maxmin/precision' to '1e-4'
[0.000000] [surf_parse/INFO] The custom configuration 'network/model' is already defined by user!
[0.000000] [xbt_cfg/INFO] Configuration change: Set 'network/optim' to 'Lazy'
[0.000000] [xbt_cfg/INFO] Configuration change: Set 'smpi/cpu-threshold' to '0.00000000001'
[0.000000] [surf_parse/INFO] The custom configuration 'smpi/display-timing' is already defined by user!
[0.000000] [xbt_cfg/INFO] Configuration change: Set 'smpi/host-speed' to '50000000000.0'
n0: 0/64,weight size: 134217728, iteration: 1
[n37:37:(38) 0.000554] /home/nguyen/ai/allreduce_simulate/SimGrid-3.19/src/smpi/colls/allreduce/allreduce-ntt-binominal-lr.cpp:28: [smpi_colls/WARNING] [NNNN] [37] Start function
[n37:37:(38) 0.000554] /home/nguyen/ai/allreduce_simulate/SimGrid-3.19/src/smpi/colls/allreduce/allreduce-ntt-binominal-lr.cpp:64: [smpi_colls/WARNING] [NNNN] [37] Start algorithm
[n37:37:(38) 0.000554] /home/nguyen/ai/allreduce_simulate/SimGrid-3.19/src/smpi/colls/allreduce/allreduce-ntt-binominal-lr.cpp:69: [smpi_colls/WARNING] [NNNN] [37] binomial reduce intra communication
[n36:36:(37) 0.000556] /home/nguyen/ai/allreduce_simulate/SimGrid-3.19/src/smpi/colls/allreduce/allreduce-ntt-binominal-lr.cpp:28: [smpi_colls/WARNING] [NNNN] [36] Start function
[n36:36:(37) 0.000556] /home/nguyen/ai/allreduce_simulate/SimGrid-3.19/src/smpi/colls/allreduce/allreduce-ntt-binominal-lr.cpp:64: [smpi_colls/WARNING] [NNNN] [36] Start algorithm
[n36:36:(37) 0.000556] /home/nguyen/ai/allreduce_simulate/SimGrid-3.19/src/smpi/colls/allreduce/allreduce-ntt-binominal-lr.cpp:69: [smpi_colls/WARNING] [NNNN] [36] binomial reduce intra communication
[n38:38:(39) 0.000558] /home/nguyen/ai/allreduce_simulate/SimGrid-3.19/src/smpi/colls/allreduce/allreduce-ntt-binominal-lr.cpp:28: [smpi_colls/WARNING] [NNNN] [38] Start function
[n38:38:(39) 0.000558] /home/nguyen/ai/allreduce_simulate/SimGrid-3.19/src/smpi/colls/allreduce/allreduce-ntt-binominal-lr.cpp:64: [smpi_colls/WARNING] [NNNN] [38] Start algorithm
[n38:38:(39) 0.000558] /home/nguyen/ai/allreduce_simulate/SimGrid-3.19/src/smpi/colls/allreduce/allreduce-ntt-binominal-lr.cpp:69: [smpi_colls/WARNING] [NNNN] [38] binomial reduce intra communication
[n35:35:(36) 0.000572] /home/nguyen/ai/allreduce_simulate/SimGrid-3.19/src/smpi/colls/allreduce/allreduce-ntt-binominal-lr.cpp:28: [smpi_colls/WARNING] [NNNN] [35] Start function
[n35:35:(36) 0.000572] /home/nguyen/ai/allreduce_simulate/SimGrid-3.19/src/smpi/colls/allreduce/allreduce-ntt-binominal-lr.cpp:64: [smpi_colls/WARNING] [NNNN] [35] Start algorithm
[n35:35:(36) 0.000572] /home/nguyen/ai/allreduce_simulate/SimGrid-3.19/src/smpi/colls/allreduce/allreduce-ntt-binominal-lr.cpp:69: [smpi_colls/WARNING] [NNNN] [35] binomial reduce intra communication
[n39:39:(40) 0.000576] /home/nguyen/ai/allreduce_simulate/SimGrid-3.19/src/smpi/colls/allreduce/allreduce-ntt-binominal-lr.cpp:28: [smpi_colls/WARNING] [NNNN] [39] Start function
[n39:39:(40) 0.000576] /home/nguyen/ai/allreduce_simulate/SimGrid-3.19/src/smpi/colls/allreduce/allreduce-ntt-binominal-lr.cpp:64: [smpi_colls/WARNING] [NNNN] [39] Start algorithm
[n39:39:(40) 0.000576] /home/nguyen/ai/allreduce_simulate/SimGrid-3.19/src/smpi/colls/allreduce/allreduce-ntt-binominal-lr.cpp:69: [smpi_colls/WARNING] [NNNN] [39] binomial reduce intra communication
[n59:59:(60) 0.000579] /home/nguyen/ai/allreduce_simulate/SimGrid-3.19/src/smpi/colls/allreduce/allreduce-ntt-binominal-lr.cpp:28: [smpi_colls/WARNING] [NNNN] [59] Start function
[n59:59:(60) 0.000579] /home/nguyen/ai/allreduce_simulate/SimGrid-3.19/src/smpi/colls/allreduce/allreduce-ntt-binominal-lr.cpp:64: [smpi_colls/WARNING] [NNNN] [59] Start algorithm
[n59:59:(60) 0.000579] /home/nguyen/ai/allreduce_simulate/SimGrid-3.19/src/smpi/colls/allreduce/allreduce-ntt-binominal-lr.cpp:69: [smpi_colls/WARNING] [NNNN] [59] binomial reduce intra communication
[n45:45:(46) 0.000579] /home/nguyen/ai/allreduce_simulate/SimGrid-3.19/src/smpi/colls/allreduce/allreduce-ntt-binominal-lr.cpp:28: [smpi_colls/WARNING] [NNNN] [45] Start function
[n45:45:(46) 0.000579] /home/nguyen/ai/allreduce_simulate/SimGrid-3.19/src/smpi/colls/allreduce/allreduce-ntt-binominal-lr.cpp:64: [smpi_colls/WARNING] [NNNN] [45] Start algorithm
[n45:45:(46) 0.000579] /home/nguyen/ai/allreduce_simulate/SimGrid-3.19/src/smpi/colls/allreduce/allreduce-ntt-binominal-lr.cpp:69: [smpi_colls/WARNING] [NNNN] [45] binomial reduce intra communication
[n52:52:(53) 0.000579] /home/nguyen/ai/allreduce_simulate/SimGrid-3.19/src/smpi/colls/allreduce/allreduce-ntt-binominal-lr.cpp:28: [smpi_colls/WARNING] [NNNN] [52] Start function
[n52:52:(53) 0.000579] /home/nguyen/ai/allreduce_simulate/SimGrid-3.19/src/smpi/colls/allreduce/allreduce-ntt-binominal-lr.cpp:64: [smpi_colls/WARNING] [NNNN] [52] Start algorithm
[n52:52:(53) 0.000579] /home/nguyen/ai/allreduce_simulate/SimGrid-3.19/src/smpi/colls/allreduce/allreduce-ntt-binominal-lr.cpp:69: [smpi_colls/WARNING] [NNNN] [52] binomial reduce intra communication
[n40:40:(41) 0.000579] /home/nguyen/ai/allreduce_simulate/SimGrid-3.19/src/smpi/colls/allreduce/allreduce-ntt-binominal-lr.cpp:28: [smpi_colls/WARNING] [NNNN] [40] Start function
[n40:40:(41) 0.000579] /home/nguyen/ai/allreduce_simulate/SimGrid-3.19/src/smpi/colls/allreduce/allreduce-ntt-binominal-lr.cpp:64: [smpi_colls/WARNING] [NNNN] [40] Start algorithm
[n40:40:(41) 0.000579] /home/nguyen/ai/allreduce_simulate/SimGrid-3.19/src/smpi/colls/allreduce/allreduce-ntt-binominal-lr.cpp:69: [smpi_colls/WARNING] [NNNN] [40] binomial reduce intra communication
[n57:57:(58) 0.000579] /home/nguyen/ai/allreduce_simulate/SimGrid-3.19/src/smpi/colls/allreduce/allreduce-ntt-binominal-lr.cpp:28: [smpi_colls/WARNING] [NNNN] [57] Start function
[n57:57:(58) 0.000579] /home/nguyen/ai/allreduce_simulate/SimGrid-3.19/src/smpi/colls/allreduce/allreduce-ntt-binominal-lr.cpp:64: [smpi_colls/WARNING] [NNNN] [57] Start algorithm
[n57:57:(58) 0.000579] /home/nguyen/ai/allreduce_simulate/SimGrid-3.19/src/smpi/colls/allreduce/allreduce-ntt-binominal-lr.cpp:69: [smpi_colls/WARNING] [NNNN] [57] binomial reduce intra communication
[n61:61:(62) 0.000580] /home/nguyen/ai/allreduce_simulate/SimGrid-3.19/src/smpi/colls/allreduce/allreduce-ntt-binominal-lr.cpp:28: [smpi_colls/WARNING] [NNNN] [61] Start function
[n61:61:(62) 0.000580] /home/nguyen/ai/allreduce_simulate/SimGrid-3.19/src/smpi/colls/allreduce/allreduce-ntt-binominal-lr.cpp:64: [smpi_colls/WARNING] [NNNN] [61] Start algorithm
[n61:61:(62) 0.000580] /home/nguyen/ai/allreduce_simulate/SimGrid-3.19/src/smpi/colls/allreduce/allreduce-ntt-binominal-lr.cpp:69: [smpi_colls/WARNING] [NNNN] [61] binomial reduce intra communication
[n51:51:(52) 0.000580] /home/nguyen/ai/allreduce_simulate/SimGrid-3.19/src/smpi/colls/allreduce/allreduce-ntt-binominal-lr.cpp:28: [smpi_colls/WARNING] [NNNN] [51] Start function
[n51:51:(52) 0.000580] /home/nguyen/ai/allreduce_simulate/SimGrid-3.19/src/smpi/colls/allreduce/allreduce-ntt-binominal-lr.cpp:64: [smpi_colls/WARNING] [NNNN] [51] Start algorithm
[n51:51:(52) 0.000580] /home/nguyen/ai/allreduce_simulate/SimGrid-3.19/src/smpi/colls/allreduce/allreduce-ntt-binominal-lr.cpp:69: [smpi_colls/WARNING] [NNNN] [51] binomial reduce intra communication
[n49:49:(50) 0.000580] /home/nguyen/ai/allreduce_simulate/SimGrid-3.19/src/smpi/colls/allreduce/allreduce-ntt-binominal-lr.cpp:28: [smpi_colls/WARNING] [NNNN] [49] Start function
[n49:49:(50) 0.000580] /home/nguyen/ai/allreduce_simulate/SimGrid-3.19/src/smpi/colls/allreduce/allreduce-ntt-binominal-lr.cpp:64: [smpi_colls/WARNING] [NNNN] [49] Start algorithm
[n49:49:(50) 0.000580] /home/nguyen/ai/allreduce_simulate/SimGrid-3.19/src/smpi/colls/allreduce/allreduce-ntt-binominal-lr.cpp:69: [smpi_colls/WARNING] [NNNN] [49] binomial reduce intra communication
[n47:47:(48) 0.000580] /home/nguyen/ai/allreduce_simulate/SimGrid-3.19/src/smpi/colls/allreduce/allreduce-ntt-binominal-lr.cpp:28: [smpi_colls/WARNING] [NNNN] [47] Start function
[n47:47:(48) 0.000580] /home/nguyen/ai/allreduce_simulate/SimGrid-3.19/src/smpi/colls/allreduce/allreduce-ntt-binominal-lr.cpp:64: [smpi_colls/WARNING] [NNNN] [47] Start algorithm
[n47:47:(48) 0.000580] /home/nguyen/ai/allreduce_simulate/SimGrid-3.19/src/smpi/colls/allreduce/allreduce-ntt-binominal-lr.cpp:69: [smpi_colls/WARNING] [NNNN] [47] binomial reduce intra communication
[n62:62:(63) 0.000580] /home/nguyen/ai/allreduce_simulate/SimGrid-3.19/src/smpi/colls/allreduce/allreduce-ntt-binominal-lr.cpp:28: [smpi_colls/WARNING] [NNNN] [62] Start function
[n62:62:(63) 0.000580] /home/nguyen/ai/allreduce_simulate/SimGrid-3.19/src/smpi/colls/allreduce/allreduce-ntt-binominal-lr.cpp:64: [smpi_colls/WARNING] [NNNN] [62] Start algorithm
[n62:62:(63) 0.000580] /home/nguyen/ai/allreduce_simulate/SimGrid-3.19/src/smpi/colls/allreduce/allreduce-ntt-binominal-lr.cpp:69: [smpi_colls/WARNING] [NNNN] [62] binomial reduce intra communication
[n44:44:(45) 0.000580] /home/nguyen/ai/allreduce_simulate/SimGrid-3.19/src/smpi/colls/allreduce/allreduce-ntt-binominal-lr.cpp:28: [smpi_colls/WARNING] [NNNN] [44] Start function
[n44:44:(45) 0.000580] /home/nguyen/ai/allreduce_simulate/SimGrid-3.19/src/smpi/colls/allreduce/allreduce-ntt-binominal-lr.cpp:64: [smpi_colls/WARNING] [NNNN] [44] Start algorithm
[n44:44:(45) 0.000580] /home/nguyen/ai/allreduce_simulate/SimGrid-3.19/src/smpi/colls/allreduce/allreduce-ntt-binominal-lr.cpp:69: [smpi_colls/WARNING] [NNNN] [44] binomial reduce intra communication
[n55:55:(56) 0.000580] /home/nguyen/ai/allreduce_simulate/SimGrid-3.19/src/smpi/colls/allreduce/allreduce-ntt-binominal-lr.cpp:28: [smpi_colls/WARNING] [NNNN] [55] Start function
[n55:55:(56) 0.000580] /home/nguyen/ai/allreduce_simulate/SimGrid-3.19/src/smpi/colls/allreduce/allreduce-ntt-binominal-lr.cpp:64: [smpi_colls/WARNING] [NNNN] [55] Start algorithm
[n55:55:(56) 0.000580] /home/nguyen/ai/allreduce_simulate/SimGrid-3.19/src/smpi/colls/allreduce/allreduce-ntt-binominal-lr.cpp:69: [smpi_colls/WARNING] [NNNN] [55] binomial reduce intra communication
[n43:43:(44) 0.000580] /home/nguyen/ai/allreduce_simulate/SimGrid-3.19/src/smpi/colls/allreduce/allreduce-ntt-binominal-lr.cpp:28: [smpi_colls/WARNING] [NNNN] [43] Start function
[n43:43:(44) 0.000580] /home/nguyen/ai/allreduce_simulate/SimGrid-3.19/src/smpi/colls/allreduce/allreduce-ntt-binominal-lr.cpp:64: [smpi_colls/WARNING] [NNNN] [43] Start algorithm
[n43:43:(44) 0.000580] /home/nguyen/ai/allreduce_simulate/SimGrid-3.19/src/smpi/colls/allreduce/allreduce-ntt-binominal-lr.cpp:69: [smpi_colls/WARNING] [NNNN] [43] binomial reduce intra communication
[n32:32:(33) 0.000580] /home/nguyen/ai/allreduce_simulate/SimGrid-3.19/src/smpi/colls/allreduce/allreduce-ntt-binominal-lr.cpp:28: [smpi_colls/WARNING] [NNNN] [32] Start function
[n32:32:(33) 0.000580] /home/nguyen/ai/allreduce_simulate/SimGrid-3.19/src/smpi/colls/allreduce/allreduce-ntt-binominal-lr.cpp:64: [smpi_colls/WARNING] [NNNN] [32] Start algorithm
[n32:32:(33) 0.000580] /home/nguyen/ai/allreduce_simulate/SimGrid-3.19/src/smpi/colls/allreduce/allreduce-ntt-binominal-lr.cpp:69: [smpi_colls/WARNING] [NNNN] [32] binomial reduce intra communication
[n56:56:(57) 0.000580] /home/nguyen/ai/allreduce_simulate/SimGrid-3.19/src/smpi/colls/allreduce/allreduce-ntt-binominal-lr.cpp:28: [smpi_colls/WARNING] [NNNN] [56] Start function
[n56:56:(57) 0.000580] /home/nguyen/ai/allreduce_simulate/SimGrid-3.19/src/smpi/colls/allreduce/allreduce-ntt-binominal-lr.cpp:64: [smpi_colls/WARNING] [NNNN] [56] Start algorithm
[n56:56:(57) 0.000580] /home/nguyen/ai/allreduce_simulate/SimGrid-3.19/src/smpi/colls/allreduce/allreduce-ntt-binominal-lr.cpp:69: [smpi_colls/WARNING] [NNNN] [56] binomial reduce intra communication
[n31:31:(32) 0.000580] /home/nguyen/ai/allreduce_simulate/SimGrid-3.19/src/smpi/colls/allreduce/allreduce-ntt-binominal-lr.cpp:28: [smpi_colls/WARNING] [NNNN] [31] Start function
[n31:31:(32) 0.000580] /home/nguyen/ai/allreduce_simulate/SimGrid-3.19/src/smpi/colls/allreduce/allreduce-ntt-binominal-lr.cpp:64: [smpi_colls/WARNING] [NNNN] [31] Start algorithm
[n31:31:(32) 0.000580] /home/nguyen/ai/allreduce_simulate/SimGrid-3.19/src/smpi/colls/allreduce/allreduce-ntt-binominal-lr.cpp:69: [smpi_colls/WARNING] [NNNN] [31] binomial reduce intra communication
[n41:41:(42) 0.000580] /home/nguyen/ai/allreduce_simulate/SimGrid-3.19/src/smpi/colls/allreduce/allreduce-ntt-binominal-lr.cpp:28: [smpi_colls/WARNING] [NNNN] [41] Start function
[n41:41:(42) 0.000580] /home/nguyen/ai/allreduce_simulate/SimGrid-3.19/src/smpi/colls/allreduce/allreduce-ntt-binominal-lr.cpp:64: [smpi_colls/WARNING] [NNNN] [41] Start algorithm
[n41:41:(42) 0.000580] /home/nguyen/ai/allreduce_simulate/SimGrid-3.19/src/smpi/colls/allreduce/allreduce-ntt-binominal-lr.cpp:69: [smpi_colls/WARNING] [NNNN] [41] binomial reduce intra communication
[n42:42:(43) 0.000580] /home/nguyen/ai/allreduce_simulate/SimGrid-3.19/src/smpi/colls/allreduce/allreduce-ntt-binominal-lr.cpp:28: [smpi_colls/WARNING] [NNNN] [42] Start function
[n42:42:(43) 0.000580] /home/nguyen/ai/allreduce_simulate/SimGrid-3.19/src/smpi/colls/allreduce/allreduce-ntt-binominal-lr.cpp:64: [smpi_colls/WARNING] [NNNN] [42] Start algorithm
[n42:42:(43) 0.000580] /home/nguyen/ai/allreduce_simulate/SimGrid-3.19/src/smpi/colls/allreduce/allreduce-ntt-binominal-lr.cpp:69: [smpi_colls/WARNING] [NNNN] [42] binomial reduce intra communication
[n53:53:(54) 0.000580] /home/nguyen/ai/allreduce_simulate/SimGrid-3.19/src/smpi/colls/allreduce/allreduce-ntt-binominal-lr.cpp:28: [smpi_colls/WARNING] [NNNN] [53] Start function
[n53:53:(54) 0.000580] /home/nguyen/ai/allreduce_simulate/SimGrid-3.19/src/smpi/colls/allreduce/allreduce-ntt-binominal-lr.cpp:64: [smpi_colls/WARNING] [NNNN] [53] Start algorithm
[n53:53:(54) 0.000580] /home/nguyen/ai/allreduce_simulate/SimGrid-3.19/src/smpi/colls/allreduce/allreduce-ntt-binominal-lr.cpp:69: [smpi_colls/WARNING] [NNNN] [53] binomial reduce intra communication
[n58:58:(59) 0.000580] /home/nguyen/ai/allreduce_simulate/SimGrid-3.19/src/smpi/colls/allreduce/allreduce-ntt-binominal-lr.cpp:28: [smpi_colls/WARNING] [NNNN] [58] Start function
[n58:58:(59) 0.000580] /home/nguyen/ai/allreduce_simulate/SimGrid-3.19/src/smpi/colls/allreduce/allreduce-ntt-binominal-lr.cpp:64: [smpi_colls/WARNING] [NNNN] [58] Start algorithm
[n58:58:(59) 0.000580] /home/nguyen/ai/allreduce_simulate/SimGrid-3.19/src/smpi/colls/allreduce/allreduce-ntt-binominal-lr.cpp:69: [smpi_colls/WARNING] [NNNN] [58] binomial reduce intra communication
[n60:60:(61) 0.000580] /home/nguyen/ai/allreduce_simulate/SimGrid-3.19/src/smpi/colls/allreduce/allreduce-ntt-binominal-lr.cpp:28: [smpi_colls/WARNING] [NNNN] [60] Start function
[n60:60:(61) 0.000580] /home/nguyen/ai/allreduce_simulate/SimGrid-3.19/src/smpi/colls/allreduce/allreduce-ntt-binominal-lr.cpp:64: [smpi_colls/WARNING] [NNNN] [60] Start algorithm
[n60:60:(61) 0.000580] /home/nguyen/ai/allreduce_simulate/SimGrid-3.19/src/smpi/colls/allreduce/allreduce-ntt-binominal-lr.cpp:69: [smpi_colls/WARNING] [NNNN] [60] binomial reduce intra communication
[n33:33:(34) 0.000580] /home/nguyen/ai/allreduce_simulate/SimGrid-3.19/src/smpi/colls/allreduce/allreduce-ntt-binominal-lr.cpp:28: [smpi_colls/WARNING] [NNNN] [33] Start function
[n33:33:(34) 0.000580] /home/nguyen/ai/allreduce_simulate/SimGrid-3.19/src/smpi/colls/allreduce/allreduce-ntt-binominal-lr.cpp:64: [smpi_colls/WARNING] [NNNN] [33] Start algorithm
[n33:33:(34) 0.000580] /home/nguyen/ai/allreduce_simulate/SimGrid-3.19/src/smpi/colls/allreduce/allreduce-ntt-binominal-lr.cpp:69: [smpi_colls/WARNING] [NNNN] [33] binomial reduce intra communication
[n46:46:(47) 0.000581] /home/nguyen/ai/allreduce_simulate/SimGrid-3.19/src/smpi/colls/allreduce/allreduce-ntt-binominal-lr.cpp:28: [smpi_colls/WARNING] [NNNN] [46] Start function
[n46:46:(47) 0.000581] /home/nguyen/ai/allreduce_simulate/SimGrid-3.19/src/smpi/colls/allreduce/allreduce-ntt-binominal-lr.cpp:64: [smpi_colls/WARNING] [NNNN] [46] Start algorithm
[n46:46:(47) 0.000581] /home/nguyen/ai/allreduce_simulate/SimGrid-3.19/src/smpi/colls/allreduce/allreduce-ntt-binominal-lr.cpp:69: [smpi_colls/WARNING] [NNNN] [46] binomial reduce intra communication
[n34:34:(35) 0.000581] /home/nguyen/ai/allreduce_simulate/SimGrid-3.19/src/smpi/colls/allreduce/allreduce-ntt-binominal-lr.cpp:28: [smpi_colls/WARNING] [NNNN] [34] Start function
[n34:34:(35) 0.000581] /home/nguyen/ai/allreduce_simulate/SimGrid-3.19/src/smpi/colls/allreduce/allreduce-ntt-binominal-lr.cpp:64: [smpi_colls/WARNING] [NNNN] [34] Start algorithm
[n34:34:(35) 0.000581] /home/nguyen/ai/allreduce_simulate/SimGrid-3.19/src/smpi/colls/allreduce/allreduce-ntt-binominal-lr.cpp:69: [smpi_colls/WARNING] [NNNN] [34] binomial reduce intra communication
[n24:24:(25) 0.000581] /home/nguyen/ai/allreduce_simulate/SimGrid-3.19/src/smpi/colls/allreduce/allreduce-ntt-binominal-lr.cpp:28: [smpi_colls/WARNING] [NNNN] [24] Start function
[n24:24:(25) 0.000581] /home/nguyen/ai/allreduce_simulate/SimGrid-3.19/src/smpi/colls/allreduce/allreduce-ntt-binominal-lr.cpp:64: [smpi_colls/WARNING] [NNNN] [24] Start algorithm
[n24:24:(25) 0.000581] /home/nguyen/ai/allreduce_simulate/SimGrid-3.19/src/smpi/colls/allreduce/allreduce-ntt-binominal-lr.cpp:69: [smpi_colls/WARNING] [NNNN] [24] binomial reduce intra communication
[n30:30:(31) 0.000581] /home/nguyen/ai/allreduce_simulate/SimGrid-3.19/src/smpi/colls/allreduce/allreduce-ntt-binominal-lr.cpp:28: [smpi_colls/WARNING] [NNNN] [30] Start function
[n30:30:(31) 0.000581] /home/nguyen/ai/allreduce_simulate/SimGrid-3.19/src/smpi/colls/allreduce/allreduce-ntt-binominal-lr.cpp:64: [smpi_colls/WARNING] [NNNN] [30] Start algorithm
[n30:30:(31) 0.000581] /home/nguyen/ai/allreduce_simulate/SimGrid-3.19/src/smpi/colls/allreduce/allreduce-ntt-binominal-lr.cpp:69: [smpi_colls/WARNING] [NNNN] [30] binomial reduce intra communication
[n23:23:(24) 0.000581] /home/nguyen/ai/allreduce_simulate/SimGrid-3.19/src/smpi/colls/allreduce/allreduce-ntt-binominal-lr.cpp:28: [smpi_colls/WARNING] [NNNN] [23] Start function
[n23:23:(24) 0.000581] /home/nguyen/ai/allreduce_simulate/SimGrid-3.19/src/smpi/colls/allreduce/allreduce-ntt-binominal-lr.cpp:64: [smpi_colls/WARNING] [NNNN] [23] Start algorithm
[n23:23:(24) 0.000581] /home/nguyen/ai/allreduce_simulate/SimGrid-3.19/src/smpi/colls/allreduce/allreduce-ntt-binominal-lr.cpp:69: [smpi_colls/WARNING] [NNNN] [23] binomial reduce intra communication
[n28:28:(29) 0.000581] /home/nguyen/ai/allreduce_simulate/SimGrid-3.19/src/smpi/colls/allreduce/allreduce-ntt-binominal-lr.cpp:28: [smpi_colls/WARNING] [NNNN] [28] Start function
[n28:28:(29) 0.000581] /home/nguyen/ai/allreduce_simulate/SimGrid-3.19/src/smpi/colls/allreduce/allreduce-ntt-binominal-lr.cpp:64: [smpi_colls/WARNING] [NNNN] [28] Start algorithm
[n28:28:(29) 0.000581] /home/nguyen/ai/allreduce_simulate/SimGrid-3.19/src/smpi/colls/allreduce/allreduce-ntt-binominal-lr.cpp:69: [smpi_colls/WARNING] [NNNN] [28] binomial reduce intra communication
[n48:48:(49) 0.000581] /home/nguyen/ai/allreduce_simulate/SimGrid-3.19/src/smpi/colls/allreduce/allreduce-ntt-binominal-lr.cpp:28: [smpi_colls/WARNING] [NNNN] [48] Start function
[n48:48:(49) 0.000581] /home/nguyen/ai/allreduce_simulate/SimGrid-3.19/src/smpi/colls/allreduce/allreduce-ntt-binominal-lr.cpp:64: [smpi_colls/WARNING] [NNNN] [48] Start algorithm
[n48:48:(49) 0.000581] /home/nguyen/ai/allreduce_simulate/SimGrid-3.19/src/smpi/colls/allreduce/allreduce-ntt-binominal-lr.cpp:69: [smpi_colls/WARNING] [NNNN] [48] binomial reduce intra communication
[n19:19:(20) 0.000581] /home/nguyen/ai/allreduce_simulate/SimGrid-3.19/src/smpi/colls/allreduce/allreduce-ntt-binominal-lr.cpp:28: [smpi_colls/WARNING] [NNNN] [19] Start function
[n19:19:(20) 0.000581] /home/nguyen/ai/allreduce_simulate/SimGrid-3.19/src/smpi/colls/allreduce/allreduce-ntt-binominal-lr.cpp:64: [smpi_colls/WARNING] [NNNN] [19] Start algorithm
[n19:19:(20) 0.000581] /home/nguyen/ai/allreduce_simulate/SimGrid-3.19/src/smpi/colls/allreduce/allreduce-ntt-binominal-lr.cpp:69: [smpi_colls/WARNING] [NNNN] [19] binomial reduce intra communication
[n54:54:(55) 0.000581] /home/nguyen/ai/allreduce_simulate/SimGrid-3.19/src/smpi/colls/allreduce/allreduce-ntt-binominal-lr.cpp:28: [smpi_colls/WARNING] [NNNN] [54] Start function
[n54:54:(55) 0.000581] /home/nguyen/ai/allreduce_simulate/SimGrid-3.19/src/smpi/colls/allreduce/allreduce-ntt-binominal-lr.cpp:64: [smpi_colls/WARNING] [NNNN] [54] Start algorithm
[n54:54:(55) 0.000581] /home/nguyen/ai/allreduce_simulate/SimGrid-3.19/src/smpi/colls/allreduce/allreduce-ntt-binominal-lr.cpp:69: [smpi_colls/WARNING] [NNNN] [54] binomial reduce intra communication
[n50:50:(51) 0.000581] /home/nguyen/ai/allreduce_simulate/SimGrid-3.19/src/smpi/colls/allreduce/allreduce-ntt-binominal-lr.cpp:28: [smpi_colls/WARNING] [NNNN] [50] Start function
[n50:50:(51) 0.000581] /home/nguyen/ai/allreduce_simulate/SimGrid-3.19/src/smpi/colls/allreduce/allreduce-ntt-binominal-lr.cpp:64: [smpi_colls/WARNING] [NNNN] [50] Start algorithm
[n50:50:(51) 0.000581] /home/nguyen/ai/allreduce_simulate/SimGrid-3.19/src/smpi/colls/allreduce/allreduce-ntt-binominal-lr.cpp:69: [smpi_colls/WARNING] [NNNN] [50] binomial reduce intra communication
[n21:21:(22) 0.000581] /home/nguyen/ai/allreduce_simulate/SimGrid-3.19/src/smpi/colls/allreduce/allreduce-ntt-binominal-lr.cpp:28: [smpi_colls/WARNING] [NNNN] [21] Start function
[n21:21:(22) 0.000581] /home/nguyen/ai/allreduce_simulate/SimGrid-3.19/src/smpi/colls/allreduce/allreduce-ntt-binominal-lr.cpp:64: [smpi_colls/WARNING] [NNNN] [21] Start algorithm
[n21:21:(22) 0.000581] /home/nguyen/ai/allreduce_simulate/SimGrid-3.19/src/smpi/colls/allreduce/allreduce-ntt-binominal-lr.cpp:69: [smpi_colls/WARNING] [NNNN] [21] binomial reduce intra communication
[n8:8:(9) 0.000581] /home/nguyen/ai/allreduce_simulate/SimGrid-3.19/src/smpi/colls/allreduce/allreduce-ntt-binominal-lr.cpp:28: [smpi_colls/WARNING] [NNNN] [8] Start function
[n8:8:(9) 0.000581] /home/nguyen/ai/allreduce_simulate/SimGrid-3.19/src/smpi/colls/allreduce/allreduce-ntt-binominal-lr.cpp:64: [smpi_colls/WARNING] [NNNN] [8] Start algorithm
[n8:8:(9) 0.000581] /home/nguyen/ai/allreduce_simulate/SimGrid-3.19/src/smpi/colls/allreduce/allreduce-ntt-binominal-lr.cpp:69: [smpi_colls/WARNING] [NNNN] [8] binomial reduce intra communication
[n16:16:(17) 0.000582] /home/nguyen/ai/allreduce_simulate/SimGrid-3.19/src/smpi/colls/allreduce/allreduce-ntt-binominal-lr.cpp:28: [smpi_colls/WARNING] [NNNN] [16] Start function
[n16:16:(17) 0.000582] /home/nguyen/ai/allreduce_simulate/SimGrid-3.19/src/smpi/colls/allreduce/allreduce-ntt-binominal-lr.cpp:64: [smpi_colls/WARNING] [NNNN] [16] Start algorithm
[n16:16:(17) 0.000582] /home/nguyen/ai/allreduce_simulate/SimGrid-3.19/src/smpi/colls/allreduce/allreduce-ntt-binominal-lr.cpp:69: [smpi_colls/WARNING] [NNNN] [16] binomial reduce intra communication
[n17:17:(18) 0.000582] /home/nguyen/ai/allreduce_simulate/SimGrid-3.19/src/smpi/colls/allreduce/allreduce-ntt-binominal-lr.cpp:28: [smpi_colls/WARNING] [NNNN] [17] Start function
[n17:17:(18) 0.000582] /home/nguyen/ai/allreduce_simulate/SimGrid-3.19/src/smpi/colls/allreduce/allreduce-ntt-binominal-lr.cpp:64: [smpi_colls/WARNING] [NNNN] [17] Start algorithm
[n17:17:(18) 0.000582] /home/nguyen/ai/allreduce_simulate/SimGrid-3.19/src/smpi/colls/allreduce/allreduce-ntt-binominal-lr.cpp:69: [smpi_colls/WARNING] [NNNN] [17] binomial reduce intra communication
[n20:20:(21) 0.000582] /home/nguyen/ai/allreduce_simulate/SimGrid-3.19/src/smpi/colls/allreduce/allreduce-ntt-binominal-lr.cpp:28: [smpi_colls/WARNING] [NNNN] [20] Start function
[n20:20:(21) 0.000582] /home/nguyen/ai/allreduce_simulate/SimGrid-3.19/src/smpi/colls/allreduce/allreduce-ntt-binominal-lr.cpp:64: [smpi_colls/WARNING] [NNNN] [20] Start algorithm
[n20:20:(21) 0.000582] /home/nguyen/ai/allreduce_simulate/SimGrid-3.19/src/smpi/colls/allreduce/allreduce-ntt-binominal-lr.cpp:69: [smpi_colls/WARNING] [NNNN] [20] binomial reduce intra communication
[n29:29:(30) 0.000582] /home/nguyen/ai/allreduce_simulate/SimGrid-3.19/src/smpi/colls/allreduce/allreduce-ntt-binominal-lr.cpp:28: [smpi_colls/WARNING] [NNNN] [29] Start function
[n29:29:(30) 0.000582] /home/nguyen/ai/allreduce_simulate/SimGrid-3.19/src/smpi/colls/allreduce/allreduce-ntt-binominal-lr.cpp:64: [smpi_colls/WARNING] [NNNN] [29] Start algorithm
[n29:29:(30) 0.000582] /home/nguyen/ai/allreduce_simulate/SimGrid-3.19/src/smpi/colls/allreduce/allreduce-ntt-binominal-lr.cpp:69: [smpi_colls/WARNING] [NNNN] [29] binomial reduce intra communication
[n25:25:(26) 0.000582] /home/nguyen/ai/allreduce_simulate/SimGrid-3.19/src/smpi/colls/allreduce/allreduce-ntt-binominal-lr.cpp:28: [smpi_colls/WARNING] [NNNN] [25] Start function
[n25:25:(26) 0.000582] /home/nguyen/ai/allreduce_simulate/SimGrid-3.19/src/smpi/colls/allreduce/allreduce-ntt-binominal-lr.cpp:64: [smpi_colls/WARNING] [NNNN] [25] Start algorithm
[n25:25:(26) 0.000582] /home/nguyen/ai/allreduce_simulate/SimGrid-3.19/src/smpi/colls/allreduce/allreduce-ntt-binominal-lr.cpp:69: [smpi_colls/WARNING] [NNNN] [25] binomial reduce intra communication
[n27:27:(28) 0.000582] /home/nguyen/ai/allreduce_simulate/SimGrid-3.19/src/smpi/colls/allreduce/allreduce-ntt-binominal-lr.cpp:28: [smpi_colls/WARNING] [NNNN] [27] Start function
[n27:27:(28) 0.000582] /home/nguyen/ai/allreduce_simulate/SimGrid-3.19/src/smpi/colls/allreduce/allreduce-ntt-binominal-lr.cpp:64: [smpi_colls/WARNING] [NNNN] [27] Start algorithm
[n27:27:(28) 0.000582] /home/nguyen/ai/allreduce_simulate/SimGrid-3.19/src/smpi/colls/allreduce/allreduce-ntt-binominal-lr.cpp:69: [smpi_colls/WARNING] [NNNN] [27] binomial reduce intra communication
[n22:22:(23) 0.000582] /home/nguyen/ai/allreduce_simulate/SimGrid-3.19/src/smpi/colls/allreduce/allreduce-ntt-binominal-lr.cpp:28: [smpi_colls/WARNING] [NNNN] [22] Start function
[n22:22:(23) 0.000582] /home/nguyen/ai/allreduce_simulate/SimGrid-3.19/src/smpi/colls/allreduce/allreduce-ntt-binominal-lr.cpp:64: [smpi_colls/WARNING] [NNNN] [22] Start algorithm
[n22:22:(23) 0.000582] /home/nguyen/ai/allreduce_simulate/SimGrid-3.19/src/smpi/colls/allreduce/allreduce-ntt-binominal-lr.cpp:69: [smpi_colls/WARNING] [NNNN] [22] binomial reduce intra communication
[n18:18:(19) 0.000582] /home/nguyen/ai/allreduce_simulate/SimGrid-3.19/src/smpi/colls/allreduce/allreduce-ntt-binominal-lr.cpp:28: [smpi_colls/WARNING] [NNNN] [18] Start function
[n18:18:(19) 0.000582] /home/nguyen/ai/allreduce_simulate/SimGrid-3.19/src/smpi/colls/allreduce/allreduce-ntt-binominal-lr.cpp:64: [smpi_colls/WARNING] [NNNN] [18] Start algorithm
[n18:18:(19) 0.000582] /home/nguyen/ai/allreduce_simulate/SimGrid-3.19/src/smpi/colls/allreduce/allreduce-ntt-binominal-lr.cpp:69: [smpi_colls/WARNING] [NNNN] [18] binomial reduce intra communication
[n11:11:(12) 0.000582] /home/nguyen/ai/allreduce_simulate/SimGrid-3.19/src/smpi/colls/allreduce/allreduce-ntt-binominal-lr.cpp:28: [smpi_colls/WARNING] [NNNN] [11] Start function
[n11:11:(12) 0.000582] /home/nguyen/ai/allreduce_simulate/SimGrid-3.19/src/smpi/colls/allreduce/allreduce-ntt-binominal-lr.cpp:64: [smpi_colls/WARNING] [NNNN] [11] Start algorithm
[n11:11:(12) 0.000582] /home/nguyen/ai/allreduce_simulate/SimGrid-3.19/src/smpi/colls/allreduce/allreduce-ntt-binominal-lr.cpp:69: [smpi_colls/WARNING] [NNNN] [11] binomial reduce intra communication
[n9:9:(10) 0.000583] /home/nguyen/ai/allreduce_simulate/SimGrid-3.19/src/smpi/colls/allreduce/allreduce-ntt-binominal-lr.cpp:28: [smpi_colls/WARNING] [NNNN] [9] Start function
[n9:9:(10) 0.000583] /home/nguyen/ai/allreduce_simulate/SimGrid-3.19/src/smpi/colls/allreduce/allreduce-ntt-binominal-lr.cpp:64: [smpi_colls/WARNING] [NNNN] [9] Start algorithm
[n9:9:(10) 0.000583] /home/nguyen/ai/allreduce_simulate/SimGrid-3.19/src/smpi/colls/allreduce/allreduce-ntt-binominal-lr.cpp:69: [smpi_colls/WARNING] [NNNN] [9] binomial reduce intra communication
[n26:26:(27) 0.000583] /home/nguyen/ai/allreduce_simulate/SimGrid-3.19/src/smpi/colls/allreduce/allreduce-ntt-binominal-lr.cpp:28: [smpi_colls/WARNING] [NNNN] [26] Start function
[n26:26:(27) 0.000583] /home/nguyen/ai/allreduce_simulate/SimGrid-3.19/src/smpi/colls/allreduce/allreduce-ntt-binominal-lr.cpp:64: [smpi_colls/WARNING] [NNNN] [26] Start algorithm
[n26:26:(27) 0.000583] /home/nguyen/ai/allreduce_simulate/SimGrid-3.19/src/smpi/colls/allreduce/allreduce-ntt-binominal-lr.cpp:69: [smpi_colls/WARNING] [NNNN] [26] binomial reduce intra communication
[n13:13:(14) 0.000583] /home/nguyen/ai/allreduce_simulate/SimGrid-3.19/src/smpi/colls/allreduce/allreduce-ntt-binominal-lr.cpp:28: [smpi_colls/WARNING] [NNNN] [13] Start function
[n13:13:(14) 0.000583] /home/nguyen/ai/allreduce_simulate/SimGrid-3.19/src/smpi/colls/allreduce/allreduce-ntt-binominal-lr.cpp:64: [smpi_colls/WARNING] [NNNN] [13] Start algorithm
[n13:13:(14) 0.000583] /home/nguyen/ai/allreduce_simulate/SimGrid-3.19/src/smpi/colls/allreduce/allreduce-ntt-binominal-lr.cpp:69: [smpi_colls/WARNING] [NNNN] [13] binomial reduce intra communication
[n7:7:(8) 0.000583] /home/nguyen/ai/allreduce_simulate/SimGrid-3.19/src/smpi/colls/allreduce/allreduce-ntt-binominal-lr.cpp:28: [smpi_colls/WARNING] [NNNN] [7] Start function
[n7:7:(8) 0.000583] /home/nguyen/ai/allreduce_simulate/SimGrid-3.19/src/smpi/colls/allreduce/allreduce-ntt-binominal-lr.cpp:64: [smpi_colls/WARNING] [NNNN] [7] Start algorithm
[n7:7:(8) 0.000583] /home/nguyen/ai/allreduce_simulate/SimGrid-3.19/src/smpi/colls/allreduce/allreduce-ntt-binominal-lr.cpp:69: [smpi_colls/WARNING] [NNNN] [7] binomial reduce intra communication
[n6:6:(7) 0.000583] /home/nguyen/ai/allreduce_simulate/SimGrid-3.19/src/smpi/colls/allreduce/allreduce-ntt-binominal-lr.cpp:28: [smpi_colls/WARNING] [NNNN] [6] Start function
[n6:6:(7) 0.000583] /home/nguyen/ai/allreduce_simulate/SimGrid-3.19/src/smpi/colls/allreduce/allreduce-ntt-binominal-lr.cpp:64: [smpi_colls/WARNING] [NNNN] [6] Start algorithm
[n6:6:(7) 0.000583] /home/nguyen/ai/allreduce_simulate/SimGrid-3.19/src/smpi/colls/allreduce/allreduce-ntt-binominal-lr.cpp:69: [smpi_colls/WARNING] [NNNN] [6] binomial reduce intra communication
[n3:3:(4) 0.000583] /home/nguyen/ai/allreduce_simulate/SimGrid-3.19/src/smpi/colls/allreduce/allreduce-ntt-binominal-lr.cpp:28: [smpi_colls/WARNING] [NNNN] [3] Start function
[n3:3:(4) 0.000583] /home/nguyen/ai/allreduce_simulate/SimGrid-3.19/src/smpi/colls/allreduce/allreduce-ntt-binominal-lr.cpp:64: [smpi_colls/WARNING] [NNNN] [3] Start algorithm
[n3:3:(4) 0.000583] /home/nguyen/ai/allreduce_simulate/SimGrid-3.19/src/smpi/colls/allreduce/allreduce-ntt-binominal-lr.cpp:69: [smpi_colls/WARNING] [NNNN] [3] binomial reduce intra communication
[n15:15:(16) 0.000583] /home/nguyen/ai/allreduce_simulate/SimGrid-3.19/src/smpi/colls/allreduce/allreduce-ntt-binominal-lr.cpp:28: [smpi_colls/WARNING] [NNNN] [15] Start function
[n15:15:(16) 0.000583] /home/nguyen/ai/allreduce_simulate/SimGrid-3.19/src/smpi/colls/allreduce/allreduce-ntt-binominal-lr.cpp:64: [smpi_colls/WARNING] [NNNN] [15] Start algorithm
[n15:15:(16) 0.000583] /home/nguyen/ai/allreduce_simulate/SimGrid-3.19/src/smpi/colls/allreduce/allreduce-ntt-binominal-lr.cpp:69: [smpi_colls/WARNING] [NNNN] [15] binomial reduce intra communication
[n2:2:(3) 0.000583] /home/nguyen/ai/allreduce_simulate/SimGrid-3.19/src/smpi/colls/allreduce/allreduce-ntt-binominal-lr.cpp:28: [smpi_colls/WARNING] [NNNN] [2] Start function
[n2:2:(3) 0.000583] /home/nguyen/ai/allreduce_simulate/SimGrid-3.19/src/smpi/colls/allreduce/allreduce-ntt-binominal-lr.cpp:64: [smpi_colls/WARNING] [NNNN] [2] Start algorithm
[n2:2:(3) 0.000583] /home/nguyen/ai/allreduce_simulate/SimGrid-3.19/src/smpi/colls/allreduce/allreduce-ntt-binominal-lr.cpp:69: [smpi_colls/WARNING] [NNNN] [2] binomial reduce intra communication
[n4:4:(5) 0.000584] /home/nguyen/ai/allreduce_simulate/SimGrid-3.19/src/smpi/colls/allreduce/allreduce-ntt-binominal-lr.cpp:28: [smpi_colls/WARNING] [NNNN] [4] Start function
[n4:4:(5) 0.000584] /home/nguyen/ai/allreduce_simulate/SimGrid-3.19/src/smpi/colls/allreduce/allreduce-ntt-binominal-lr.cpp:64: [smpi_colls/WARNING] [NNNN] [4] Start algorithm
[n4:4:(5) 0.000584] /home/nguyen/ai/allreduce_simulate/SimGrid-3.19/src/smpi/colls/allreduce/allreduce-ntt-binominal-lr.cpp:69: [smpi_colls/WARNING] [NNNN] [4] binomial reduce intra communication
[n14:14:(15) 0.000584] /home/nguyen/ai/allreduce_simulate/SimGrid-3.19/src/smpi/colls/allreduce/allreduce-ntt-binominal-lr.cpp:28: [smpi_colls/WARNING] [NNNN] [14] Start function
[n14:14:(15) 0.000584] /home/nguyen/ai/allreduce_simulate/SimGrid-3.19/src/smpi/colls/allreduce/allreduce-ntt-binominal-lr.cpp:64: [smpi_colls/WARNING] [NNNN] [14] Start algorithm
[n14:14:(15) 0.000584] /home/nguyen/ai/allreduce_simulate/SimGrid-3.19/src/smpi/colls/allreduce/allreduce-ntt-binominal-lr.cpp:69: [smpi_colls/WARNING] [NNNN] [14] binomial reduce intra communication
[n10:10:(11) 0.000584] /home/nguyen/ai/allreduce_simulate/SimGrid-3.19/src/smpi/colls/allreduce/allreduce-ntt-binominal-lr.cpp:28: [smpi_colls/WARNING] [NNNN] [10] Start function
[n10:10:(11) 0.000584] /home/nguyen/ai/allreduce_simulate/SimGrid-3.19/src/smpi/colls/allreduce/allreduce-ntt-binominal-lr.cpp:64: [smpi_colls/WARNING] [NNNN] [10] Start algorithm
[n10:10:(11) 0.000584] /home/nguyen/ai/allreduce_simulate/SimGrid-3.19/src/smpi/colls/allreduce/allreduce-ntt-binominal-lr.cpp:69: [smpi_colls/WARNING] [NNNN] [10] binomial reduce intra communication
[n5:5:(6) 0.000584] /home/nguyen/ai/allreduce_simulate/SimGrid-3.19/src/smpi/colls/allreduce/allreduce-ntt-binominal-lr.cpp:28: [smpi_colls/WARNING] [NNNN] [5] Start function
[n5:5:(6) 0.000584] /home/nguyen/ai/allreduce_simulate/SimGrid-3.19/src/smpi/colls/allreduce/allreduce-ntt-binominal-lr.cpp:64: [smpi_colls/WARNING] [NNNN] [5] Start algorithm
[n5:5:(6) 0.000584] /home/nguyen/ai/allreduce_simulate/SimGrid-3.19/src/smpi/colls/allreduce/allreduce-ntt-binominal-lr.cpp:69: [smpi_colls/WARNING] [NNNN] [5] binomial reduce intra communication
[n12:12:(13) 0.000584] /home/nguyen/ai/allreduce_simulate/SimGrid-3.19/src/smpi/colls/allreduce/allreduce-ntt-binominal-lr.cpp:28: [smpi_colls/WARNING] [NNNN] [12] Start function
[n12:12:(13) 0.000584] /home/nguyen/ai/allreduce_simulate/SimGrid-3.19/src/smpi/colls/allreduce/allreduce-ntt-binominal-lr.cpp:64: [smpi_colls/WARNING] [NNNN] [12] Start algorithm
[n12:12:(13) 0.000584] /home/nguyen/ai/allreduce_simulate/SimGrid-3.19/src/smpi/colls/allreduce/allreduce-ntt-binominal-lr.cpp:69: [smpi_colls/WARNING] [NNNN] [12] binomial reduce intra communication
[n63:63:(64) 0.000586] /home/nguyen/ai/allreduce_simulate/SimGrid-3.19/src/smpi/colls/allreduce/allreduce-ntt-binominal-lr.cpp:28: [smpi_colls/WARNING] [NNNN] [63] Start function
[n63:63:(64) 0.000586] /home/nguyen/ai/allreduce_simulate/SimGrid-3.19/src/smpi/colls/allreduce/allreduce-ntt-binominal-lr.cpp:64: [smpi_colls/WARNING] [NNNN] [63] Start algorithm
[n63:63:(64) 0.000586] /home/nguyen/ai/allreduce_simulate/SimGrid-3.19/src/smpi/colls/allreduce/allreduce-ntt-binominal-lr.cpp:69: [smpi_colls/WARNING] [NNNN] [63] binomial reduce intra communication
[n1:1:(2) 0.000601] /home/nguyen/ai/allreduce_simulate/SimGrid-3.19/src/smpi/colls/allreduce/allreduce-ntt-binominal-lr.cpp:28: [smpi_colls/WARNING] [NNNN] [1] Start function
[n1:1:(2) 0.000601] /home/nguyen/ai/allreduce_simulate/SimGrid-3.19/src/smpi/colls/allreduce/allreduce-ntt-binominal-lr.cpp:64: [smpi_colls/WARNING] [NNNN] [1] Start algorithm
[n1:1:(2) 0.000601] /home/nguyen/ai/allreduce_simulate/SimGrid-3.19/src/smpi/colls/allreduce/allreduce-ntt-binominal-lr.cpp:69: [smpi_colls/WARNING] [NNNN] [1] binomial reduce intra communication
[n0:0:(1) 0.001159] /home/nguyen/ai/allreduce_simulate/SimGrid-3.19/src/smpi/colls/allreduce/allreduce-ntt-binominal-lr.cpp:28: [smpi_colls/WARNING] [NNNN] [0] Start function
[n0:0:(1) 0.001159] /home/nguyen/ai/allreduce_simulate/SimGrid-3.19/src/smpi/colls/allreduce/allreduce-ntt-binominal-lr.cpp:64: [smpi_colls/WARNING] [NNNN] [0] Start algorithm
[n0:0:(1) 0.001159] /home/nguyen/ai/allreduce_simulate/SimGrid-3.19/src/smpi/colls/allreduce/allreduce-ntt-binominal-lr.cpp:69: [smpi_colls/WARNING] [NNNN] [0] binomial reduce intra communication
[n37:37:(38) 0.003462] /home/nguyen/ai/allreduce_simulate/SimGrid-3.19/src/smpi/colls/allreduce/allreduce-ntt-binominal-lr.cpp:97: [smpi_colls/WARNING] [NNNN] [37] inter lr reduce-scatter
[n37:37:(38) 0.003462] /home/nguyen/ai/allreduce_simulate/SimGrid-3.19/src/smpi/colls/allreduce/allreduce-ntt-binominal-lr.cpp:134: [smpi_colls/WARNING] [NNNN] [37] binomial broadcast intra-communication
[n39:39:(40) 0.003482] /home/nguyen/ai/allreduce_simulate/SimGrid-3.19/src/smpi/colls/allreduce/allreduce-ntt-binominal-lr.cpp:97: [smpi_colls/WARNING] [NNNN] [39] inter lr reduce-scatter
[n39:39:(40) 0.003482] /home/nguyen/ai/allreduce_simulate/SimGrid-3.19/src/smpi/colls/allreduce/allreduce-ntt-binominal-lr.cpp:134: [smpi_colls/WARNING] [NNNN] [39] binomial broadcast intra-communication
[n45:45:(46) 0.003486] /home/nguyen/ai/allreduce_simulate/SimGrid-3.19/src/smpi/colls/allreduce/allreduce-ntt-binominal-lr.cpp:97: [smpi_colls/WARNING] [NNNN] [45] inter lr reduce-scatter
[n45:45:(46) 0.003486] /home/nguyen/ai/allreduce_simulate/SimGrid-3.19/src/smpi/colls/allreduce/allreduce-ntt-binominal-lr.cpp:134: [smpi_colls/WARNING] [NNNN] [45] binomial broadcast intra-communication
[n57:57:(58) 0.003486] /home/nguyen/ai/allreduce_simulate/SimGrid-3.19/src/smpi/colls/allreduce/allreduce-ntt-binominal-lr.cpp:97: [smpi_colls/WARNING] [NNNN] [57] inter lr reduce-scatter
[n57:57:(58) 0.003486] /home/nguyen/ai/allreduce_simulate/SimGrid-3.19/src/smpi/colls/allreduce/allreduce-ntt-binominal-lr.cpp:134: [smpi_colls/WARNING] [NNNN] [57] binomial broadcast intra-communication
[n41:41:(42) 0.003486] /home/nguyen/ai/allreduce_simulate/SimGrid-3.19/src/smpi/colls/allreduce/allreduce-ntt-binominal-lr.cpp:97: [smpi_colls/WARNING] [NNNN] [41] inter lr reduce-scatter
[n41:41:(42) 0.003486] /home/nguyen/ai/allreduce_simulate/SimGrid-3.19/src/smpi/colls/allreduce/allreduce-ntt-binominal-lr.cpp:134: [smpi_colls/WARNING] [NNNN] [41] binomial broadcast intra-communication
[n43:43:(44) 0.003486] /home/nguyen/ai/allreduce_simulate/SimGrid-3.19/src/smpi/colls/allreduce/allreduce-ntt-binominal-lr.cpp:97: [smpi_colls/WARNING] [NNNN] [43] inter lr reduce-scatter
[n43:43:(44) 0.003486] /home/nguyen/ai/allreduce_simulate/SimGrid-3.19/src/smpi/colls/allreduce/allreduce-ntt-binominal-lr.cpp:134: [smpi_colls/WARNING] [NNNN] [43] binomial broadcast intra-communication
[n53:53:(54) 0.003486] /home/nguyen/ai/allreduce_simulate/SimGrid-3.19/src/smpi/colls/allreduce/allreduce-ntt-binominal-lr.cpp:97: [smpi_colls/WARNING] [NNNN] [53] inter lr reduce-scatter
[n53:53:(54) 0.003486] /home/nguyen/ai/allreduce_simulate/SimGrid-3.19/src/smpi/colls/allreduce/allreduce-ntt-binominal-lr.cpp:134: [smpi_colls/WARNING] [NNNN] [53] binomial broadcast intra-communication
[n59:59:(60) 0.003486] /home/nguyen/ai/allreduce_simulate/SimGrid-3.19/src/smpi/colls/allreduce/allreduce-ntt-binominal-lr.cpp:97: [smpi_colls/WARNING] [NNNN] [59] inter lr reduce-scatter
[n59:59:(60) 0.003486] /home/nguyen/ai/allreduce_simulate/SimGrid-3.19/src/smpi/colls/allreduce/allreduce-ntt-binominal-lr.cpp:134: [smpi_colls/WARNING] [NNNN] [59] binomial broadcast intra-communication
[n61:61:(62) 0.003486] /home/nguyen/ai/allreduce_simulate/SimGrid-3.19/src/smpi/colls/allreduce/allreduce-ntt-binominal-lr.cpp:97: [smpi_colls/WARNING] [NNNN] [61] inter lr reduce-scatter
[n61:61:(62) 0.003486] /home/nguyen/ai/allreduce_simulate/SimGrid-3.19/src/smpi/colls/allreduce/allreduce-ntt-binominal-lr.cpp:134: [smpi_colls/WARNING] [NNNN] [61] binomial broadcast intra-communication
[n33:33:(34) 0.003486] /home/nguyen/ai/allreduce_simulate/SimGrid-3.19/src/smpi/colls/allreduce/allreduce-ntt-binominal-lr.cpp:97: [smpi_colls/WARNING] [NNNN] [33] inter lr reduce-scatter
[n33:33:(34) 0.003486] /home/nguyen/ai/allreduce_simulate/SimGrid-3.19/src/smpi/colls/allreduce/allreduce-ntt-binominal-lr.cpp:134: [smpi_colls/WARNING] [NNNN] [33] binomial broadcast intra-communication
[n47:47:(48) 0.003486] /home/nguyen/ai/allreduce_simulate/SimGrid-3.19/src/smpi/colls/allreduce/allreduce-ntt-binominal-lr.cpp:97: [smpi_colls/WARNING] [NNNN] [47] inter lr reduce-scatter
[n47:47:(48) 0.003486] /home/nguyen/ai/allreduce_simulate/SimGrid-3.19/src/smpi/colls/allreduce/allreduce-ntt-binominal-lr.cpp:134: [smpi_colls/WARNING] [NNNN] [47] binomial broadcast intra-communication
[n35:35:(36) 0.003486] /home/nguyen/ai/allreduce_simulate/SimGrid-3.19/src/smpi/colls/allreduce/allreduce-ntt-binominal-lr.cpp:97: [smpi_colls/WARNING] [NNNN] [35] inter lr reduce-scatter
[n35:35:(36) 0.003486] /home/nguyen/ai/allreduce_simulate/SimGrid-3.19/src/smpi/colls/allreduce/allreduce-ntt-binominal-lr.cpp:134: [smpi_colls/WARNING] [NNNN] [35] binomial broadcast intra-communication
[n31:31:(32) 0.003486] /home/nguyen/ai/allreduce_simulate/SimGrid-3.19/src/smpi/colls/allreduce/allreduce-ntt-binominal-lr.cpp:97: [smpi_colls/WARNING] [NNNN] [31] inter lr reduce-scatter
[n31:31:(32) 0.003486] /home/nguyen/ai/allreduce_simulate/SimGrid-3.19/src/smpi/colls/allreduce/allreduce-ntt-binominal-lr.cpp:134: [smpi_colls/WARNING] [NNNN] [31] binomial broadcast intra-communication
[n49:49:(50) 0.003487] /home/nguyen/ai/allreduce_simulate/SimGrid-3.19/src/smpi/colls/allreduce/allreduce-ntt-binominal-lr.cpp:97: [smpi_colls/WARNING] [NNNN] [49] inter lr reduce-scatter
[n49:49:(50) 0.003487] /home/nguyen/ai/allreduce_simulate/SimGrid-3.19/src/smpi/colls/allreduce/allreduce-ntt-binominal-lr.cpp:134: [smpi_colls/WARNING] [NNNN] [49] binomial broadcast intra-communication
[n55:55:(56) 0.003487] /home/nguyen/ai/allreduce_simulate/SimGrid-3.19/src/smpi/colls/allreduce/allreduce-ntt-binominal-lr.cpp:97: [smpi_colls/WARNING] [NNNN] [55] inter lr reduce-scatter
[n55:55:(56) 0.003487] /home/nguyen/ai/allreduce_simulate/SimGrid-3.19/src/smpi/colls/allreduce/allreduce-ntt-binominal-lr.cpp:134: [smpi_colls/WARNING] [NNNN] [55] binomial broadcast intra-communication
[n51:51:(52) 0.003487] /home/nguyen/ai/allreduce_simulate/SimGrid-3.19/src/smpi/colls/allreduce/allreduce-ntt-binominal-lr.cpp:97: [smpi_colls/WARNING] [NNNN] [51] inter lr reduce-scatter
[n51:51:(52) 0.003487] /home/nguyen/ai/allreduce_simulate/SimGrid-3.19/src/smpi/colls/allreduce/allreduce-ntt-binominal-lr.cpp:134: [smpi_colls/WARNING] [NNNN] [51] binomial broadcast intra-communication
[n17:17:(18) 0.003487] /home/nguyen/ai/allreduce_simulate/SimGrid-3.19/src/smpi/colls/allreduce/allreduce-ntt-binominal-lr.cpp:97: [smpi_colls/WARNING] [NNNN] [17] inter lr reduce-scatter
[n17:17:(18) 0.003487] /home/nguyen/ai/allreduce_simulate/SimGrid-3.19/src/smpi/colls/allreduce/allreduce-ntt-binominal-lr.cpp:134: [smpi_colls/WARNING] [NNNN] [17] binomial broadcast intra-communication
[n21:21:(22) 0.003487] /home/nguyen/ai/allreduce_simulate/SimGrid-3.19/src/smpi/colls/allreduce/allreduce-ntt-binominal-lr.cpp:97: [smpi_colls/WARNING] [NNNN] [21] inter lr reduce-scatter
[n21:21:(22) 0.003487] /home/nguyen/ai/allreduce_simulate/SimGrid-3.19/src/smpi/colls/allreduce/allreduce-ntt-binominal-lr.cpp:134: [smpi_colls/WARNING] [NNNN] [21] binomial broadcast intra-communication
[n29:29:(30) 0.003488] /home/nguyen/ai/allreduce_simulate/SimGrid-3.19/src/smpi/colls/allreduce/allreduce-ntt-binominal-lr.cpp:97: [smpi_colls/WARNING] [NNNN] [29] inter lr reduce-scatter
[n29:29:(30) 0.003488] /home/nguyen/ai/allreduce_simulate/SimGrid-3.19/src/smpi/colls/allreduce/allreduce-ntt-binominal-lr.cpp:134: [smpi_colls/WARNING] [NNNN] [29] binomial broadcast intra-communication
[n25:25:(26) 0.003488] /home/nguyen/ai/allreduce_simulate/SimGrid-3.19/src/smpi/colls/allreduce/allreduce-ntt-binominal-lr.cpp:97: [smpi_colls/WARNING] [NNNN] [25] inter lr reduce-scatter
[n25:25:(26) 0.003488] /home/nguyen/ai/allreduce_simulate/SimGrid-3.19/src/smpi/colls/allreduce/allreduce-ntt-binominal-lr.cpp:134: [smpi_colls/WARNING] [NNNN] [25] binomial broadcast intra-communication
[n23:23:(24) 0.003488] /home/nguyen/ai/allreduce_simulate/SimGrid-3.19/src/smpi/colls/allreduce/allreduce-ntt-binominal-lr.cpp:97: [smpi_colls/WARNING] [NNNN] [23] inter lr reduce-scatter
[n23:23:(24) 0.003488] /home/nguyen/ai/allreduce_simulate/SimGrid-3.19/src/smpi/colls/allreduce/allreduce-ntt-binominal-lr.cpp:134: [smpi_colls/WARNING] [NNNN] [23] binomial broadcast intra-communication
[n19:19:(20) 0.003488] /home/nguyen/ai/allreduce_simulate/SimGrid-3.19/src/smpi/colls/allreduce/allreduce-ntt-binominal-lr.cpp:97: [smpi_colls/WARNING] [NNNN] [19] inter lr reduce-scatter
[n19:19:(20) 0.003488] /home/nguyen/ai/allreduce_simulate/SimGrid-3.19/src/smpi/colls/allreduce/allreduce-ntt-binominal-lr.cpp:134: [smpi_colls/WARNING] [NNNN] [19] binomial broadcast intra-communication
[n9:9:(10) 0.003488] /home/nguyen/ai/allreduce_simulate/SimGrid-3.19/src/smpi/colls/allreduce/allreduce-ntt-binominal-lr.cpp:97: [smpi_colls/WARNING] [NNNN] [9] inter lr reduce-scatter
[n9:9:(10) 0.003488] /home/nguyen/ai/allreduce_simulate/SimGrid-3.19/src/smpi/colls/allreduce/allreduce-ntt-binominal-lr.cpp:134: [smpi_colls/WARNING] [NNNN] [9] binomial broadcast intra-communication
[n27:27:(28) 0.003488] /home/nguyen/ai/allreduce_simulate/SimGrid-3.19/src/smpi/colls/allreduce/allreduce-ntt-binominal-lr.cpp:97: [smpi_colls/WARNING] [NNNN] [27] inter lr reduce-scatter
[n27:27:(28) 0.003488] /home/nguyen/ai/allreduce_simulate/SimGrid-3.19/src/smpi/colls/allreduce/allreduce-ntt-binominal-lr.cpp:134: [smpi_colls/WARNING] [NNNN] [27] binomial broadcast intra-communication
[n7:7:(8) 0.003489] /home/nguyen/ai/allreduce_simulate/SimGrid-3.19/src/smpi/colls/allreduce/allreduce-ntt-binominal-lr.cpp:97: [smpi_colls/WARNING] [NNNN] [7] inter lr reduce-scatter
[n7:7:(8) 0.003489] /home/nguyen/ai/allreduce_simulate/SimGrid-3.19/src/smpi/colls/allreduce/allreduce-ntt-binominal-lr.cpp:134: [smpi_colls/WARNING] [NNNN] [7] binomial broadcast intra-communication
[n3:3:(4) 0.003489] /home/nguyen/ai/allreduce_simulate/SimGrid-3.19/src/smpi/colls/allreduce/allreduce-ntt-binominal-lr.cpp:97: [smpi_colls/WARNING] [NNNN] [3] inter lr reduce-scatter
[n3:3:(4) 0.003489] /home/nguyen/ai/allreduce_simulate/SimGrid-3.19/src/smpi/colls/allreduce/allreduce-ntt-binominal-lr.cpp:134: [smpi_colls/WARNING] [NNNN] [3] binomial broadcast intra-communication
[n15:15:(16) 0.003489] /home/nguyen/ai/allreduce_simulate/SimGrid-3.19/src/smpi/colls/allreduce/allreduce-ntt-binominal-lr.cpp:97: [smpi_colls/WARNING] [NNNN] [15] inter lr reduce-scatter
[n15:15:(16) 0.003489] /home/nguyen/ai/allreduce_simulate/SimGrid-3.19/src/smpi/colls/allreduce/allreduce-ntt-binominal-lr.cpp:134: [smpi_colls/WARNING] [NNNN] [15] binomial broadcast intra-communication
[n11:11:(12) 0.003489] /home/nguyen/ai/allreduce_simulate/SimGrid-3.19/src/smpi/colls/allreduce/allreduce-ntt-binominal-lr.cpp:97: [smpi_colls/WARNING] [NNNN] [11] inter lr reduce-scatter
[n11:11:(12) 0.003489] /home/nguyen/ai/allreduce_simulate/SimGrid-3.19/src/smpi/colls/allreduce/allreduce-ntt-binominal-lr.cpp:134: [smpi_colls/WARNING] [NNNN] [11] binomial broadcast intra-communication
[n5:5:(6) 0.003490] /home/nguyen/ai/allreduce_simulate/SimGrid-3.19/src/smpi/colls/allreduce/allreduce-ntt-binominal-lr.cpp:97: [smpi_colls/WARNING] [NNNN] [5] inter lr reduce-scatter
[n5:5:(6) 0.003490] /home/nguyen/ai/allreduce_simulate/SimGrid-3.19/src/smpi/colls/allreduce/allreduce-ntt-binominal-lr.cpp:134: [smpi_colls/WARNING] [NNNN] [5] binomial broadcast intra-communication
[n13:13:(14) 0.003490] /home/nguyen/ai/allreduce_simulate/SimGrid-3.19/src/smpi/colls/allreduce/allreduce-ntt-binominal-lr.cpp:97: [smpi_colls/WARNING] [NNNN] [13] inter lr reduce-scatter
[n13:13:(14) 0.003490] /home/nguyen/ai/allreduce_simulate/SimGrid-3.19/src/smpi/colls/allreduce/allreduce-ntt-binominal-lr.cpp:134: [smpi_colls/WARNING] [NNNN] [13] binomial broadcast intra-communication
[n63:63:(64) 0.003492] /home/nguyen/ai/allreduce_simulate/SimGrid-3.19/src/smpi/colls/allreduce/allreduce-ntt-binominal-lr.cpp:97: [smpi_colls/WARNING] [NNNN] [63] inter lr reduce-scatter
[n63:63:(64) 0.003492] /home/nguyen/ai/allreduce_simulate/SimGrid-3.19/src/smpi/colls/allreduce/allreduce-ntt-binominal-lr.cpp:134: [smpi_colls/WARNING] [NNNN] [63] binomial broadcast intra-communication
[n1:1:(2) 0.004065] /home/nguyen/ai/allreduce_simulate/SimGrid-3.19/src/smpi/colls/allreduce/allreduce-ntt-binominal-lr.cpp:97: [smpi_colls/WARNING] [NNNN] [1] inter lr reduce-scatter
[n1:1:(2) 0.004065] /home/nguyen/ai/allreduce_simulate/SimGrid-3.19/src/smpi/colls/allreduce/allreduce-ntt-binominal-lr.cpp:134: [smpi_colls/WARNING] [NNNN] [1] binomial broadcast intra-communication
[n36:36:(37) 0.004935] /home/nguyen/ai/allreduce_simulate/SimGrid-3.19/src/smpi/colls/allreduce/allreduce-ntt-binominal-lr.cpp:97: [smpi_colls/WARNING] [NNNN] [36] inter lr reduce-scatter
[n38:38:(39) 0.004935] /home/nguyen/ai/allreduce_simulate/SimGrid-3.19/src/smpi/colls/allreduce/allreduce-ntt-binominal-lr.cpp:97: [smpi_colls/WARNING] [NNNN] [38] inter lr reduce-scatter
[n38:38:(39) 0.004935] /home/nguyen/ai/allreduce_simulate/SimGrid-3.19/src/smpi/colls/allreduce/allreduce-ntt-binominal-lr.cpp:134: [smpi_colls/WARNING] [NNNN] [38] binomial broadcast intra-communication
[n40:40:(41) 0.004939] /home/nguyen/ai/allreduce_simulate/SimGrid-3.19/src/smpi/colls/allreduce/allreduce-ntt-binominal-lr.cpp:97: [smpi_colls/WARNING] [NNNN] [40] inter lr reduce-scatter
[n42:42:(43) 0.004939] /home/nguyen/ai/allreduce_simulate/SimGrid-3.19/src/smpi/colls/allreduce/allreduce-ntt-binominal-lr.cpp:97: [smpi_colls/WARNING] [NNNN] [42] inter lr reduce-scatter
[n42:42:(43) 0.004939] /home/nguyen/ai/allreduce_simulate/SimGrid-3.19/src/smpi/colls/allreduce/allreduce-ntt-binominal-lr.cpp:134: [smpi_colls/WARNING] [NNNN] [42] binomial broadcast intra-communication
[n56:56:(57) 0.004939] /home/nguyen/ai/allreduce_simulate/SimGrid-3.19/src/smpi/colls/allreduce/allreduce-ntt-binominal-lr.cpp:97: [smpi_colls/WARNING] [NNNN] [56] inter lr reduce-scatter
[n58:58:(59) 0.004939] /home/nguyen/ai/allreduce_simulate/SimGrid-3.19/src/smpi/colls/allreduce/allreduce-ntt-binominal-lr.cpp:97: [smpi_colls/WARNING] [NNNN] [58] inter lr reduce-scatter
[n58:58:(59) 0.004939] /home/nguyen/ai/allreduce_simulate/SimGrid-3.19/src/smpi/colls/allreduce/allreduce-ntt-binominal-lr.cpp:134: [smpi_colls/WARNING] [NNNN] [58] binomial broadcast intra-communication
[n44:44:(45) 0.004939] /home/nguyen/ai/allreduce_simulate/SimGrid-3.19/src/smpi/colls/allreduce/allreduce-ntt-binominal-lr.cpp:97: [smpi_colls/WARNING] [NNNN] [44] inter lr reduce-scatter
[n46:46:(47) 0.004939] /home/nguyen/ai/allreduce_simulate/SimGrid-3.19/src/smpi/colls/allreduce/allreduce-ntt-binominal-lr.cpp:97: [smpi_colls/WARNING] [NNNN] [46] inter lr reduce-scatter
[n46:46:(47) 0.004939] /home/nguyen/ai/allreduce_simulate/SimGrid-3.19/src/smpi/colls/allreduce/allreduce-ntt-binominal-lr.cpp:134: [smpi_colls/WARNING] [NNNN] [46] binomial broadcast intra-communication
[n32:32:(33) 0.004939] /home/nguyen/ai/allreduce_simulate/SimGrid-3.19/src/smpi/colls/allreduce/allreduce-ntt-binominal-lr.cpp:97: [smpi_colls/WARNING] [NNNN] [32] inter lr reduce-scatter
[n34:34:(35) 0.004939] /home/nguyen/ai/allreduce_simulate/SimGrid-3.19/src/smpi/colls/allreduce/allreduce-ntt-binominal-lr.cpp:97: [smpi_colls/WARNING] [NNNN] [34] inter lr reduce-scatter
[n34:34:(35) 0.004939] /home/nguyen/ai/allreduce_simulate/SimGrid-3.19/src/smpi/colls/allreduce/allreduce-ntt-binominal-lr.cpp:134: [smpi_colls/WARNING] [NNNN] [34] binomial broadcast intra-communication
[n52:52:(53) 0.004940] /home/nguyen/ai/allreduce_simulate/SimGrid-3.19/src/smpi/colls/allreduce/allreduce-ntt-binominal-lr.cpp:97: [smpi_colls/WARNING] [NNNN] [52] inter lr reduce-scatter
[n54:54:(55) 0.004940] /home/nguyen/ai/allreduce_simulate/SimGrid-3.19/src/smpi/colls/allreduce/allreduce-ntt-binominal-lr.cpp:97: [smpi_colls/WARNING] [NNNN] [54] inter lr reduce-scatter
[n54:54:(55) 0.004940] /home/nguyen/ai/allreduce_simulate/SimGrid-3.19/src/smpi/colls/allreduce/allreduce-ntt-binominal-lr.cpp:134: [smpi_colls/WARNING] [NNNN] [54] binomial broadcast intra-communication
[n48:48:(49) 0.004940] /home/nguyen/ai/allreduce_simulate/SimGrid-3.19/src/smpi/colls/allreduce/allreduce-ntt-binominal-lr.cpp:97: [smpi_colls/WARNING] [NNNN] [48] inter lr reduce-scatter
[n50:50:(51) 0.004940] /home/nguyen/ai/allreduce_simulate/SimGrid-3.19/src/smpi/colls/allreduce/allreduce-ntt-binominal-lr.cpp:97: [smpi_colls/WARNING] [NNNN] [50] inter lr reduce-scatter
[n50:50:(51) 0.004940] /home/nguyen/ai/allreduce_simulate/SimGrid-3.19/src/smpi/colls/allreduce/allreduce-ntt-binominal-lr.cpp:134: [smpi_colls/WARNING] [NNNN] [50] binomial broadcast intra-communication
[n30:30:(31) 0.004940] /home/nguyen/ai/allreduce_simulate/SimGrid-3.19/src/smpi/colls/allreduce/allreduce-ntt-binominal-lr.cpp:97: [smpi_colls/WARNING] [NNNN] [30] inter lr reduce-scatter
[n30:30:(31) 0.004940] /home/nguyen/ai/allreduce_simulate/SimGrid-3.19/src/smpi/colls/allreduce/allreduce-ntt-binominal-lr.cpp:134: [smpi_colls/WARNING] [NNNN] [30] binomial broadcast intra-communication
[n28:28:(29) 0.004940] /home/nguyen/ai/allreduce_simulate/SimGrid-3.19/src/smpi/colls/allreduce/allreduce-ntt-binominal-lr.cpp:97: [smpi_colls/WARNING] [NNNN] [28] inter lr reduce-scatter
[n20:20:(21) 0.004941] /home/nguyen/ai/allreduce_simulate/SimGrid-3.19/src/smpi/colls/allreduce/allreduce-ntt-binominal-lr.cpp:97: [smpi_colls/WARNING] [NNNN] [20] inter lr reduce-scatter
[n22:22:(23) 0.004941] /home/nguyen/ai/allreduce_simulate/SimGrid-3.19/src/smpi/colls/allreduce/allreduce-ntt-binominal-lr.cpp:97: [smpi_colls/WARNING] [NNNN] [22] inter lr reduce-scatter
[n22:22:(23) 0.004941] /home/nguyen/ai/allreduce_simulate/SimGrid-3.19/src/smpi/colls/allreduce/allreduce-ntt-binominal-lr.cpp:134: [smpi_colls/WARNING] [NNNN] [22] binomial broadcast intra-communication
[n16:16:(17) 0.004941] /home/nguyen/ai/allreduce_simulate/SimGrid-3.19/src/smpi/colls/allreduce/allreduce-ntt-binominal-lr.cpp:97: [smpi_colls/WARNING] [NNNN] [16] inter lr reduce-scatter
[n18:18:(19) 0.004941] /home/nguyen/ai/allreduce_simulate/SimGrid-3.19/src/smpi/colls/allreduce/allreduce-ntt-binominal-lr.cpp:97: [smpi_colls/WARNING] [NNNN] [18] inter lr reduce-scatter
[n18:18:(19) 0.004941] /home/nguyen/ai/allreduce_simulate/SimGrid-3.19/src/smpi/colls/allreduce/allreduce-ntt-binominal-lr.cpp:134: [smpi_colls/WARNING] [NNNN] [18] binomial broadcast intra-communication
[n24:24:(25) 0.004941] /home/nguyen/ai/allreduce_simulate/SimGrid-3.19/src/smpi/colls/allreduce/allreduce-ntt-binominal-lr.cpp:97: [smpi_colls/WARNING] [NNNN] [24] inter lr reduce-scatter
[n26:26:(27) 0.004941] /home/nguyen/ai/allreduce_simulate/SimGrid-3.19/src/smpi/colls/allreduce/allreduce-ntt-binominal-lr.cpp:97: [smpi_colls/WARNING] [NNNN] [26] inter lr reduce-scatter
[n26:26:(27) 0.004941] /home/nguyen/ai/allreduce_simulate/SimGrid-3.19/src/smpi/colls/allreduce/allreduce-ntt-binominal-lr.cpp:134: [smpi_colls/WARNING] [NNNN] [26] binomial broadcast intra-communication
[n8:8:(9) 0.004942] /home/nguyen/ai/allreduce_simulate/SimGrid-3.19/src/smpi/colls/allreduce/allreduce-ntt-binominal-lr.cpp:97: [smpi_colls/WARNING] [NNNN] [8] inter lr reduce-scatter
[n10:10:(11) 0.004942] /home/nguyen/ai/allreduce_simulate/SimGrid-3.19/src/smpi/colls/allreduce/allreduce-ntt-binominal-lr.cpp:97: [smpi_colls/WARNING] [NNNN] [10] inter lr reduce-scatter
[n10:10:(11) 0.004942] /home/nguyen/ai/allreduce_simulate/SimGrid-3.19/src/smpi/colls/allreduce/allreduce-ntt-binominal-lr.cpp:134: [smpi_colls/WARNING] [NNNN] [10] binomial broadcast intra-communication
[n6:6:(7) 0.004942] /home/nguyen/ai/allreduce_simulate/SimGrid-3.19/src/smpi/colls/allreduce/allreduce-ntt-binominal-lr.cpp:97: [smpi_colls/WARNING] [NNNN] [6] inter lr reduce-scatter
[n6:6:(7) 0.004942] /home/nguyen/ai/allreduce_simulate/SimGrid-3.19/src/smpi/colls/allreduce/allreduce-ntt-binominal-lr.cpp:134: [smpi_colls/WARNING] [NNNN] [6] binomial broadcast intra-communication
[n4:4:(5) 0.004942] /home/nguyen/ai/allreduce_simulate/SimGrid-3.19/src/smpi/colls/allreduce/allreduce-ntt-binominal-lr.cpp:97: [smpi_colls/WARNING] [NNNN] [4] inter lr reduce-scatter
[n14:14:(15) 0.004943] /home/nguyen/ai/allreduce_simulate/SimGrid-3.19/src/smpi/colls/allreduce/allreduce-ntt-binominal-lr.cpp:97: [smpi_colls/WARNING] [NNNN] [14] inter lr reduce-scatter
[n14:14:(15) 0.004943] /home/nguyen/ai/allreduce_simulate/SimGrid-3.19/src/smpi/colls/allreduce/allreduce-ntt-binominal-lr.cpp:134: [smpi_colls/WARNING] [NNNN] [14] binomial broadcast intra-communication
[n12:12:(13) 0.004943] /home/nguyen/ai/allreduce_simulate/SimGrid-3.19/src/smpi/colls/allreduce/allreduce-ntt-binominal-lr.cpp:97: [smpi_colls/WARNING] [NNNN] [12] inter lr reduce-scatter
[n60:60:(61) 0.004944] /home/nguyen/ai/allreduce_simulate/SimGrid-3.19/src/smpi/colls/allreduce/allreduce-ntt-binominal-lr.cpp:97: [smpi_colls/WARNING] [NNNN] [60] inter lr reduce-scatter
[n62:62:(63) 0.004944] /home/nguyen/ai/allreduce_simulate/SimGrid-3.19/src/smpi/colls/allreduce/allreduce-ntt-binominal-lr.cpp:97: [smpi_colls/WARNING] [NNNN] [62] inter lr reduce-scatter
[n62:62:(63) 0.004944] /home/nguyen/ai/allreduce_simulate/SimGrid-3.19/src/smpi/colls/allreduce/allreduce-ntt-binominal-lr.cpp:134: [smpi_colls/WARNING] [NNNN] [62] binomial broadcast intra-communication
[n2:2:(3) 0.005518] /home/nguyen/ai/allreduce_simulate/SimGrid-3.19/src/smpi/colls/allreduce/allreduce-ntt-binominal-lr.cpp:97: [smpi_colls/WARNING] [NNNN] [2] inter lr reduce-scatter
[n2:2:(3) 0.005518] /home/nguyen/ai/allreduce_simulate/SimGrid-3.19/src/smpi/colls/allreduce/allreduce-ntt-binominal-lr.cpp:134: [smpi_colls/WARNING] [NNNN] [2] binomial broadcast intra-communication
[n0:0:(1) 0.005518] /home/nguyen/ai/allreduce_simulate/SimGrid-3.19/src/smpi/colls/allreduce/allreduce-ntt-binominal-lr.cpp:97: [smpi_colls/WARNING] [NNNN] [0] inter lr reduce-scatter
[n28:28:(29) 0.027417] /home/nguyen/ai/allreduce_simulate/SimGrid-3.19/src/smpi/colls/allreduce/allreduce-ntt-binominal-lr.cpp:121: [smpi_colls/WARNING] [NNNN] [28] inter lr allgather
[n32:32:(33) 0.027418] /home/nguyen/ai/allreduce_simulate/SimGrid-3.19/src/smpi/colls/allreduce/allreduce-ntt-binominal-lr.cpp:121: [smpi_colls/WARNING] [NNNN] [32] inter lr allgather
[n36:36:(37) 0.027418] /home/nguyen/ai/allreduce_simulate/SimGrid-3.19/src/smpi/colls/allreduce/allreduce-ntt-binominal-lr.cpp:121: [smpi_colls/WARNING] [NNNN] [36] inter lr allgather
[n24:24:(25) 0.027418] /home/nguyen/ai/allreduce_simulate/SimGrid-3.19/src/smpi/colls/allreduce/allreduce-ntt-binominal-lr.cpp:121: [smpi_colls/WARNING] [NNNN] [24] inter lr allgather
[n20:20:(21) 0.027420] /home/nguyen/ai/allreduce_simulate/SimGrid-3.19/src/smpi/colls/allreduce/allreduce-ntt-binominal-lr.cpp:121: [smpi_colls/WARNING] [NNNN] [20] inter lr allgather
[n40:40:(41) 0.027420] /home/nguyen/ai/allreduce_simulate/SimGrid-3.19/src/smpi/colls/allreduce/allreduce-ntt-binominal-lr.cpp:121: [smpi_colls/WARNING] [NNNN] [40] inter lr allgather
[n16:16:(17) 0.027421] /home/nguyen/ai/allreduce_simulate/SimGrid-3.19/src/smpi/colls/allreduce/allreduce-ntt-binominal-lr.cpp:121: [smpi_colls/WARNING] [NNNN] [16] inter lr allgather
[n44:44:(45) 0.027421] /home/nguyen/ai/allreduce_simulate/SimGrid-3.19/src/smpi/colls/allreduce/allreduce-ntt-binominal-lr.cpp:121: [smpi_colls/WARNING] [NNNN] [44] inter lr allgather
[n12:12:(13) 0.027423] /home/nguyen/ai/allreduce_simulate/SimGrid-3.19/src/smpi/colls/allreduce/allreduce-ntt-binominal-lr.cpp:121: [smpi_colls/WARNING] [NNNN] [12] inter lr allgather
[n48:48:(49) 0.027423] /home/nguyen/ai/allreduce_simulate/SimGrid-3.19/src/smpi/colls/allreduce/allreduce-ntt-binominal-lr.cpp:121: [smpi_colls/WARNING] [NNNN] [48] inter lr allgather
[n8:8:(9) 0.027424] /home/nguyen/ai/allreduce_simulate/SimGrid-3.19/src/smpi/colls/allreduce/allreduce-ntt-binominal-lr.cpp:121: [smpi_colls/WARNING] [NNNN] [8] inter lr allgather
[n52:52:(53) 0.027424] /home/nguyen/ai/allreduce_simulate/SimGrid-3.19/src/smpi/colls/allreduce/allreduce-ntt-binominal-lr.cpp:121: [smpi_colls/WARNING] [NNNN] [52] inter lr allgather
[n4:4:(5) 0.027425] /home/nguyen/ai/allreduce_simulate/SimGrid-3.19/src/smpi/colls/allreduce/allreduce-ntt-binominal-lr.cpp:121: [smpi_colls/WARNING] [NNNN] [4] inter lr allgather
[n56:56:(57) 0.027425] /home/nguyen/ai/allreduce_simulate/SimGrid-3.19/src/smpi/colls/allreduce/allreduce-ntt-binominal-lr.cpp:121: [smpi_colls/WARNING] [NNNN] [56] inter lr allgather
[n0:0:(1) 0.027427] /home/nguyen/ai/allreduce_simulate/SimGrid-3.19/src/smpi/colls/allreduce/allreduce-ntt-binominal-lr.cpp:121: [smpi_colls/WARNING] [NNNN] [0] inter lr allgather
[n60:60:(61) 0.027427] /home/nguyen/ai/allreduce_simulate/SimGrid-3.19/src/smpi/colls/allreduce/allreduce-ntt-binominal-lr.cpp:121: [smpi_colls/WARNING] [NNNN] [60] inter lr allgather
[n28:28:(29) 0.049311] /home/nguyen/ai/allreduce_simulate/SimGrid-3.19/src/smpi/colls/allreduce/allreduce-ntt-binominal-lr.cpp:134: [smpi_colls/WARNING] [NNNN] [28] binomial broadcast intra-communication
[n36:36:(37) 0.049312] /home/nguyen/ai/allreduce_simulate/SimGrid-3.19/src/smpi/colls/allreduce/allreduce-ntt-binominal-lr.cpp:134: [smpi_colls/WARNING] [NNNN] [36] binomial broadcast intra-communication
[n32:32:(33) 0.049312] /home/nguyen/ai/allreduce_simulate/SimGrid-3.19/src/smpi/colls/allreduce/allreduce-ntt-binominal-lr.cpp:134: [smpi_colls/WARNING] [NNNN] [32] binomial broadcast intra-communication
[n24:24:(25) 0.049312] /home/nguyen/ai/allreduce_simulate/SimGrid-3.19/src/smpi/colls/allreduce/allreduce-ntt-binominal-lr.cpp:134: [smpi_colls/WARNING] [NNNN] [24] binomial broadcast intra-communication
[n20:20:(21) 0.049314] /home/nguyen/ai/allreduce_simulate/SimGrid-3.19/src/smpi/colls/allreduce/allreduce-ntt-binominal-lr.cpp:134: [smpi_colls/WARNING] [NNNN] [20] binomial broadcast intra-communication
[n40:40:(41) 0.049314] /home/nguyen/ai/allreduce_simulate/SimGrid-3.19/src/smpi/colls/allreduce/allreduce-ntt-binominal-lr.cpp:134: [smpi_colls/WARNING] [NNNN] [40] binomial broadcast intra-communication
[n16:16:(17) 0.049315] /home/nguyen/ai/allreduce_simulate/SimGrid-3.19/src/smpi/colls/allreduce/allreduce-ntt-binominal-lr.cpp:134: [smpi_colls/WARNING] [NNNN] [16] binomial broadcast intra-communication
[n44:44:(45) 0.049315] /home/nguyen/ai/allreduce_simulate/SimGrid-3.19/src/smpi/colls/allreduce/allreduce-ntt-binominal-lr.cpp:134: [smpi_colls/WARNING] [NNNN] [44] binomial broadcast intra-communication
[n12:12:(13) 0.049317] /home/nguyen/ai/allreduce_simulate/SimGrid-3.19/src/smpi/colls/allreduce/allreduce-ntt-binominal-lr.cpp:134: [smpi_colls/WARNING] [NNNN] [12] binomial broadcast intra-communication
[n48:48:(49) 0.049317] /home/nguyen/ai/allreduce_simulate/SimGrid-3.19/src/smpi/colls/allreduce/allreduce-ntt-binominal-lr.cpp:134: [smpi_colls/WARNING] [NNNN] [48] binomial broadcast intra-communication
[n8:8:(9) 0.049318] /home/nguyen/ai/allreduce_simulate/SimGrid-3.19/src/smpi/colls/allreduce/allreduce-ntt-binominal-lr.cpp:134: [smpi_colls/WARNING] [NNNN] [8] binomial broadcast intra-communication
[n52:52:(53) 0.049318] /home/nguyen/ai/allreduce_simulate/SimGrid-3.19/src/smpi/colls/allreduce/allreduce-ntt-binominal-lr.cpp:134: [smpi_colls/WARNING] [NNNN] [52] binomial broadcast intra-communication
[n4:4:(5) 0.049319] /home/nguyen/ai/allreduce_simulate/SimGrid-3.19/src/smpi/colls/allreduce/allreduce-ntt-binominal-lr.cpp:134: [smpi_colls/WARNING] [NNNN] [4] binomial broadcast intra-communication
[n56:56:(57) 0.049319] /home/nguyen/ai/allreduce_simulate/SimGrid-3.19/src/smpi/colls/allreduce/allreduce-ntt-binominal-lr.cpp:134: [smpi_colls/WARNING] [NNNN] [56] binomial broadcast intra-communication
[n0:0:(1) 0.049321] /home/nguyen/ai/allreduce_simulate/SimGrid-3.19/src/smpi/colls/allreduce/allreduce-ntt-binominal-lr.cpp:134: [smpi_colls/WARNING] [NNNN] [0] binomial broadcast intra-communication
[n60:60:(61) 0.049321] /home/nguyen/ai/allreduce_simulate/SimGrid-3.19/src/smpi/colls/allreduce/allreduce-ntt-binominal-lr.cpp:134: [smpi_colls/WARNING] [NNNN] [60] binomial broadcast intra-communication
[n31:31:(32) 0.053669] /home/nguyen/ai/allreduce_simulate/SimGrid-3.19/src/smpi/colls/allreduce/allreduce-ntt-binominal-lr.cpp:161: [smpi_colls/WARNING] [NNNN] [31] Finish algorithm
[n30:30:(31) 0.053669] /home/nguyen/ai/allreduce_simulate/SimGrid-3.19/src/smpi/colls/allreduce/allreduce-ntt-binominal-lr.cpp:161: [smpi_colls/WARNING] [NNNN] [30] Finish algorithm
[n29:29:(30) 0.053669] /home/nguyen/ai/allreduce_simulate/SimGrid-3.19/src/smpi/colls/allreduce/allreduce-ntt-binominal-lr.cpp:161: [smpi_colls/WARNING] [NNNN] [29] Finish algorithm
[n28:28:(29) 0.053669] /home/nguyen/ai/allreduce_simulate/SimGrid-3.19/src/smpi/colls/allreduce/allreduce-ntt-binominal-lr.cpp:161: [smpi_colls/WARNING] [NNNN] [28] Finish algorithm
[n39:39:(40) 0.053671] /home/nguyen/ai/allreduce_simulate/SimGrid-3.19/src/smpi/colls/allreduce/allreduce-ntt-binominal-lr.cpp:161: [smpi_colls/WARNING] [NNNN] [39] Finish algorithm
[n38:38:(39) 0.053671] /home/nguyen/ai/allreduce_simulate/SimGrid-3.19/src/smpi/colls/allreduce/allreduce-ntt-binominal-lr.cpp:161: [smpi_colls/WARNING] [NNNN] [38] Finish algorithm
[n37:37:(38) 0.053671] /home/nguyen/ai/allreduce_simulate/SimGrid-3.19/src/smpi/colls/allreduce/allreduce-ntt-binominal-lr.cpp:161: [smpi_colls/WARNING] [NNNN] [37] Finish algorithm
[n36:36:(37) 0.053671] /home/nguyen/ai/allreduce_simulate/SimGrid-3.19/src/smpi/colls/allreduce/allreduce-ntt-binominal-lr.cpp:161: [smpi_colls/WARNING] [NNNN] [36] Finish algorithm
[n35:35:(36) 0.053671] /home/nguyen/ai/allreduce_simulate/SimGrid-3.19/src/smpi/colls/allreduce/allreduce-ntt-binominal-lr.cpp:161: [smpi_colls/WARNING] [NNNN] [35] Finish algorithm
[n34:34:(35) 0.053671] /home/nguyen/ai/allreduce_simulate/SimGrid-3.19/src/smpi/colls/allreduce/allreduce-ntt-binominal-lr.cpp:161: [smpi_colls/WARNING] [NNNN] [34] Finish algorithm
[n33:33:(34) 0.053671] /home/nguyen/ai/allreduce_simulate/SimGrid-3.19/src/smpi/colls/allreduce/allreduce-ntt-binominal-lr.cpp:161: [smpi_colls/WARNING] [NNNN] [33] Finish algorithm
[n32:32:(33) 0.053671] /home/nguyen/ai/allreduce_simulate/SimGrid-3.19/src/smpi/colls/allreduce/allreduce-ntt-binominal-lr.cpp:161: [smpi_colls/WARNING] [NNNN] [32] Finish algorithm
[n27:27:(28) 0.053671] /home/nguyen/ai/allreduce_simulate/SimGrid-3.19/src/smpi/colls/allreduce/allreduce-ntt-binominal-lr.cpp:161: [smpi_colls/WARNING] [NNNN] [27] Finish algorithm
[n26:26:(27) 0.053671] /home/nguyen/ai/allreduce_simulate/SimGrid-3.19/src/smpi/colls/allreduce/allreduce-ntt-binominal-lr.cpp:161: [smpi_colls/WARNING] [NNNN] [26] Finish algorithm
[n25:25:(26) 0.053671] /home/nguyen/ai/allreduce_simulate/SimGrid-3.19/src/smpi/colls/allreduce/allreduce-ntt-binominal-lr.cpp:161: [smpi_colls/WARNING] [NNNN] [25] Finish algorithm
[n24:24:(25) 0.053671] /home/nguyen/ai/allreduce_simulate/SimGrid-3.19/src/smpi/colls/allreduce/allreduce-ntt-binominal-lr.cpp:161: [smpi_colls/WARNING] [NNNN] [24] Finish algorithm
[n23:23:(24) 0.053672] /home/nguyen/ai/allreduce_simulate/SimGrid-3.19/src/smpi/colls/allreduce/allreduce-ntt-binominal-lr.cpp:161: [smpi_colls/WARNING] [NNNN] [23] Finish algorithm
[n22:22:(23) 0.053672] /home/nguyen/ai/allreduce_simulate/SimGrid-3.19/src/smpi/colls/allreduce/allreduce-ntt-binominal-lr.cpp:161: [smpi_colls/WARNING] [NNNN] [22] Finish algorithm
[n21:21:(22) 0.053672] /home/nguyen/ai/allreduce_simulate/SimGrid-3.19/src/smpi/colls/allreduce/allreduce-ntt-binominal-lr.cpp:161: [smpi_colls/WARNING] [NNNN] [21] Finish algorithm
[n20:20:(21) 0.053672] /home/nguyen/ai/allreduce_simulate/SimGrid-3.19/src/smpi/colls/allreduce/allreduce-ntt-binominal-lr.cpp:161: [smpi_colls/WARNING] [NNNN] [20] Finish algorithm
[n43:43:(44) 0.053672] /home/nguyen/ai/allreduce_simulate/SimGrid-3.19/src/smpi/colls/allreduce/allreduce-ntt-binominal-lr.cpp:161: [smpi_colls/WARNING] [NNNN] [43] Finish algorithm
[n42:42:(43) 0.053672] /home/nguyen/ai/allreduce_simulate/SimGrid-3.19/src/smpi/colls/allreduce/allreduce-ntt-binominal-lr.cpp:161: [smpi_colls/WARNING] [NNNN] [42] Finish algorithm
[n41:41:(42) 0.053672] /home/nguyen/ai/allreduce_simulate/SimGrid-3.19/src/smpi/colls/allreduce/allreduce-ntt-binominal-lr.cpp:161: [smpi_colls/WARNING] [NNNN] [41] Finish algorithm
[n40:40:(41) 0.053672] /home/nguyen/ai/allreduce_simulate/SimGrid-3.19/src/smpi/colls/allreduce/allreduce-ntt-binominal-lr.cpp:161: [smpi_colls/WARNING] [NNNN] [40] Finish algorithm
[n19:19:(20) 0.053674] /home/nguyen/ai/allreduce_simulate/SimGrid-3.19/src/smpi/colls/allreduce/allreduce-ntt-binominal-lr.cpp:161: [smpi_colls/WARNING] [NNNN] [19] Finish algorithm
[n18:18:(19) 0.053674] /home/nguyen/ai/allreduce_simulate/SimGrid-3.19/src/smpi/colls/allreduce/allreduce-ntt-binominal-lr.cpp:161: [smpi_colls/WARNING] [NNNN] [18] Finish algorithm
[n17:17:(18) 0.053674] /home/nguyen/ai/allreduce_simulate/SimGrid-3.19/src/smpi/colls/allreduce/allreduce-ntt-binominal-lr.cpp:161: [smpi_colls/WARNING] [NNNN] [17] Finish algorithm
[n16:16:(17) 0.053674] /home/nguyen/ai/allreduce_simulate/SimGrid-3.19/src/smpi/colls/allreduce/allreduce-ntt-binominal-lr.cpp:161: [smpi_colls/WARNING] [NNNN] [16] Finish algorithm
[n47:47:(48) 0.053674] /home/nguyen/ai/allreduce_simulate/SimGrid-3.19/src/smpi/colls/allreduce/allreduce-ntt-binominal-lr.cpp:161: [smpi_colls/WARNING] [NNNN] [47] Finish algorithm
[n46:46:(47) 0.053674] /home/nguyen/ai/allreduce_simulate/SimGrid-3.19/src/smpi/colls/allreduce/allreduce-ntt-binominal-lr.cpp:161: [smpi_colls/WARNING] [NNNN] [46] Finish algorithm
[n45:45:(46) 0.053674] /home/nguyen/ai/allreduce_simulate/SimGrid-3.19/src/smpi/colls/allreduce/allreduce-ntt-binominal-lr.cpp:161: [smpi_colls/WARNING] [NNNN] [45] Finish algorithm
[n44:44:(45) 0.053674] /home/nguyen/ai/allreduce_simulate/SimGrid-3.19/src/smpi/colls/allreduce/allreduce-ntt-binominal-lr.cpp:161: [smpi_colls/WARNING] [NNNN] [44] Finish algorithm
[n15:15:(16) 0.053675] /home/nguyen/ai/allreduce_simulate/SimGrid-3.19/src/smpi/colls/allreduce/allreduce-ntt-binominal-lr.cpp:161: [smpi_colls/WARNING] [NNNN] [15] Finish algorithm
[n14:14:(15) 0.053675] /home/nguyen/ai/allreduce_simulate/SimGrid-3.19/src/smpi/colls/allreduce/allreduce-ntt-binominal-lr.cpp:161: [smpi_colls/WARNING] [NNNN] [14] Finish algorithm
[n13:13:(14) 0.053675] /home/nguyen/ai/allreduce_simulate/SimGrid-3.19/src/smpi/colls/allreduce/allreduce-ntt-binominal-lr.cpp:161: [smpi_colls/WARNING] [NNNN] [13] Finish algorithm
[n12:12:(13) 0.053675] /home/nguyen/ai/allreduce_simulate/SimGrid-3.19/src/smpi/colls/allreduce/allreduce-ntt-binominal-lr.cpp:161: [smpi_colls/WARNING] [NNNN] [12] Finish algorithm
[n51:51:(52) 0.053675] /home/nguyen/ai/allreduce_simulate/SimGrid-3.19/src/smpi/colls/allreduce/allreduce-ntt-binominal-lr.cpp:161: [smpi_colls/WARNING] [NNNN] [51] Finish algorithm
[n50:50:(51) 0.053675] /home/nguyen/ai/allreduce_simulate/SimGrid-3.19/src/smpi/colls/allreduce/allreduce-ntt-binominal-lr.cpp:161: [smpi_colls/WARNING] [NNNN] [50] Finish algorithm
[n49:49:(50) 0.053675] /home/nguyen/ai/allreduce_simulate/SimGrid-3.19/src/smpi/colls/allreduce/allreduce-ntt-binominal-lr.cpp:161: [smpi_colls/WARNING] [NNNN] [49] Finish algorithm
[n48:48:(49) 0.053675] /home/nguyen/ai/allreduce_simulate/SimGrid-3.19/src/smpi/colls/allreduce/allreduce-ntt-binominal-lr.cpp:161: [smpi_colls/WARNING] [NNNN] [48] Finish algorithm
[n11:11:(12) 0.053677] /home/nguyen/ai/allreduce_simulate/SimGrid-3.19/src/smpi/colls/allreduce/allreduce-ntt-binominal-lr.cpp:161: [smpi_colls/WARNING] [NNNN] [11] Finish algorithm
[n10:10:(11) 0.053677] /home/nguyen/ai/allreduce_simulate/SimGrid-3.19/src/smpi/colls/allreduce/allreduce-ntt-binominal-lr.cpp:161: [smpi_colls/WARNING] [NNNN] [10] Finish algorithm
[n9:9:(10) 0.053677] /home/nguyen/ai/allreduce_simulate/SimGrid-3.19/src/smpi/colls/allreduce/allreduce-ntt-binominal-lr.cpp:161: [smpi_colls/WARNING] [NNNN] [9] Finish algorithm
[n8:8:(9) 0.053677] /home/nguyen/ai/allreduce_simulate/SimGrid-3.19/src/smpi/colls/allreduce/allreduce-ntt-binominal-lr.cpp:161: [smpi_colls/WARNING] [NNNN] [8] Finish algorithm
[n55:55:(56) 0.053677] /home/nguyen/ai/allreduce_simulate/SimGrid-3.19/src/smpi/colls/allreduce/allreduce-ntt-binominal-lr.cpp:161: [smpi_colls/WARNING] [NNNN] [55] Finish algorithm
[n54:54:(55) 0.053677] /home/nguyen/ai/allreduce_simulate/SimGrid-3.19/src/smpi/colls/allreduce/allreduce-ntt-binominal-lr.cpp:161: [smpi_colls/WARNING] [NNNN] [54] Finish algorithm
[n53:53:(54) 0.053677] /home/nguyen/ai/allreduce_simulate/SimGrid-3.19/src/smpi/colls/allreduce/allreduce-ntt-binominal-lr.cpp:161: [smpi_colls/WARNING] [NNNN] [53] Finish algorithm
[n52:52:(53) 0.053677] /home/nguyen/ai/allreduce_simulate/SimGrid-3.19/src/smpi/colls/allreduce/allreduce-ntt-binominal-lr.cpp:161: [smpi_colls/WARNING] [NNNN] [52] Finish algorithm
[n7:7:(8) 0.053678] /home/nguyen/ai/allreduce_simulate/SimGrid-3.19/src/smpi/colls/allreduce/allreduce-ntt-binominal-lr.cpp:161: [smpi_colls/WARNING] [NNNN] [7] Finish algorithm
[n6:6:(7) 0.053678] /home/nguyen/ai/allreduce_simulate/SimGrid-3.19/src/smpi/colls/allreduce/allreduce-ntt-binominal-lr.cpp:161: [smpi_colls/WARNING] [NNNN] [6] Finish algorithm
[n5:5:(6) 0.053678] /home/nguyen/ai/allreduce_simulate/SimGrid-3.19/src/smpi/colls/allreduce/allreduce-ntt-binominal-lr.cpp:161: [smpi_colls/WARNING] [NNNN] [5] Finish algorithm
[n4:4:(5) 0.053678] /home/nguyen/ai/allreduce_simulate/SimGrid-3.19/src/smpi/colls/allreduce/allreduce-ntt-binominal-lr.cpp:161: [smpi_colls/WARNING] [NNNN] [4] Finish algorithm
[n59:59:(60) 0.053678] /home/nguyen/ai/allreduce_simulate/SimGrid-3.19/src/smpi/colls/allreduce/allreduce-ntt-binominal-lr.cpp:161: [smpi_colls/WARNING] [NNNN] [59] Finish algorithm
[n58:58:(59) 0.053678] /home/nguyen/ai/allreduce_simulate/SimGrid-3.19/src/smpi/colls/allreduce/allreduce-ntt-binominal-lr.cpp:161: [smpi_colls/WARNING] [NNNN] [58] Finish algorithm
[n57:57:(58) 0.053678] /home/nguyen/ai/allreduce_simulate/SimGrid-3.19/src/smpi/colls/allreduce/allreduce-ntt-binominal-lr.cpp:161: [smpi_colls/WARNING] [NNNN] [57] Finish algorithm
[n56:56:(57) 0.053678] /home/nguyen/ai/allreduce_simulate/SimGrid-3.19/src/smpi/colls/allreduce/allreduce-ntt-binominal-lr.cpp:161: [smpi_colls/WARNING] [NNNN] [56] Finish algorithm
[n3:3:(4) 0.053680] /home/nguyen/ai/allreduce_simulate/SimGrid-3.19/src/smpi/colls/allreduce/allreduce-ntt-binominal-lr.cpp:161: [smpi_colls/WARNING] [NNNN] [3] Finish algorithm
[n2:2:(3) 0.053680] /home/nguyen/ai/allreduce_simulate/SimGrid-3.19/src/smpi/colls/allreduce/allreduce-ntt-binominal-lr.cpp:161: [smpi_colls/WARNING] [NNNN] [2] Finish algorithm
[n1:1:(2) 0.053680] /home/nguyen/ai/allreduce_simulate/SimGrid-3.19/src/smpi/colls/allreduce/allreduce-ntt-binominal-lr.cpp:161: [smpi_colls/WARNING] [NNNN] [1] Finish algorithm
[n0:0:(1) 0.053680] /home/nguyen/ai/allreduce_simulate/SimGrid-3.19/src/smpi/colls/allreduce/allreduce-ntt-binominal-lr.cpp:161: [smpi_colls/WARNING] [NNNN] [0] Finish algorithm
n0: 0/64,weight size: 134217728, iteration: 1
[n63:63:(64) 0.053680] /home/nguyen/ai/allreduce_simulate/SimGrid-3.19/src/smpi/colls/allreduce/allreduce-ntt-binominal-lr.cpp:161: [smpi_colls/WARNING] [NNNN] [63] Finish algorithm
[n62:62:(63) 0.053680] /home/nguyen/ai/allreduce_simulate/SimGrid-3.19/src/smpi/colls/allreduce/allreduce-ntt-binominal-lr.cpp:161: [smpi_colls/WARNING] [NNNN] [62] Finish algorithm
[n61:61:(62) 0.053680] /home/nguyen/ai/allreduce_simulate/SimGrid-3.19/src/smpi/colls/allreduce/allreduce-ntt-binominal-lr.cpp:161: [smpi_colls/WARNING] [NNNN] [61] Finish algorithm
[n60:60:(61) 0.053680] /home/nguyen/ai/allreduce_simulate/SimGrid-3.19/src/smpi/colls/allreduce/allreduce-ntt-binominal-lr.cpp:161: [smpi_colls/WARNING] [NNNN] [60] Finish algorithm
[0.053681] [smpi_kernel/INFO] Simulated time: 0.0536809 seconds. 

The simulation took 23.3813 seconds (after parsing and platform setup)
7.01539 seconds were actual computation of the application
Global sum in rank 0 - 0.0000000000e+00
Global sum in rank 0 - 6.4000000000e+01
Global sum in rank 0 - 1.2800000000e+02
Global sum in rank 0 - 1.9200000000e+02
Global sum in rank 0 - 2.5600000000e+02
Global sum in rank 0 - 3.2000000000e+02
Global sum in rank 0 - 3.8400000000e+02
Global sum in rank 0 - 4.4800000000e+02
Global sum in rank 0 - 5.1200000000e+02
Global sum in rank 0 - 5.7600000000e+02
Global sum in rank 0 - 6.4000000000e+02
Global sum in rank 0 - 7.0400000000e+02
Global sum in rank 0 - 7.6800000000e+02
Global sum in rank 0 - 8.3200000000e+02
Global sum in rank 0 - 8.9600000000e+02
Global sum in rank 0 - 9.6000000000e+02
Global sum in rank 0 - 1.0240000000e+03
Global sum in rank 0 - 1.0880000000e+03
Global sum in rank 0 - 1.1520000000e+03
Global sum in rank 0 - 1.2160000000e+03
Global sum in rank 0 - 1.2800000000e+03
Global sum in rank 0 - 1.3440000000e+03
Global sum in rank 0 - 1.4080000000e+03
Global sum in rank 0 - 1.4720000000e+03
Global sum in rank 0 - 1.5360000000e+03
Global sum in rank 0 - 1.6000000000e+03
Global sum in rank 0 - 1.6640000000e+03
Global sum in rank 0 - 1.7280000000e+03
Global sum in rank 0 - 1.7920000000e+03
Global sum in rank 0 - 1.8560000000e+03
Global sum in rank 0 - 1.9200000000e+03
Global sum in rank 0 - 1.9840000000e+03
Global sum in rank 0 - 2.0480000000e+03
Global sum in rank 0 - 2.1120000000e+03
Global sum in rank 0 - 2.1760000000e+03
Global sum in rank 0 - 2.2400000000e+03
Global sum in rank 0 - 2.3040000000e+03
Global sum in rank 0 - 2.3680000000e+03
Global sum in rank 0 - 2.4320000000e+03
Global sum in rank 0 - 2.4960000000e+03
Global sum in rank 0 - 2.5600000000e+03
Global sum in rank 0 - 2.6240000000e+03
Global sum in rank 0 - 2.6880000000e+03
Global sum in rank 0 - 2.7520000000e+03
Global sum in rank 0 - 2.8160000000e+03
Global sum in rank 0 - 2.8800000000e+03
Global sum in rank 0 - 2.9440000000e+03
Global sum in rank 0 - 3.0080000000e+03
Global sum in rank 0 - 3.0720000000e+03
Global sum in rank 0 - 3.1360000000e+03
Global sum in rank 0 - 3.2000000000e+03
Global sum in rank 0 - 3.2640000000e+03
Global sum in rank 0 - 3.3280000000e+03
Global sum in rank 0 - 3.3920000000e+03
Global sum in rank 0 - 3.4560000000e+03
Global sum in rank 0 - 3.5200000000e+03
Global sum in rank 0 - 3.5840000000e+03
Global sum in rank 0 - 3.6480000000e+03
Global sum in rank 0 - 3.7120000000e+03
Global sum in rank 0 - 3.7760000000e+03
Global sum in rank 0 - 3.8400000000e+03
Global sum in rank 0 - 3.9040000000e+03
Global sum in rank 0 - 3.9680000000e+03
Global sum in rank 0 - 4.0320000000e+03
Global sum in rank 0 - 4.0960000000e+03
Global sum in rank 0 - 4.1600000000e+03
Global sum in rank 0 - 4.2240000000e+03
Global sum in rank 0 - 4.2880000000e+03
Global sum in rank 0 - 4.3520000000e+03
Global sum in rank 0 - 4.4160000000e+03
Global sum in rank 0 - 4.4800000000e+03
Global sum in rank 0 - 4.5440000000e+03
Global sum in rank 0 - 4.6080000000e+03
Global sum in rank 0 - 4.6720000000e+03
Global sum in rank 0 - 4.7360000000e+03
Global sum in rank 0 - 4.8000000000e+03
Global sum in rank 0 - 4.8640000000e+03
Global sum in rank 0 - 4.9280000000e+03
Global sum in rank 0 - 4.9920000000e+03
Global sum in rank 0 - 5.0560000000e+03
Global sum in rank 0 - 5.1200000000e+03
Global sum in rank 0 - 5.1840000000e+03
Global sum in rank 0 - 5.2480000000e+03
Global sum in rank 0 - 5.3120000000e+03
Global sum in rank 0 - 5.3760000000e+03
Global sum in rank 0 - 5.4400000000e+03
Global sum in rank 0 - 5.5040000000e+03
Global sum in rank 0 - 5.5680000000e+03
Global sum in rank 0 - 5.6320000000e+03
Global sum in rank 0 - 5.6960000000e+03
Global sum in rank 0 - 5.7600000000e+03
Global sum in rank 0 - 5.8240000000e+03
Global sum in rank 0 - 5.8880000000e+03
Global sum in rank 0 - 5.9520000000e+03
Global sum in rank 0 - 6.0160000000e+03
Global sum in rank 0 - 6.0800000000e+03
Global sum in rank 0 - 6.1440000000e+03
Global sum in rank 0 - 6.2080000000e+03
Global sum in rank 0 - 6.2720000000e+03
Global sum in rank 0 - 6.3360000000e+03
